#
# There is insufficient memory for the Java Runtime Environment to continue.
# Native memory allocation (malloc) failed to allocate 32744 bytes for ChunkPool::allocate
# Possible reasons:
#   The system is out of physical RAM or swap space
#   In 32 bit mode, the process size limit was hit
# Possible solutions:
#   Reduce memory load on the system
#   Increase physical memory or swap space
#   Check if swap backing store is full
#   Use 64 bit Java on a 64 bit OS
#   Decrease Java heap size (-Xmx/-Xms)
#   Decrease number of Java threads
#   Decrease Java thread stack sizes (-Xss)
#   Set larger code cache with -XX:ReservedCodeCacheSize=
# This output file may be truncated or incomplete.
#
#  Out of Memory Error (allocation.cpp:273), pid=10900, tid=0x0000000000002970
#
# JRE version: Java(TM) SE Runtime Environment (8.0_131-b11) (build 1.8.0_131-b11)
# Java VM: Java HotSpot(TM) 64-Bit Server VM (25.131-b11 mixed mode windows-amd64 compressed oops)
# Failed to write core dump. Minidumps are not enabled by default on client versions of Windows
#

---------------  T H R E A D  ---------------

Current thread (0x0000000017678000):  JavaThread "C1 CompilerThread2" daemon [_thread_in_native, id=10608, stack(0x0000000018ec0000,0x0000000018fc0000)]

Stack: [0x0000000018ec0000,0x0000000018fc0000]
[error occurred during error reporting (printing stack bounds), id 0xc0000005]

Native frames: (J=compiled Java code, j=interpreted, Vv=VM code, C=native code)


Current CompileTask:
C1:1610264 1318       3       org.gradle.internal.logging.sink.ProgressLogEventGenerator$Operation::completeHeader (154 bytes)


---------------  P R O C E S S  ---------------

Java Threads: ( => current thread )
  0x000000001aa63000 JavaThread "forward input" [_thread_blocked, id=13824, stack(0x000000001c6a0000,0x000000001c7a0000)]
  0x000000001aa62800 JavaThread "DisconnectableInputStream source reader" daemon [_thread_in_native, id=7948, stack(0x000000001c5a0000,0x000000001c6a0000)]
  0x00000000176cc800 JavaThread "Service Thread" daemon [_thread_blocked, id=3980, stack(0x00000000193c0000,0x00000000194c0000)]
=>0x0000000017678000 JavaThread "C1 CompilerThread2" daemon [_thread_in_native, id=10608, stack(0x0000000018ec0000,0x0000000018fc0000)]
  0x0000000017673800 JavaThread "C2 CompilerThread1" daemon [_thread_in_vm, id=11656, stack(0x0000000018dc0000,0x0000000018ec0000)]
  0x000000001766f800 JavaThread "C2 CompilerThread0" daemon [_thread_blocked, id=3936, stack(0x0000000018cc0000,0x0000000018dc0000)]
  0x000000001766d000 JavaThread "Attach Listener" daemon [_thread_blocked, id=8336, stack(0x0000000018bc0000,0x0000000018cc0000)]
  0x000000001766c000 JavaThread "Signal Dispatcher" daemon [_thread_blocked, id=8964, stack(0x0000000018ac0000,0x0000000018bc0000)]
  0x0000000002b9c000 JavaThread "Finalizer" daemon [_thread_blocked, id=7428, stack(0x00000000188e0000,0x00000000189e0000)]
  0x0000000017639000 JavaThread "Reference Handler" daemon [_thread_blocked, id=13344, stack(0x00000000187e0000,0x00000000188e0000)]
  0x00000000028de000 JavaThread "main" [_thread_in_native, id=14324, stack(0x00000000029a0000,0x0000000002aa0000)]

Other Threads:
  0x0000000017638000 VMThread [stack: 0x00000000186e0000,0x00000000187e0000] [id=10288]
  0x0000000018ffd800 WatcherThread [stack: 0x00000000194c0000,0x00000000195c0000] [id=8168]

VM state:not at safepoint (normal execution)

VM Mutex/Monitor currently owned by a thread: None

Heap:
 PSYoungGen      total 37888K, used 29037K [0x00000000d6100000, 0x00000000d8b00000, 0x0000000100000000)
  eden space 32768K, 73% used [0x00000000d6100000,0x00000000d785db50,0x00000000d8100000)
  from space 5120K, 99% used [0x00000000d8100000,0x00000000d85fdc60,0x00000000d8600000)
  to   space 5120K, 0% used [0x00000000d8600000,0x00000000d8600000,0x00000000d8b00000)
 ParOldGen       total 86016K, used 126K [0x0000000082200000, 0x0000000087600000, 0x00000000d6100000)
  object space 86016K, 0% used [0x0000000082200000,0x000000008221fa60,0x0000000087600000)
 Metaspace       used 12346K, capacity 12644K, committed 12928K, reserved 1060864K
  class space    used 1682K, capacity 1794K, committed 1920K, reserved 1048576K

Card table byte_map: [0x0000000011f60000,0x0000000012350000] byte_map_base: 0x0000000011b4f000

Marking Bits: (ParMarkBitMap*) 0x0000000063a3c720
 Begin Bits: [0x00000000129f0000, 0x0000000014968000)
 End Bits:   [0x0000000014968000, 0x00000000168e0000)

Polling page: 0x00000000028b0000

CodeCache: size=245760Kb used=4578Kb max_used=4591Kb free=241181Kb
 bounds [0x0000000002ba0000, 0x0000000003020000, 0x0000000011ba0000]
 total_blobs=1678 nmethods=1317 adapters=275
 compilation: enabled

Compilation events (10 events):
Event: 1593.679 Thread 0x0000000017678000 nmethod 1315 0x00000000030186d0 code [0x0000000003018820, 0x0000000003018970]
Event: 1593.679 Thread 0x0000000017678000 1314       3       org.gradle.internal.logging.text.AbstractLineChoppingStyledTextOutput$StateContext::flushEndLine (9 bytes)
Event: 1593.679 Thread 0x0000000017678000 nmethod 1314 0x0000000003018a10 code [0x0000000003018b80, 0x0000000003018da8]
Event: 1593.679 Thread 0x0000000017678000 1316       3       org.gradle.internal.logging.text.AbstractLineChoppingStyledTextOutput$StateContext::reset (14 bytes)
Event: 1593.679 Thread 0x0000000017678000 nmethod 1316 0x0000000003018e90 code [0x0000000003018fe0, 0x0000000003019130]
Event: 1593.679 Thread 0x0000000017678000 1317       3       org.gradle.internal.logging.text.AbstractLineChoppingStyledTextOutput::access$700 (4 bytes)
Event: 1593.679 Thread 0x0000000017678000 nmethod 1317 0x00000000030191d0 code [0x0000000003019320, 0x0000000003019450]
Event: 1593.684 Thread 0x000000001766f800 nmethod 1294 0x000000000301cb10 code [0x000000000301cca0, 0x000000000301d6d8]
Event: 1593.686 Thread 0x0000000017673800 nmethod 1312 0x000000000301e010 code [0x000000000301e180, 0x000000000301e7f8]
Event: 1609.806 Thread 0x0000000017678000 1318       3       org.gradle.internal.logging.sink.ProgressLogEventGenerator$Operation::completeHeader (154 bytes)

GC Heap History (2 events):
Event: 1.198 GC heap before
{Heap before GC invocations=1 (full 0):
 PSYoungGen      total 37888K, used 32768K [0x00000000d6100000, 0x00000000d8b00000, 0x0000000100000000)
  eden space 32768K, 100% used [0x00000000d6100000,0x00000000d8100000,0x00000000d8100000)
  from space 5120K, 0% used [0x00000000d8600000,0x00000000d8600000,0x00000000d8b00000)
  to   space 5120K, 0% used [0x00000000d8100000,0x00000000d8100000,0x00000000d8600000)
 ParOldGen       total 86016K, used 0K [0x0000000082200000, 0x0000000087600000, 0x00000000d6100000)
  object space 86016K, 0% used [0x0000000082200000,0x0000000082200000,0x0000000087600000)
 Metaspace       used 8889K, capacity 9088K, committed 9344K, reserved 1056768K
  class space    used 1197K, capacity 1284K, committed 1408K, reserved 1048576K
Event: 1.206 GC heap after
Heap after GC invocations=1 (full 0):
 PSYoungGen      total 37888K, used 5111K [0x00000000d6100000, 0x00000000d8b00000, 0x0000000100000000)
  eden space 32768K, 0% used [0x00000000d6100000,0x00000000d6100000,0x00000000d8100000)
  from space 5120K, 99% used [0x00000000d8100000,0x00000000d85fdc60,0x00000000d8600000)
  to   space 5120K, 0% used [0x00000000d8600000,0x00000000d8600000,0x00000000d8b00000)
 ParOldGen       total 86016K, used 126K [0x0000000082200000, 0x0000000087600000, 0x00000000d6100000)
  object space 86016K, 0% used [0x0000000082200000,0x000000008221fa60,0x0000000087600000)
 Metaspace       used 8889K, capacity 9088K, committed 9344K, reserved 1056768K
  class space    used 1197K, capacity 1284K, committed 1408K, reserved 1048576K
}

Deoptimization events (2 events):
Event: 1.606 Thread 0x00000000028de000 Uncommon trap: reason=unstable_if action=reinterpret pc=0x0000000002dc5cd0 method=java.util.HashMap.getNode(ILjava/lang/Object;)Ljava/util/HashMap$Node; @ 129
Event: 1.606 Thread 0x00000000028de000 Uncommon trap: reason=class_check action=maybe_recompile pc=0x0000000002e52d58 method=java.util.HashMap.putVal(ILjava/lang/Object;Ljava/lang/Object;ZZ)Ljava/lang/Object; @ 203

Internal exceptions (10 events):
Event: 1.807 Thread 0x00000000028de000 Exception <a 'java/lang/NoSuchMethodError': <clinit>> (0x00000000d7417490) thrown at [C:\re\workspace\8-2-build-windows-amd64-cygwin\jdk8u131\8869\hotspot\src\share\vm\prims\jni.cpp, line 1613]
Event: 1.808 Thread 0x00000000028de000 Exception <a 'java/lang/NoSuchMethodError': <clinit>> (0x00000000d741ea78) thrown at [C:\re\workspace\8-2-build-windows-amd64-cygwin\jdk8u131\8869\hotspot\src\share\vm\prims\jni.cpp, line 1613]
Event: 1.815 Thread 0x00000000028de000 Exception <a 'java/lang/NoSuchMethodError': <clinit>> (0x00000000d747e328) thrown at [C:\re\workspace\8-2-build-windows-amd64-cygwin\jdk8u131\8869\hotspot\src\share\vm\prims\jni.cpp, line 1613]
Event: 1.816 Thread 0x00000000028de000 Exception <a 'java/lang/NoSuchMethodError': <clinit>> (0x00000000d7489ac8) thrown at [C:\re\workspace\8-2-build-windows-amd64-cygwin\jdk8u131\8869\hotspot\src\share\vm\prims\jni.cpp, line 1613]
Event: 1.818 Thread 0x00000000028de000 Exception <a 'java/lang/NoSuchMethodError': <clinit>> (0x00000000d749dc38) thrown at [C:\re\workspace\8-2-build-windows-amd64-cygwin\jdk8u131\8869\hotspot\src\share\vm\prims\jni.cpp, line 1613]
Event: 1.819 Thread 0x00000000028de000 Exception <a 'java/lang/NoSuchMethodError': <clinit>> (0x00000000d74a6428) thrown at [C:\re\workspace\8-2-build-windows-amd64-cygwin\jdk8u131\8869\hotspot\src\share\vm\prims\jni.cpp, line 1613]
Event: 1.820 Thread 0x00000000028de000 Exception <a 'java/lang/NoSuchMethodError': <clinit>> (0x00000000d74b3208) thrown at [C:\re\workspace\8-2-build-windows-amd64-cygwin\jdk8u131\8869\hotspot\src\share\vm\prims\jni.cpp, line 1613]
Event: 1.824 Thread 0x00000000028de000 Exception <a 'java/lang/NoSuchMethodError': <clinit>> (0x00000000d74cc780) thrown at [C:\re\workspace\8-2-build-windows-amd64-cygwin\jdk8u131\8869\hotspot\src\share\vm\prims\jni.cpp, line 1613]
Event: 1.839 Thread 0x00000000028de000 Exception <a 'java/lang/NoSuchMethodError': <clinit>> (0x00000000d74ed1d8) thrown at [C:\re\workspace\8-2-build-windows-amd64-cygwin\jdk8u131\8869\hotspot\src\share\vm\prims\jni.cpp, line 1613]
Event: 1.843 Thread 0x00000000028de000 Exception <a 'java/lang/NoSuchMethodError': <clinit>> (0x00000000d74f6f88) thrown at [C:\re\workspace\8-2-build-windows-amd64-cygwin\jdk8u131\8869\hotspot\src\share\vm\prims\jni.cpp, line 1613]

Events (10 events):
Event: 7.345 loading class org/gradle/internal/serialize/CausePlaceholder
Event: 7.345 loading class org/gradle/internal/serialize/CausePlaceholder done
Event: 7.348 loading class java/util/stream/Stream
Event: 7.349 loading class java/util/stream/BaseStream
Event: 7.349 loading class java/util/stream/BaseStream done
Event: 7.349 loading class java/util/stream/Stream done
Event: 7.352 loading class java/lang/Throwable$WrappedPrintWriter
Event: 7.352 loading class java/lang/Throwable$WrappedPrintWriter done
Event: 7.352 loading class java/util/IdentityHashMap$KeySet
Event: 7.352 loading class java/util/IdentityHashMap$KeySet done


Dynamic libraries:
0x00007ff64d0b0000 - 0x00007ff64d0e7000 	C:\ProgramData\Oracle\Java\javapath\java.exe
0x00007ffd34590000 - 0x00007ffd34752000 	C:\Windows\SYSTEM32\ntdll.dll
0x00007ffd32950000 - 0x00007ffd329fd000 	C:\Windows\system32\KERNEL32.DLL
0x00007ffd31650000 - 0x00007ffd3182d000 	C:\Windows\system32\KERNELBASE.dll
0x00007ffd32150000 - 0x00007ffd321f6000 	C:\Windows\system32\ADVAPI32.dll
0x00007ffd31fa0000 - 0x00007ffd3203d000 	C:\Windows\system32\msvcrt.dll
0x00007ffd320a0000 - 0x00007ffd320fb000 	C:\Windows\system32\sechost.dll
0x00007ffd323b0000 - 0x00007ffd324d6000 	C:\Windows\system32\RPCRT4.dll
0x00007ffd34240000 - 0x00007ffd3438e000 	C:\Windows\system32\USER32.dll
0x00007ffd34400000 - 0x00007ffd34586000 	C:\Windows\system32\GDI32.dll
0x00007ffd1cfb0000 - 0x00007ffd1d224000 	C:\Windows\WinSxS\amd64_microsoft.windows.common-controls_6595b64144ccf1df_6.0.10240.16384_none_f41f7b285750ef43\COMCTL32.dll
0x00007ffd32100000 - 0x00007ffd32136000 	C:\Windows\system32\IMM32.DLL
0x00007ffd34020000 - 0x00007ffd3417c000 	C:\Windows\system32\MSCTF.dll
0x0000000063ac0000 - 0x0000000063b92000 	C:\Program Files\Java\jre1.8.0_131\bin\msvcr100.dll
0x0000000063220000 - 0x0000000063abc000 	C:\Program Files\Java\jre1.8.0_131\bin\server\jvm.dll
0x00007ffd31cf0000 - 0x00007ffd31cf8000 	C:\Windows\system32\PSAPI.DLL
0x00007ffd2ddc0000 - 0x00007ffd2ddca000 	C:\Windows\SYSTEM32\VERSION.dll
0x00007ffd2ae60000 - 0x00007ffd2ae69000 	C:\Windows\SYSTEM32\WSOCK32.dll
0x00007ffd2f560000 - 0x00007ffd2f583000 	C:\Windows\SYSTEM32\WINMM.dll
0x00007ffd328e0000 - 0x00007ffd32949000 	C:\Windows\system32\WS2_32.dll
0x00007ffd2f410000 - 0x00007ffd2f43c000 	C:\Windows\SYSTEM32\WINMMBASE.dll
0x00007ffd32140000 - 0x00007ffd32148000 	C:\Windows\system32\NSI.dll
0x00007ffd31830000 - 0x00007ffd31874000 	C:\Windows\system32\cfgmgr32.dll
0x00007ffd2f8f0000 - 0x00007ffd2f917000 	C:\Windows\SYSTEM32\DEVOBJ.dll
0x0000000063d50000 - 0x0000000063d5f000 	C:\Program Files\Java\jre1.8.0_131\bin\verify.dll
0x00000000631f0000 - 0x0000000063219000 	C:\Program Files\Java\jre1.8.0_131\bin\java.dll
0x00000000631d0000 - 0x00000000631e6000 	C:\Program Files\Java\jre1.8.0_131\bin\zip.dll
0x00007ffd32a00000 - 0x00007ffd33f68000 	C:\Windows\system32\SHELL32.dll
0x00007ffd31020000 - 0x00007ffd31648000 	C:\Windows\system32\windows.storage.dll
0x00007ffd31d00000 - 0x00007ffd31f7c000 	C:\Windows\system32\combase.dll
0x00007ffd31c90000 - 0x00007ffd31ce1000 	C:\Windows\system32\shlwapi.dll
0x00007ffd30ff0000 - 0x00007ffd30fff000 	C:\Windows\system32\kernel.appcore.dll
0x00007ffd31880000 - 0x00007ffd31933000 	C:\Windows\system32\shcore.dll
0x00007ffd30fa0000 - 0x00007ffd30fea000 	C:\Windows\system32\powrprof.dll
0x00007ffd31000000 - 0x00007ffd31013000 	C:\Windows\system32\profapi.dll
0x00007ffd34180000 - 0x00007ffd3423e000 	C:\Windows\system32\OLEAUT32.dll
0x00000000631b0000 - 0x00000000631ca000 	C:\Program Files\Java\jre1.8.0_131\bin\net.dll
0x00007ffd307f0000 - 0x00007ffd3084d000 	C:\Windows\system32\mswsock.dll
0x0000000063190000 - 0x00000000631a1000 	C:\Program Files\Java\jre1.8.0_131\bin\nio.dll
0x00007ffd287b0000 - 0x00007ffd287ce000 	C:\Users\Roshanak\.gradle\native\25\windows-amd64\native-platform.dll
0x00007ffd30850000 - 0x00007ffd30867000 	C:\Windows\SYSTEM32\CRYPTSP.dll
0x00007ffd30ac0000 - 0x00007ffd30ae8000 	C:\Windows\SYSTEM32\bcrypt.dll
0x00007ffd304a0000 - 0x00007ffd304d3000 	C:\Windows\system32\rsaenh.dll
0x00007ffd30590000 - 0x00007ffd305af000 	C:\Windows\SYSTEM32\USERENV.dll
0x00007ffd30dd0000 - 0x00007ffd30e3b000 	C:\Windows\system32\bcryptprimitives.dll
0x00007ffd309c0000 - 0x00007ffd309cb000 	C:\Windows\SYSTEM32\CRYPTBASE.dll
0x00007ffd2e030000 - 0x00007ffd2e068000 	C:\Windows\SYSTEM32\IPHLPAPI.DLL
0x00007ffd2dea0000 - 0x00007ffd2deab000 	C:\Windows\SYSTEM32\WINNSI.DLL
0x00007ffd28fe0000 - 0x00007ffd28ff6000 	C:\Windows\SYSTEM32\dhcpcsvc6.DLL
0x00007ffd28fc0000 - 0x00007ffd28fda000 	C:\Windows\SYSTEM32\dhcpcsvc.DLL
0x0000000063d40000 - 0x0000000063d4d000 	C:\Program Files\Java\jre1.8.0_131\bin\management.dll

VM Arguments:
jvm_args: -Dorg.gradle.appname=gradle 
java_command: org.gradle.launcher.GradleMain appRun
java_class_path (initial): C:/gradle/gradle-4.0.2/lib/gradle-launcher-4.0.2.jar
Launcher Type: SUN_STANDARD

Environment Variables:
PATH=C:\Users\Roshanak\bin;C:\Program Files\Git\mingw64\bin;C:\Program Files\Git\usr\local\bin;C:\Program Files\Git\usr\bin;C:\Program Files\Git\usr\bin;C:\Program Files\Git\mingw64\bin;C:\Program Files\Git\usr\bin;C:\Users\Roshanak\bin;C:\ProgramData\Oracle\Java\javapath;C:\WINDOWS\system32;C:\Program Files (x86)\Skype\Phone;C:\Program Files\PuTTY;C:\Program Files\Git\cmd;C:\Program Files\Java\jdk1.8.0_131\bin;C:\gradle\gradle-4.0.2\bin;C:\Program Files\Java\jdk1.8.0_121\bin;C:\Program Files (x86)\Microsoft VS Code\bin;C:\Program Files\Git\usr\bin\vendor_perl;C:\Program Files\Git\usr\bin\core_perl
USERNAME=Roshanak
SHELL=C:\Program Files\Git\usr\bin\bash.exe
DISPLAY=needs-to-be-defined
OS=Windows_NT
PROCESSOR_IDENTIFIER=Intel64 Family 6 Model 37 Stepping 5, GenuineIntel



---------------  S Y S T E M  ---------------

OS: Windows 10.0 , 64 bit Build 10240 (10.0.10240.16384)

CPU:total 4 (initial active 4) (2 cores per cpu, 2 threads per core) family 6 model 37 stepping 5, cmov, cx8, fxsr, mmx, sse, sse2, sse3, ssse3, sse4.1, sse4.2, popcnt, ht, tsc, tscinvbit

Memory: 4k page, physical 8248196k(2179580k free), swap 8248196k(3060k free)

vm_info: Java HotSpot(TM) 64-Bit Server VM (25.131-b11) for windows-amd64 JRE (1.8.0_131-b11), built on Mar 15 2017 01:23:53 by "java_re" with MS VC++ 10.0 (VS2010)

time: Sat Aug 12 01:24:44 2017
elapsed time: 1609 seconds (0d 0h 26m 49s)

