#
# There is insufficient memory for the Java Runtime Environment to continue.
# Native memory allocation (malloc) failed to allocate 318416 bytes for Chunk::new
# Possible reasons:
#   The system is out of physical RAM or swap space
#   In 32 bit mode, the process size limit was hit
# Possible solutions:
#   Reduce memory load on the system
#   Increase physical memory or swap space
#   Check if swap backing store is full
#   Use 64 bit Java on a 64 bit OS
#   Decrease Java heap size (-Xmx/-Xms)
#   Decrease number of Java threads
#   Decrease Java thread stack sizes (-Xss)
#   Set larger code cache with -XX:ReservedCodeCacheSize=
# This output file may be truncated or incomplete.
#
#  Out of Memory Error (allocation.cpp:390), pid=10716, tid=0x00000000000031e4
#
# JRE version: Java(TM) SE Runtime Environment (8.0_131-b11) (build 1.8.0_131-b11)
# Java VM: Java HotSpot(TM) 64-Bit Server VM (25.131-b11 mixed mode windows-amd64 compressed oops)
# Failed to write core dump. Minidumps are not enabled by default on client versions of Windows
#

---------------  T H R E A D  ---------------

Current thread (0x0000000015493000):  JavaThread "C2 CompilerThread1" daemon [_thread_in_native, id=12772, stack(0x0000000016af0000,0x0000000016bf0000)]

Stack: [0x0000000016af0000,0x0000000016bf0000]
[error occurred during error reporting (printing stack bounds), id 0xc0000005]

Native frames: (J=compiled Java code, j=interpreted, Vv=VM code, C=native code)


Current CompileTask:
C2:  13365 3737       4       com.sun.beans.TypeResolver::resolve (37 bytes)


---------------  P R O C E S S  ---------------

Java Threads: ( => current thread )
  0x000000001c9d3000 JavaThread "build operations Thread 4" [_thread_blocked, id=616, stack(0x0000000020940000,0x0000000020a40000)]
  0x000000001c9d2000 JavaThread "build operations Thread 3" [_thread_blocked, id=13556, stack(0x0000000020840000,0x0000000020940000)]
  0x000000001c9d4800 JavaThread "build operations Thread 2" [_thread_blocked, id=6184, stack(0x0000000020740000,0x0000000020840000)]
  0x000000001c9d1800 JavaThread "build operations" [_thread_blocked, id=9104, stack(0x0000000020640000,0x0000000020740000)]
  0x00000000186c8800 JavaThread "Keep-Alive-Timer" daemon [_thread_blocked, id=13232, stack(0x000000001da20000,0x000000001db20000)]
  0x00000000186c4800 JavaThread "Cache worker for Artifact transforms cache (C:\Users\Roshanak\.gradle\caches\transforms-1)" [_thread_blocked, id=13112, stack(0x000000001c4b0000,0x000000001c5b0000)]
  0x00000000186c7800 JavaThread "Memory manager" [_thread_blocked, id=1872, stack(0x000000001c2b0000,0x000000001c3b0000)]
  0x00000000186c3000 JavaThread "Cache worker for file hash cache (C:\Users\Roshanak\Downloads\java-tomcat-gradle-starter-master\.gradle\4.0.2\fileHashes)" [_thread_blocked, id=8596, stack(0x000000001afe0000,0x000000001b0e0000)]
  0x00000000186c7000 JavaThread "File lock request listener" [_thread_in_native, id=9980, stack(0x000000001ace0000,0x000000001ade0000)]
  0x00000000186c4000 JavaThread "Cache worker for file hash cache (C:\Users\Roshanak\.gradle\caches\4.0.2\fileHashes)" [_thread_blocked, id=10296, stack(0x000000001abe0000,0x000000001ace0000)]
  0x00000000183c2800 JavaThread "Stdin handler" [_thread_blocked, id=9636, stack(0x000000001aae0000,0x000000001abe0000)]
  0x00000000183e6000 JavaThread "Asynchronous log dispatcher for DefaultDaemonConnection: socket connection from /127.0.0.1:54201 to /127.0.0.1:54202" [_thread_blocked, id=13932, stack(0x000000001a9e0000,0x000000001aae0000)]
  0x00000000183e1000 JavaThread "Daemon worker" [_thread_in_Java, id=12268, stack(0x000000001a8e0000,0x000000001a9e0000)]
  0x0000000017f09000 JavaThread "Cancel handler" [_thread_blocked, id=12336, stack(0x000000001a7e0000,0x000000001a8e0000)]
  0x000000001789c000 JavaThread "Handler for socket connection from /127.0.0.1:54201 to /127.0.0.1:54202" [_thread_in_native, id=13640, stack(0x000000001a4e0000,0x000000001a5e0000)]
  0x000000001789b000 JavaThread "Daemon" [_thread_blocked, id=5676, stack(0x000000001a3e0000,0x000000001a4e0000)]
  0x0000000018454000 JavaThread "Daemon periodic checks" [_thread_blocked, id=12044, stack(0x000000001a2e0000,0x000000001a3e0000)]
  0x00000000180ff000 JavaThread "Incoming local TCP Connector on port 54201" [_thread_in_native, id=11680, stack(0x000000001a100000,0x000000001a200000)]
  0x0000000018184000 JavaThread "Daemon health stats" [_thread_blocked, id=13016, stack(0x0000000018ac0000,0x0000000018bc0000)]
  0x0000000016d28800 JavaThread "Service Thread" daemon [_thread_blocked, id=6956, stack(0x00000000170f0000,0x00000000171f0000)]
  0x0000000015497800 JavaThread "C1 CompilerThread2" daemon [_thread_blocked, id=12380, stack(0x0000000016bf0000,0x0000000016cf0000)]
=>0x0000000015493000 JavaThread "C2 CompilerThread1" daemon [_thread_in_native, id=12772, stack(0x0000000016af0000,0x0000000016bf0000)]
  0x0000000015491000 JavaThread "C2 CompilerThread0" daemon [_thread_in_native, id=13320, stack(0x00000000169f0000,0x0000000016af0000)]
  0x000000001548d800 JavaThread "Attach Listener" daemon [_thread_blocked, id=4764, stack(0x00000000168f0000,0x00000000169f0000)]
  0x000000001548c800 JavaThread "Signal Dispatcher" daemon [_thread_blocked, id=12820, stack(0x00000000167f0000,0x00000000168f0000)]
  0x0000000002dbc800 JavaThread "Finalizer" daemon [_thread_blocked, id=13884, stack(0x00000000166f0000,0x00000000167f0000)]
  0x0000000002db2000 JavaThread "Reference Handler" daemon [_thread_blocked, id=7272, stack(0x00000000165f0000,0x00000000166f0000)]
  0x0000000002cc2800 JavaThread "main" [_thread_blocked, id=7460, stack(0x0000000002ac0000,0x0000000002bc0000)]

Other Threads:
  0x0000000015458000 VMThread [stack: 0x00000000164f0000,0x00000000165f0000] [id=8020]
  0x0000000016d2f800 WatcherThread [stack: 0x00000000171f0000,0x00000000172f0000] [id=13968]

VM state:not at safepoint (normal execution)

VM Mutex/Monitor currently owned by a thread: None

Heap:
 PSYoungGen      total 108032K, used 23392K [0x00000000eab00000, 0x00000000f2380000, 0x0000000100000000)
  eden space 97280K, 13% used [0x00000000eab00000,0x00000000eb79ab78,0x00000000f0a00000)
  from space 10752K, 97% used [0x00000000f1900000,0x00000000f233d530,0x00000000f2380000)
  to   space 12800K, 0% used [0x00000000f0a80000,0x00000000f0a80000,0x00000000f1700000)
 ParOldGen       total 95232K, used 14979K [0x00000000c0000000, 0x00000000c5d00000, 0x00000000eab00000)
  object space 95232K, 15% used [0x00000000c0000000,0x00000000c0ea0c60,0x00000000c5d00000)
 Metaspace       used 38861K, capacity 39580K, committed 39856K, reserved 1083392K
  class space    used 5442K, capacity 5716K, committed 5808K, reserved 1048576K

Card table byte_map: [0x0000000012180000,0x0000000012390000] byte_map_base: 0x0000000011b80000

Marking Bits: (ParMarkBitMap*) 0x000000006239c720
 Begin Bits: [0x00000000128f0000, 0x00000000138f0000)
 End Bits:   [0x00000000138f0000, 0x00000000148f0000)

Polling page: 0x0000000000e20000

CodeCache: size=245760Kb used=12605Kb max_used=12605Kb free=233154Kb
 bounds [0x0000000002dc0000, 0x0000000003a20000, 0x0000000011dc0000]
 total_blobs=4216 nmethods=3497 adapters=632
 compilation: enabled

Compilation events (10 events):
Event: 13.331 Thread 0x0000000015497800 3947       3       org.codehaus.groovy.reflection.CachedClass::getHierarchy (11 bytes)
Event: 13.331 Thread 0x0000000015497800 nmethod 3947 0x0000000003a19910 code [0x0000000003a19a80, 0x0000000003a19d88]
Event: 13.332 Thread 0x0000000015497800 3948       3       org.codehaus.groovy.reflection.ParameterTypes::coerceArgumentsToClasses (55 bytes)
Event: 13.333 Thread 0x0000000015497800 nmethod 3948 0x0000000003a19e50 code [0x0000000003a19fe0, 0x0000000003a1a538]
Event: 13.336 Thread 0x0000000015497800 3949       3       java.lang.Class::getDeclaredConstructors (18 bytes)
Event: 13.337 Thread 0x0000000015497800 nmethod 3949 0x0000000003a1a790 code [0x0000000003a1a920, 0x0000000003a1ab58]
Event: 13.351 Thread 0x0000000015497800 3950   !   3       java.beans.WeakIdentityMap::get (278 bytes)
Event: 13.353 Thread 0x0000000015497800 nmethod 3950 0x0000000003a1ac50 code [0x0000000003a1aee0, 0x0000000003a1c298]
Event: 13.359 Thread 0x0000000015497800 3951       3       sun.reflect.generics.tree.VoidDescriptor::make (4 bytes)
Event: 13.359 Thread 0x0000000015497800 nmethod 3951 0x0000000003a1cf90 code [0x0000000003a1d0e0, 0x0000000003a1d210]

GC Heap History (10 events):
Event: 8.666 GC heap before
{Heap before GC invocations=8 (full 1):
 PSYoungGen      total 59904K, used 54008K [0x00000000eab00000, 0x00000000ef100000, 0x0000000100000000)
  eden space 50176K, 100% used [0x00000000eab00000,0x00000000edc00000,0x00000000edc00000)
  from space 9728K, 39% used [0x00000000ee780000,0x00000000eeb3e158,0x00000000ef100000)
  to   space 10752K, 0% used [0x00000000edc00000,0x00000000edc00000,0x00000000ee680000)
 ParOldGen       total 64000K, used 8303K [0x00000000c0000000, 0x00000000c3e80000, 0x00000000eab00000)
  object space 64000K, 12% used [0x00000000c0000000,0x00000000c081bce0,0x00000000c3e80000)
 Metaspace       used 29670K, capacity 30062K, committed 30256K, reserved 1075200K
  class space    used 4194K, capacity 4318K, committed 4400K, reserved 1048576K
Event: 8.684 GC heap after
Heap after GC invocations=8 (full 1):
 PSYoungGen      total 60928K, used 5210K [0x00000000eab00000, 0x00000000f0980000, 0x0000000100000000)
  eden space 50176K, 0% used [0x00000000eab00000,0x00000000eab00000,0x00000000edc00000)
  from space 10752K, 48% used [0x00000000edc00000,0x00000000ee116a28,0x00000000ee680000)
  to   space 10240K, 0% used [0x00000000eff80000,0x00000000eff80000,0x00000000f0980000)
 ParOldGen       total 64000K, used 8303K [0x00000000c0000000, 0x00000000c3e80000, 0x00000000eab00000)
  object space 64000K, 12% used [0x00000000c0000000,0x00000000c081bce0,0x00000000c3e80000)
 Metaspace       used 29670K, capacity 30062K, committed 30256K, reserved 1075200K
  class space    used 4194K, capacity 4318K, committed 4400K, reserved 1048576K
}
Event: 10.184 GC heap before
{Heap before GC invocations=9 (full 1):
 PSYoungGen      total 60928K, used 55386K [0x00000000eab00000, 0x00000000f0980000, 0x0000000100000000)
  eden space 50176K, 100% used [0x00000000eab00000,0x00000000edc00000,0x00000000edc00000)
  from space 10752K, 48% used [0x00000000edc00000,0x00000000ee116a28,0x00000000ee680000)
  to   space 10240K, 0% used [0x00000000eff80000,0x00000000eff80000,0x00000000f0980000)
 ParOldGen       total 64000K, used 8303K [0x00000000c0000000, 0x00000000c3e80000, 0x00000000eab00000)
  object space 64000K, 12% used [0x00000000c0000000,0x00000000c081bce0,0x00000000c3e80000)
 Metaspace       used 34310K, capacity 34740K, committed 34992K, reserved 1079296K
  class space    used 4821K, capacity 4992K, committed 5040K, reserved 1048576K
Event: 10.201 GC heap after
Heap after GC invocations=9 (full 1):
 PSYoungGen      total 84992K, used 10221K [0x00000000eab00000, 0x00000000f0c00000, 0x0000000100000000)
  eden space 74752K, 0% used [0x00000000eab00000,0x00000000eab00000,0x00000000ef400000)
  from space 10240K, 99% used [0x00000000eff80000,0x00000000f097b750,0x00000000f0980000)
  to   space 11776K, 0% used [0x00000000ef400000,0x00000000ef400000,0x00000000eff80000)
 ParOldGen       total 64000K, used 8392K [0x00000000c0000000, 0x00000000c3e80000, 0x00000000eab00000)
  object space 64000K, 13% used [0x00000000c0000000,0x00000000c08321d0,0x00000000c3e80000)
 Metaspace       used 34310K, capacity 34740K, committed 34992K, reserved 1079296K
  class space    used 4821K, capacity 4992K, committed 5040K, reserved 1048576K
}
Event: 10.640 GC heap before
{Heap before GC invocations=10 (full 1):
 PSYoungGen      total 84992K, used 20137K [0x00000000eab00000, 0x00000000f0c00000, 0x0000000100000000)
  eden space 74752K, 13% used [0x00000000eab00000,0x00000000eb4aef50,0x00000000ef400000)
  from space 10240K, 99% used [0x00000000eff80000,0x00000000f097b750,0x00000000f0980000)
  to   space 11776K, 0% used [0x00000000ef400000,0x00000000ef400000,0x00000000eff80000)
 ParOldGen       total 64000K, used 8392K [0x00000000c0000000, 0x00000000c3e80000, 0x00000000eab00000)
  object space 64000K, 13% used [0x00000000c0000000,0x00000000c08321d0,0x00000000c3e80000)
 Metaspace       used 34874K, capacity 35252K, committed 35496K, reserved 1079296K
  class space    used 4905K, capacity 5056K, committed 5168K, reserved 1048576K
Event: 10.654 GC heap after
Heap after GC invocations=10 (full 1):
 PSYoungGen      total 86528K, used 7615K [0x00000000eab00000, 0x00000000f2480000, 0x0000000100000000)
  eden space 74752K, 0% used [0x00000000eab00000,0x00000000eab00000,0x00000000ef400000)
  from space 11776K, 64% used [0x00000000ef400000,0x00000000efb6fe40,0x00000000eff80000)
  to   space 11776K, 0% used [0x00000000f1900000,0x00000000f1900000,0x00000000f2480000)
 ParOldGen       total 64000K, used 9296K [0x00000000c0000000, 0x00000000c3e80000, 0x00000000eab00000)
  object space 64000K, 14% used [0x00000000c0000000,0x00000000c0914230,0x00000000c3e80000)
 Metaspace       used 34874K, capacity 35252K, committed 35496K, reserved 1079296K
  class space    used 4905K, capacity 5056K, committed 5168K, reserved 1048576K
}
Event: 10.654 GC heap before
{Heap before GC invocations=11 (full 2):
 PSYoungGen      total 86528K, used 7615K [0x00000000eab00000, 0x00000000f2480000, 0x0000000100000000)
  eden space 74752K, 0% used [0x00000000eab00000,0x00000000eab00000,0x00000000ef400000)
  from space 11776K, 64% used [0x00000000ef400000,0x00000000efb6fe40,0x00000000eff80000)
  to   space 11776K, 0% used [0x00000000f1900000,0x00000000f1900000,0x00000000f2480000)
 ParOldGen       total 64000K, used 9296K [0x00000000c0000000, 0x00000000c3e80000, 0x00000000eab00000)
  object space 64000K, 14% used [0x00000000c0000000,0x00000000c0914230,0x00000000c3e80000)
 Metaspace       used 34874K, capacity 35252K, committed 35496K, reserved 1079296K
  class space    used 4905K, capacity 5056K, committed 5168K, reserved 1048576K
Event: 10.777 GC heap after
Heap after GC invocations=11 (full 2):
 PSYoungGen      total 86528K, used 0K [0x00000000eab00000, 0x00000000f2480000, 0x0000000100000000)
  eden space 74752K, 0% used [0x00000000eab00000,0x00000000eab00000,0x00000000ef400000)
  from space 11776K, 0% used [0x00000000ef400000,0x00000000ef400000,0x00000000eff80000)
  to   space 11776K, 0% used [0x00000000f1900000,0x00000000f1900000,0x00000000f2480000)
 ParOldGen       total 95232K, used 14979K [0x00000000c0000000, 0x00000000c5d00000, 0x00000000eab00000)
  object space 95232K, 15% used [0x00000000c0000000,0x00000000c0ea0c60,0x00000000c5d00000)
 Metaspace       used 34874K, capacity 35252K, committed 35496K, reserved 1079296K
  class space    used 4905K, capacity 5056K, committed 5168K, reserved 1048576K
}
Event: 12.958 GC heap before
{Heap before GC invocations=12 (full 2):
 PSYoungGen      total 86528K, used 74752K [0x00000000eab00000, 0x00000000f2480000, 0x0000000100000000)
  eden space 74752K, 100% used [0x00000000eab00000,0x00000000ef400000,0x00000000ef400000)
  from space 11776K, 0% used [0x00000000ef400000,0x00000000ef400000,0x00000000eff80000)
  to   space 11776K, 0% used [0x00000000f1900000,0x00000000f1900000,0x00000000f2480000)
 ParOldGen       total 95232K, used 14979K [0x00000000c0000000, 0x00000000c5d00000, 0x00000000eab00000)
  object space 95232K, 15% used [0x00000000c0000000,0x00000000c0ea0c60,0x00000000c5d00000)
 Metaspace       used 37506K, capacity 38156K, committed 38320K, reserved 1081344K
  class space    used 5273K, capacity 5499K, committed 5552K, reserved 1048576K
Event: 12.992 GC heap after
Heap after GC invocations=12 (full 2):
 PSYoungGen      total 108032K, used 10485K [0x00000000eab00000, 0x00000000f2380000, 0x0000000100000000)
  eden space 97280K, 0% used [0x00000000eab00000,0x00000000eab00000,0x00000000f0a00000)
  from space 10752K, 97% used [0x00000000f1900000,0x00000000f233d530,0x00000000f2380000)
  to   space 12800K, 0% used [0x00000000f0a80000,0x00000000f0a80000,0x00000000f1700000)
 ParOldGen       total 95232K, used 14979K [0x00000000c0000000, 0x00000000c5d00000, 0x00000000eab00000)
  object space 95232K, 15% used [0x00000000c0000000,0x00000000c0ea0c60,0x00000000c5d00000)
 Metaspace       used 37506K, capacity 38156K, committed 38320K, reserved 1081344K
  class space    used 5273K, capacity 5499K, committed 5552K, reserved 1048576K
}

Deoptimization events (10 events):
Event: 11.879 Thread 0x00000000183e1000 Uncommon trap: reason=class_check action=maybe_recompile pc=0x0000000002f7e324 method=org.codehaus.groovy.reflection.ParameterTypes.getParametersTypes0()V @ 16
Event: 11.879 Thread 0x00000000183e1000 Uncommon trap: reason=class_check action=maybe_recompile pc=0x0000000002f7e324 method=org.codehaus.groovy.reflection.ParameterTypes.getParametersTypes0()V @ 16
Event: 11.952 Thread 0x00000000183e1000 Uncommon trap: reason=bimorphic action=maybe_recompile pc=0x0000000002f96134 method=org.codehaus.groovy.runtime.metaclass.MetaMethodIndex.addMethodToList(Ljava/lang/Object;Lgroovy/lang/MetaMethod;)Ljava/lang/Object; @ 96
Event: 12.054 Thread 0x00000000183e1000 Uncommon trap: reason=bimorphic action=maybe_recompile pc=0x000000000366cbb0 method=java.util.Arrays.binarySearch0([Ljava/lang/Object;IILjava/lang/Object;Ljava/util/Comparator;)I @ 48
Event: 12.054 Thread 0x00000000183e1000 Uncommon trap: reason=bimorphic action=maybe_recompile pc=0x000000000366cbb0 method=java.util.Arrays.binarySearch0([Ljava/lang/Object;IILjava/lang/Object;Ljava/util/Comparator;)I @ 48
Event: 12.054 Thread 0x00000000183e1000 Uncommon trap: reason=bimorphic action=maybe_recompile pc=0x000000000366cbb0 method=java.util.Arrays.binarySearch0([Ljava/lang/Object;IILjava/lang/Object;Ljava/util/Comparator;)I @ 48
Event: 12.054 Thread 0x00000000183e1000 Uncommon trap: reason=bimorphic action=maybe_recompile pc=0x000000000366cbb0 method=java.util.Arrays.binarySearch0([Ljava/lang/Object;IILjava/lang/Object;Ljava/util/Comparator;)I @ 48
Event: 12.470 Thread 0x00000000183e1000 Uncommon trap: reason=unstable_if action=reinterpret pc=0x0000000003544b24 method=groovy.lang.MetaClassImpl.checkIfStdMethod(Lgroovy/lang/MetaMethod;)V @ 167
Event: 12.478 Thread 0x00000000183e1000 Uncommon trap: reason=unstable_if action=reinterpret pc=0x000000000354c72c method=groovy.lang.MetaClassImpl.checkIfStdMethod(Lgroovy/lang/MetaMethod;)V @ 167
Event: 13.151 Thread 0x00000000183e1000 Uncommon trap: reason=unstable_if action=reinterpret pc=0x0000000002eecd94 method=java.lang.CharacterDataLatin1.digit(II)I @ 60

Internal exceptions (10 events):
Event: 13.340 Thread 0x00000000183e1000 Exception <a 'java/lang/ClassNotFoundException': org/gradle/api/internal/DelegatingDomainObjectSetBeanInfo> (0x00000000eb55f398) thrown at [C:\re\workspace\8-2-build-windows-amd64-cygwin\jdk8u131\8869\hotspot\src\share\vm\classfile\systemDictionary.cpp, l
Event: 13.340 Thread 0x00000000183e1000 Exception <a 'java/lang/ClassNotFoundException': org/gradle/api/internal/DelegatingDomainObjectSetCustomizer> (0x00000000eb572110) thrown at [C:\re\workspace\8-2-build-windows-amd64-cygwin\jdk8u131\8869\hotspot\src\share\vm\classfile\systemDictionary.cpp,
Event: 13.343 Thread 0x00000000183e1000 Exception <a 'java/lang/ClassNotFoundException': org/gradle/api/internal/artifacts/DefaultDependencySetCustomizer> (0x00000000eb5b75f8) thrown at [C:\re\workspace\8-2-build-windows-amd64-cygwin\jdk8u131\8869\hotspot\src\share\vm\classfile\systemDictionary
Event: 13.354 Thread 0x00000000183e1000 Exception <a 'java/lang/ClassNotFoundException': org/gradle/api/internal/artifacts/dependencies/DefaultExternalModuleDependency_DecoratedBeanInfo> (0x00000000eb64b020) thrown at [C:\re\workspace\8-2-build-windows-amd64-cygwin\jdk8u131\8869\hotspot\src\sha
Event: 13.355 Thread 0x00000000183e1000 Exception <a 'java/lang/ClassNotFoundException': org/gradle/api/internal/artifacts/dependencies/DefaultExternalModuleDependencyBeanInfo> (0x00000000eb6638e8) thrown at [C:\re\workspace\8-2-build-windows-amd64-cygwin\jdk8u131\8869\hotspot\src\share\vm\clas
Event: 13.356 Thread 0x00000000183e1000 Exception <a 'java/lang/ClassNotFoundException': org/gradle/api/internal/artifacts/dependencies/AbstractExternalModuleDependencyBeanInfo> (0x00000000eb67c588) thrown at [C:\re\workspace\8-2-build-windows-amd64-cygwin\jdk8u131\8869\hotspot\src\share\vm\cla
Event: 13.356 Thread 0x00000000183e1000 Exception <a 'java/lang/ClassNotFoundException': org/gradle/api/internal/artifacts/dependencies/AbstractModuleDependencyBeanInfo> (0x00000000eb6939f8) thrown at [C:\re\workspace\8-2-build-windows-amd64-cygwin\jdk8u131\8869\hotspot\src\share\vm\classfile\s
Event: 13.357 Thread 0x00000000183e1000 Exception <a 'java/lang/ClassNotFoundException': org/gradle/api/internal/artifacts/dependencies/AbstractDependencyBeanInfo> (0x00000000eb6a9a88) thrown at [C:\re\workspace\8-2-build-windows-amd64-cygwin\jdk8u131\8869\hotspot\src\share\vm\classfile\systemD
Event: 13.357 Thread 0x00000000183e1000 Exception <a 'java/lang/ClassNotFoundException': org/gradle/api/internal/artifacts/dependencies/AbstractDependencyCustomizer> (0x00000000eb6c0608) thrown at [C:\re\workspace\8-2-build-windows-amd64-cygwin\jdk8u131\8869\hotspot\src\share\vm\classfile\syste
Event: 13.358 Thread 0x00000000183e1000 Exception <a 'java/lang/ClassNotFoundException': org/gradle/api/internal/artifacts/dependencies/AbstractModuleDependencyCustomizer> (0x00000000eb6daad0) thrown at [C:\re\workspace\8-2-build-windows-amd64-cygwin\jdk8u131\8869\hotspot\src\share\vm\classfile

Events (10 events):
Event: 13.357 loading class org/gradle/api/internal/artifacts/dependencies/AbstractDependencyCustomizer
Event: 13.357 loading class org/gradle/api/internal/artifacts/dependencies/AbstractDependencyCustomizer done
Event: 13.358 loading class org/gradle/api/internal/artifacts/dependencies/AbstractModuleDependencyCustomizer
Event: 13.358 loading class org/gradle/api/internal/artifacts/dependencies/AbstractModuleDependencyCustomizer done
Event: 13.358 loading class org/gradle/api/internal/artifacts/dependencies/AbstractModuleDependencyCustomizer
Event: 13.358 loading class org/gradle/api/internal/artifacts/dependencies/AbstractModuleDependencyCustomizer done
Event: 13.358 loading class org/gradle/api/internal/artifacts/dependencies/AbstractModuleDependencyCustomizer
Event: 13.358 loading class org/gradle/api/internal/artifacts/dependencies/AbstractModuleDependencyCustomizer done
Event: 13.360 loading class org/gradle/api/internal/artifacts/dependencies/AbstractExternalModuleDependencyCustomizer
Event: 13.360 loading class org/gradle/api/internal/artifacts/dependencies/AbstractExternalModuleDependencyCustomizer done


Dynamic libraries:
0x00007ff6dcdd0000 - 0x00007ff6dce07000 	C:\Program Files\Java\jdk1.8.0_131\bin\java.exe
0x00007ffd34590000 - 0x00007ffd34752000 	C:\Windows\SYSTEM32\ntdll.dll
0x00007ffd32950000 - 0x00007ffd329fd000 	C:\Windows\system32\KERNEL32.DLL
0x00007ffd31650000 - 0x00007ffd3182d000 	C:\Windows\system32\KERNELBASE.dll
0x00007ffd32150000 - 0x00007ffd321f6000 	C:\Windows\system32\ADVAPI32.dll
0x00007ffd31fa0000 - 0x00007ffd3203d000 	C:\Windows\system32\msvcrt.dll
0x00007ffd320a0000 - 0x00007ffd320fb000 	C:\Windows\system32\sechost.dll
0x00007ffd323b0000 - 0x00007ffd324d6000 	C:\Windows\system32\RPCRT4.dll
0x00007ffd34240000 - 0x00007ffd3438e000 	C:\Windows\system32\USER32.dll
0x00007ffd34400000 - 0x00007ffd34586000 	C:\Windows\system32\GDI32.dll
0x00007ffd1cfb0000 - 0x00007ffd1d224000 	C:\Windows\WinSxS\amd64_microsoft.windows.common-controls_6595b64144ccf1df_6.0.10240.16384_none_f41f7b285750ef43\COMCTL32.dll
0x00007ffd32100000 - 0x00007ffd32136000 	C:\Windows\system32\IMM32.DLL
0x00007ffd34020000 - 0x00007ffd3417c000 	C:\Windows\system32\MSCTF.dll
0x0000000063300000 - 0x00000000633d2000 	C:\Program Files\Java\jdk1.8.0_131\jre\bin\msvcr100.dll
0x0000000061b80000 - 0x000000006241c000 	C:\Program Files\Java\jdk1.8.0_131\jre\bin\server\jvm.dll
0x00007ffd31cf0000 - 0x00007ffd31cf8000 	C:\Windows\system32\PSAPI.DLL
0x00007ffd2ddc0000 - 0x00007ffd2ddca000 	C:\Windows\SYSTEM32\VERSION.dll
0x00007ffd2f280000 - 0x00007ffd2f2a3000 	C:\Windows\SYSTEM32\WINMM.dll
0x00007ffd25f30000 - 0x00007ffd25f39000 	C:\Windows\SYSTEM32\WSOCK32.dll
0x00007ffd328e0000 - 0x00007ffd32949000 	C:\Windows\system32\WS2_32.dll
0x00007ffd32140000 - 0x00007ffd32148000 	C:\Windows\system32\NSI.dll
0x00007ffd2f060000 - 0x00007ffd2f08c000 	C:\Windows\SYSTEM32\WINMMBASE.dll
0x00007ffd31830000 - 0x00007ffd31874000 	C:\Windows\system32\cfgmgr32.dll
0x00007ffd2f8f0000 - 0x00007ffd2f917000 	C:\Windows\SYSTEM32\DEVOBJ.dll
0x0000000063210000 - 0x000000006321f000 	C:\Program Files\Java\jdk1.8.0_131\jre\bin\verify.dll
0x00000000631e0000 - 0x0000000063209000 	C:\Program Files\Java\jdk1.8.0_131\jre\bin\java.dll
0x00000000631c0000 - 0x00000000631d6000 	C:\Program Files\Java\jdk1.8.0_131\jre\bin\zip.dll
0x00007ffd32a00000 - 0x00007ffd33f68000 	C:\Windows\system32\SHELL32.dll
0x00007ffd31020000 - 0x00007ffd31648000 	C:\Windows\system32\windows.storage.dll
0x00007ffd31d00000 - 0x00007ffd31f7c000 	C:\Windows\system32\combase.dll
0x00007ffd31c90000 - 0x00007ffd31ce1000 	C:\Windows\system32\shlwapi.dll
0x00007ffd30ff0000 - 0x00007ffd30fff000 	C:\Windows\system32\kernel.appcore.dll
0x00007ffd31880000 - 0x00007ffd31933000 	C:\Windows\system32\shcore.dll
0x00007ffd30fa0000 - 0x00007ffd30fea000 	C:\Windows\system32\powrprof.dll
0x00007ffd31000000 - 0x00007ffd31013000 	C:\Windows\system32\profapi.dll
0x00007ffd34180000 - 0x00007ffd3423e000 	C:\Windows\system32\OLEAUT32.dll
0x00000000631a0000 - 0x00000000631ba000 	C:\Program Files\Java\jdk1.8.0_131\jre\bin\net.dll
0x00007ffd307f0000 - 0x00007ffd3084d000 	C:\Windows\system32\mswsock.dll
0x0000000063180000 - 0x0000000063191000 	C:\Program Files\Java\jdk1.8.0_131\jre\bin\nio.dll
0x00007ffd2d520000 - 0x00007ffd2d53e000 	C:\Users\Roshanak\.gradle\native\25\windows-amd64\native-platform.dll
0x00007ffd30850000 - 0x00007ffd30867000 	C:\Windows\SYSTEM32\CRYPTSP.dll
0x00007ffd30ac0000 - 0x00007ffd30ae8000 	C:\Windows\SYSTEM32\bcrypt.dll
0x00007ffd304a0000 - 0x00007ffd304d3000 	C:\Windows\system32\rsaenh.dll
0x00007ffd30590000 - 0x00007ffd305af000 	C:\Windows\SYSTEM32\USERENV.dll
0x00007ffd30dd0000 - 0x00007ffd30e3b000 	C:\Windows\system32\bcryptprimitives.dll
0x00007ffd309c0000 - 0x00007ffd309cb000 	C:\Windows\SYSTEM32\CRYPTBASE.dll
0x00007ffd2e030000 - 0x00007ffd2e068000 	C:\Windows\SYSTEM32\IPHLPAPI.DLL
0x00007ffd2dea0000 - 0x00007ffd2deab000 	C:\Windows\SYSTEM32\WINNSI.DLL
0x00007ffd28fe0000 - 0x00007ffd28ff6000 	C:\Windows\SYSTEM32\dhcpcsvc6.DLL
0x00007ffd28fc0000 - 0x00007ffd28fda000 	C:\Windows\SYSTEM32\dhcpcsvc.DLL
0x0000000063170000 - 0x000000006317d000 	C:\Program Files\Java\jdk1.8.0_131\jre\bin\management.dll
0x0000000063140000 - 0x0000000063164000 	C:\Program Files\Java\jdk1.8.0_131\jre\bin\sunec.dll
0x0000000063130000 - 0x000000006313b000 	C:\Program Files\Java\jdk1.8.0_131\jre\bin\sunmscapi.dll
0x00007ffd319f0000 - 0x00007ffd31bb1000 	C:\Windows\system32\CRYPT32.dll
0x00007ffd30f80000 - 0x00007ffd30f91000 	C:\Windows\system32\MSASN1.dll
0x00007ffd305b0000 - 0x00007ffd30658000 	C:\Windows\SYSTEM32\DNSAPI.dll
0x00007ffd1ce00000 - 0x00007ffd1ce0a000 	C:\Windows\System32\rasadhlp.dll
0x00007ffd29150000 - 0x00007ffd291b8000 	C:\Windows\System32\fwpuclnt.dll

VM Arguments:
jvm_args: -XX:MaxPermSize=256m -XX:+HeapDumpOnOutOfMemoryError -Xmx1024m -Dfile.encoding=windows-1252 -Duser.country=US -Duser.language=en -Duser.variant 
java_command: org.gradle.launcher.daemon.bootstrap.GradleDaemon 4.0.2
java_class_path (initial): C:\gradle\gradle-4.0.2\lib\gradle-launcher-4.0.2.jar
Launcher Type: SUN_STANDARD

Environment Variables:
PATH=C:\Users\Roshanak\bin;C:\Program Files\Git\mingw64\bin;C:\Program Files\Git\usr\local\bin;C:\Program Files\Git\usr\bin;C:\Program Files\Git\usr\bin;C:\Program Files\Git\mingw64\bin;C:\Program Files\Git\usr\bin;C:\Users\Roshanak\bin;C:\ProgramData\Oracle\Java\javapath;C:\WINDOWS\system32;C:\Program Files (x86)\Skype\Phone;C:\Program Files\PuTTY;C:\Program Files\Git\cmd;C:\Program Files\Java\jdk1.8.0_131\bin;C:\gradle\gradle-4.0.2\bin;C:\Program Files\Java\jdk1.8.0_121\bin;C:\Program Files (x86)\Microsoft VS Code\bin;C:\Program Files\Git\usr\bin\vendor_perl;C:\Program Files\Git\usr\bin\core_perl
USERNAME=Roshanak
SHELL=C:\Program Files\Git\usr\bin\bash.exe
DISPLAY=needs-to-be-defined
OS=Windows_NT
PROCESSOR_IDENTIFIER=Intel64 Family 6 Model 37 Stepping 5, GenuineIntel



---------------  S Y S T E M  ---------------

OS: Windows 10.0 , 64 bit Build 10240 (10.0.10240.16384)

CPU:total 4 (initial active 4) (2 cores per cpu, 2 threads per core) family 6 model 37 stepping 5, cmov, cx8, fxsr, mmx, sse, sse2, sse3, ssse3, sse4.1, sse4.2, popcnt, ht, tsc, tscinvbit

Memory: 4k page, physical 8248196k(1794232k free), swap 8248196k(5316k free)

vm_info: Java HotSpot(TM) 64-Bit Server VM (25.131-b11) for windows-amd64 JRE (1.8.0_131-b11), built on Mar 15 2017 01:23:53 by "java_re" with MS VC++ 10.0 (VS2010)

time: Sat Aug 05 14:55:08 2017
elapsed time: 13 seconds (0d 0h 0m 13s)

