#
# There is insufficient memory for the Java Runtime Environment to continue.
# Native memory allocation (malloc) failed to allocate 32744 bytes for ChunkPool::allocate
# Possible reasons:
#   The system is out of physical RAM or swap space
#   In 32 bit mode, the process size limit was hit
# Possible solutions:
#   Reduce memory load on the system
#   Increase physical memory or swap space
#   Check if swap backing store is full
#   Use 64 bit Java on a 64 bit OS
#   Decrease Java heap size (-Xmx/-Xms)
#   Decrease number of Java threads
#   Decrease Java thread stack sizes (-Xss)
#   Set larger code cache with -XX:ReservedCodeCacheSize=
# This output file may be truncated or incomplete.
#
#  Out of Memory Error (allocation.cpp:273), pid=1184, tid=0x0000000000003430
#
# JRE version: Java(TM) SE Runtime Environment (8.0_131-b11) (build 1.8.0_131-b11)
# Java VM: Java HotSpot(TM) 64-Bit Server VM (25.131-b11 mixed mode windows-amd64 compressed oops)
# Failed to write core dump. Minidumps are not enabled by default on client versions of Windows
#

---------------  T H R E A D  ---------------

Current thread (0x00000000174c5000):  JavaThread "C2 CompilerThread1" daemon [_thread_in_native, id=13360, stack(0x0000000018c10000,0x0000000018d10000)]

Stack: [0x0000000018c10000,0x0000000018d10000]
[error occurred during error reporting (printing stack bounds), id 0xc0000005]

Native frames: (J=compiled Java code, j=interpreted, Vv=VM code, C=native code)


Current CompileTask:
C2:3370570 3824  s!   4       org.eclipse.jetty.util.resource.JarResource::checkConnection (51 bytes)


---------------  P R O C E S S  ---------------

Java Threads: ( => current thread )
  0x000000001a2cb000 JavaThread "qtp413946856-79" [_thread_in_vm, id=8752, stack(0x00000000279b0000,0x0000000027ab0000)]
  0x000000001a2c6000 JavaThread "qtp413946856-78-acceptor-0@72f4f904-ServerConnector@76cb6382{HTTP/1.1}{0.0.0.0:8080}" [_thread_in_native, id=11468, stack(0x0000000000c10000,0x0000000000d10000)]
  0x000000001a2c3000 JavaThread "qtp413946856-77-selector-ServerConnectorManager@283ca92e/0" [_thread_in_native, id=12160, stack(0x00000000297e0000,0x00000000298e0000)]
  0x000000001a2c3800 JavaThread "qtp413946856-75-selector-ServerConnectorManager@283ca92e/1" [_thread_in_native, id=12216, stack(0x00000000256e0000,0x00000000257e0000)]
  0x000000001a2c5000 JavaThread "qtp413946856-74" [_thread_in_vm, id=13524, stack(0x00000000245f0000,0x00000000246f0000)]
  0x000000001a2c8000 JavaThread "qtp413946856-73" [_thread_blocked, id=5704, stack(0x000000001dbd0000,0x000000001dcd0000)]
  0x0000000023368800 JavaThread "qtp413946856-72" [_thread_blocked, id=4460, stack(0x000000001dad0000,0x000000001dbd0000)]
  0x0000000023366000 JavaThread "qtp413946856-71" [_thread_blocked, id=1248, stack(0x000000001d9d0000,0x000000001dad0000)]
  0x0000000023367800 JavaThread "qtp413946856-70" [_thread_blocked, id=5584, stack(0x000000001c8f0000,0x000000001c9f0000)]
  0x0000000023365800 JavaThread "qtp413946856-69" [_thread_blocked, id=6740, stack(0x000000001b400000,0x000000001b500000)]
  0x0000000023367000 JavaThread "qtp413946856-68" [_thread_blocked, id=4000, stack(0x0000000002530000,0x0000000002630000)]
  0x000000002336b000 JavaThread "qtp413946856-66" [_thread_in_vm, id=2808, stack(0x0000000000d10000,0x0000000000e10000)]
  0x000000002336a000 JavaThread "Abandoned connection cleanup thread" daemon [_thread_blocked, id=12816, stack(0x00000000277b0000,0x00000000278b0000)]
  0x0000000023364800 JavaThread "SeedGenerator Thread" daemon [_thread_blocked, id=10864, stack(0x000000001e5d0000,0x000000001e6d0000)]
  0x0000000018e42800 JavaThread "Service Thread" daemon [_thread_blocked, id=1296, stack(0x0000000019210000,0x0000000019310000)]
  0x00000000174ce000 JavaThread "C1 CompilerThread2" daemon [_thread_in_native, id=5196, stack(0x0000000018d10000,0x0000000018e10000)]
=>0x00000000174c5000 JavaThread "C2 CompilerThread1" daemon [_thread_in_native, id=13360, stack(0x0000000018c10000,0x0000000018d10000)]
  0x00000000174c2800 JavaThread "C2 CompilerThread0" daemon [_thread_in_native, id=12964, stack(0x0000000018b10000,0x0000000018c10000)]
  0x00000000174bf800 JavaThread "Attach Listener" daemon [_thread_blocked, id=8888, stack(0x0000000018a10000,0x0000000018b10000)]
  0x00000000174be800 JavaThread "Signal Dispatcher" daemon [_thread_blocked, id=4652, stack(0x0000000018910000,0x0000000018a10000)]
  0x00000000174aa800 JavaThread "Finalizer" daemon [_thread_blocked, id=4872, stack(0x0000000018730000,0x0000000018830000)]
  0x00000000029e3000 JavaThread "Reference Handler" daemon [_thread_blocked, id=12972, stack(0x0000000018630000,0x0000000018730000)]
  0x00000000028f4800 JavaThread "main" [_thread_blocked, id=4480, stack(0x00000000027f0000,0x00000000028f0000)]

Other Threads:
  0x0000000017488000 VMThread [stack: 0x0000000018530000,0x0000000018630000] [id=8280]
  0x0000000018e61800 WatcherThread [stack: 0x0000000019310000,0x0000000019410000] [id=11576]

VM state:not at safepoint (normal execution)

VM Mutex/Monitor currently owned by a thread: None

Heap:
 PSYoungGen      total 204288K, used 134544K [0x00000000d6100000, 0x00000000e7f00000, 0x0000000100000000)
  eden space 187904K, 71% used [0x00000000d6100000,0x00000000de464040,0x00000000e1880000)
  from space 16384K, 0% used [0x00000000e6f00000,0x00000000e6f00000,0x00000000e7f00000)
  to   space 24576K, 0% used [0x00000000e4f00000,0x00000000e4f00000,0x00000000e6700000)
 ParOldGen       total 112128K, used 31079K [0x0000000082200000, 0x0000000088f80000, 0x00000000d6100000)
  object space 112128K, 27% used [0x0000000082200000,0x0000000084059d68,0x0000000088f80000)
 Metaspace       used 35399K, capacity 36212K, committed 36352K, reserved 1081344K
  class space    used 4298K, capacity 4561K, committed 4608K, reserved 1048576K

Card table byte_map: [0x0000000011db0000,0x00000000121a0000] byte_map_base: 0x000000001199f000

Marking Bits: (ParMarkBitMap*) 0x0000000062f1c720
 Begin Bits: [0x0000000012840000, 0x00000000147b8000)
 End Bits:   [0x00000000147b8000, 0x0000000016730000)

Polling page: 0x0000000000af0000

CodeCache: size=245760Kb used=12365Kb max_used=12441Kb free=233394Kb
 bounds [0x00000000029f0000, 0x0000000003630000, 0x00000000119f0000]
 total_blobs=4042 nmethods=3317 adapters=637
 compilation: enabled

Compilation events (10 events):
Event: 3369.616 Thread 0x00000000174ce000 nmethod 3848 0x00000000033cbc50 code [0x00000000033cbde0, 0x00000000033cc1d8]
Event: 3369.616 Thread 0x00000000174ce000 3849       3       java.util.Calendar::isFieldSet (14 bytes)
Event: 3369.616 Thread 0x00000000174ce000 nmethod 3849 0x00000000033615d0 code [0x0000000003361720, 0x00000000033618b0]
Event: 3369.616 Thread 0x00000000174ce000 3850       3       java.util.Calendar::get (10 bytes)
Event: 3369.617 Thread 0x00000000174ce000 nmethod 3850 0x00000000033cb650 code [0x00000000033cb7c0, 0x00000000033cbae8]
Event: 3369.617 Thread 0x00000000174ce000 3851       3       java.util.Calendar::setFieldsComputed (117 bytes)
Event: 3369.617 Thread 0x00000000174ce000 nmethod 3851 0x00000000033cac90 code [0x00000000033cae40, 0x00000000033cb2f0]
Event: 3369.617 Thread 0x00000000174ce000 3852       3       java.util.Locale::hashCode (41 bytes)
Event: 3369.618 Thread 0x00000000174ce000 nmethod 3852 0x00000000033ca690 code [0x00000000033ca800, 0x00000000033cab78]
Event: 3369.618 Thread 0x00000000174ce000 3853       3       sun.util.calendar.ZoneInfo::getOffsets (276 bytes)

GC Heap History (10 events):
Event: 5.714 GC heap before
{Heap before GC invocations=6 (full 0):
 PSYoungGen      total 70656K, used 70624K [0x00000000d6100000, 0x00000000e0a00000, 0x0000000100000000)
  eden space 65536K, 100% used [0x00000000d6100000,0x00000000da100000,0x00000000da100000)
  from space 5120K, 99% used [0x00000000da100000,0x00000000da5f8040,0x00000000da600000)
  to   space 20992K, 0% used [0x00000000df580000,0x00000000df580000,0x00000000e0a00000)
 ParOldGen       total 86016K, used 32434K [0x0000000082200000, 0x0000000087600000, 0x00000000d6100000)
  object space 86016K, 37% used [0x0000000082200000,0x00000000841ac888,0x0000000087600000)
 Metaspace       used 19219K, capacity 19776K, committed 19840K, reserved 1067008K
  class space    used 2245K, capacity 2394K, committed 2432K, reserved 1048576K
Event: 5.778 GC heap after
Heap after GC invocations=6 (full 0):
 PSYoungGen      total 146944K, used 20984K [0x00000000d6100000, 0x00000000e1400000, 0x0000000100000000)
  eden space 125952K, 0% used [0x00000000d6100000,0x00000000d6100000,0x00000000ddc00000)
  from space 20992K, 99% used [0x00000000df580000,0x00000000e09fe2e8,0x00000000e0a00000)
  to   space 26112K, 0% used [0x00000000ddc00000,0x00000000ddc00000,0x00000000df580000)
 ParOldGen       total 86016K, used 34548K [0x0000000082200000, 0x0000000087600000, 0x00000000d6100000)
  object space 86016K, 40% used [0x0000000082200000,0x00000000843bd2f0,0x0000000087600000)
 Metaspace       used 19219K, capacity 19776K, committed 19840K, reserved 1067008K
  class space    used 2245K, capacity 2394K, committed 2432K, reserved 1048576K
}
Event: 6.401 GC heap before
{Heap before GC invocations=7 (full 0):
 PSYoungGen      total 146944K, used 64882K [0x00000000d6100000, 0x00000000e1400000, 0x0000000100000000)
  eden space 125952K, 34% used [0x00000000d6100000,0x00000000d8bde850,0x00000000ddc00000)
  from space 20992K, 99% used [0x00000000df580000,0x00000000e09fe2e8,0x00000000e0a00000)
  to   space 26112K, 0% used [0x00000000ddc00000,0x00000000ddc00000,0x00000000df580000)
 ParOldGen       total 86016K, used 34548K [0x0000000082200000, 0x0000000087600000, 0x00000000d6100000)
  object space 86016K, 40% used [0x0000000082200000,0x00000000843bd2f0,0x0000000087600000)
 Metaspace       used 20599K, capacity 21156K, committed 21296K, reserved 1069056K
  class space    used 2447K, capacity 2622K, committed 2688K, reserved 1048576K
Event: 6.450 GC heap after
Heap after GC invocations=7 (full 0):
 PSYoungGen      total 152064K, used 12402K [0x00000000d6100000, 0x00000000e8700000, 0x0000000100000000)
  eden space 125952K, 0% used [0x00000000d6100000,0x00000000d6100000,0x00000000ddc00000)
  from space 26112K, 47% used [0x00000000ddc00000,0x00000000de81c9d8,0x00000000df580000)
  to   space 24576K, 0% used [0x00000000e6f00000,0x00000000e6f00000,0x00000000e8700000)
 ParOldGen       total 86016K, used 37058K [0x0000000082200000, 0x0000000087600000, 0x00000000d6100000)
  object space 86016K, 43% used [0x0000000082200000,0x0000000084630820,0x0000000087600000)
 Metaspace       used 20599K, capacity 21156K, committed 21296K, reserved 1069056K
  class space    used 2447K, capacity 2622K, committed 2688K, reserved 1048576K
}
Event: 6.450 GC heap before
{Heap before GC invocations=8 (full 1):
 PSYoungGen      total 152064K, used 12402K [0x00000000d6100000, 0x00000000e8700000, 0x0000000100000000)
  eden space 125952K, 0% used [0x00000000d6100000,0x00000000d6100000,0x00000000ddc00000)
  from space 26112K, 47% used [0x00000000ddc00000,0x00000000de81c9d8,0x00000000df580000)
  to   space 24576K, 0% used [0x00000000e6f00000,0x00000000e6f00000,0x00000000e8700000)
 ParOldGen       total 86016K, used 37058K [0x0000000082200000, 0x0000000087600000, 0x00000000d6100000)
  object space 86016K, 43% used [0x0000000082200000,0x0000000084630820,0x0000000087600000)
 Metaspace       used 20599K, capacity 21156K, committed 21296K, reserved 1069056K
  class space    used 2447K, capacity 2622K, committed 2688K, reserved 1048576K
Event: 6.696 GC heap after
Heap after GC invocations=8 (full 1):
 PSYoungGen      total 152064K, used 0K [0x00000000d6100000, 0x00000000e8700000, 0x0000000100000000)
  eden space 125952K, 0% used [0x00000000d6100000,0x00000000d6100000,0x00000000ddc00000)
  from space 26112K, 0% used [0x00000000ddc00000,0x00000000ddc00000,0x00000000df580000)
  to   space 24576K, 0% used [0x00000000e6f00000,0x00000000e6f00000,0x00000000e8700000)
 ParOldGen       total 103936K, used 41715K [0x0000000082200000, 0x0000000088780000, 0x00000000d6100000)
  object space 103936K, 40% used [0x0000000082200000,0x0000000084abcd08,0x0000000088780000)
 Metaspace       used 20599K, capacity 21156K, committed 21296K, reserved 1069056K
  class space    used 2447K, capacity 2622K, committed 2688K, reserved 1048576K
}
Event: 22.394 GC heap before
{Heap before GC invocations=9 (full 1):
 PSYoungGen      total 152064K, used 104053K [0x00000000d6100000, 0x00000000e8700000, 0x0000000100000000)
  eden space 125952K, 82% used [0x00000000d6100000,0x00000000dc69d7f0,0x00000000ddc00000)
  from space 26112K, 0% used [0x00000000ddc00000,0x00000000ddc00000,0x00000000df580000)
  to   space 24576K, 0% used [0x00000000e6f00000,0x00000000e6f00000,0x00000000e8700000)
 ParOldGen       total 103936K, used 41715K [0x0000000082200000, 0x0000000088780000, 0x00000000d6100000)
  object space 103936K, 40% used [0x0000000082200000,0x0000000084abcd08,0x0000000088780000)
 Metaspace       used 34590K, capacity 35288K, committed 35456K, reserved 1081344K
  class space    used 4161K, capacity 4384K, committed 4480K, reserved 1048576K
Event: 22.418 GC heap after
Heap after GC invocations=9 (full 1):
 PSYoungGen      total 204288K, used 16214K [0x00000000d6100000, 0x00000000e7f00000, 0x0000000100000000)
  eden space 187904K, 0% used [0x00000000d6100000,0x00000000d6100000,0x00000000e1880000)
  from space 16384K, 98% used [0x00000000e6f00000,0x00000000e7ed5b00,0x00000000e7f00000)
  to   space 24576K, 0% used [0x00000000e4f00000,0x00000000e4f00000,0x00000000e6700000)
 ParOldGen       total 103936K, used 41723K [0x0000000082200000, 0x0000000088780000, 0x00000000d6100000)
  object space 103936K, 40% used [0x0000000082200000,0x0000000084abed08,0x0000000088780000)
 Metaspace       used 34590K, capacity 35288K, committed 35456K, reserved 1081344K
  class space    used 4161K, capacity 4384K, committed 4480K, reserved 1048576K
}
Event: 22.418 GC heap before
{Heap before GC invocations=10 (full 2):
 PSYoungGen      total 204288K, used 16214K [0x00000000d6100000, 0x00000000e7f00000, 0x0000000100000000)
  eden space 187904K, 0% used [0x00000000d6100000,0x00000000d6100000,0x00000000e1880000)
  from space 16384K, 98% used [0x00000000e6f00000,0x00000000e7ed5b00,0x00000000e7f00000)
  to   space 24576K, 0% used [0x00000000e4f00000,0x00000000e4f00000,0x00000000e6700000)
 ParOldGen       total 103936K, used 41723K [0x0000000082200000, 0x0000000088780000, 0x00000000d6100000)
  object space 103936K, 40% used [0x0000000082200000,0x0000000084abed08,0x0000000088780000)
 Metaspace       used 34590K, capacity 35288K, committed 35456K, reserved 1081344K
  class space    used 4161K, capacity 4384K, committed 4480K, reserved 1048576K
Event: 22.565 GC heap after
Heap after GC invocations=10 (full 2):
 PSYoungGen      total 204288K, used 0K [0x00000000d6100000, 0x00000000e7f00000, 0x0000000100000000)
  eden space 187904K, 0% used [0x00000000d6100000,0x00000000d6100000,0x00000000e1880000)
  from space 16384K, 0% used [0x00000000e6f00000,0x00000000e6f00000,0x00000000e7f00000)
  to   space 24576K, 0% used [0x00000000e4f00000,0x00000000e4f00000,0x00000000e6700000)
 ParOldGen       total 112128K, used 31079K [0x0000000082200000, 0x0000000088f80000, 0x00000000d6100000)
  object space 112128K, 27% used [0x0000000082200000,0x0000000084059d68,0x0000000088f80000)
 Metaspace       used 34590K, capacity 35288K, committed 35456K, reserved 1081344K
  class space    used 4161K, capacity 4384K, committed 4480K, reserved 1048576K
}

Deoptimization events (10 events):
Event: 21.860 Thread 0x000000002336a000 Uncommon trap: reason=unstable_if action=reinterpret pc=0x0000000003465ab8 method=org.eclipse.jetty.webapp.ClasspathPattern.match(Ljava/lang/String;)Z @ 25
Event: 21.860 Thread 0x000000002336a000 Uncommon trap: reason=unstable_if action=reinterpret pc=0x00000000034372d8 method=java.net.URL.<init>(Ljava/net/URL;Ljava/lang/String;Ljava/net/URLStreamHandler;)V @ 57
Event: 21.860 Thread 0x000000002336a000 Uncommon trap: reason=unstable_if action=reinterpret pc=0x000000000344c2d4 method=java.net.URLStreamHandler.parseURL(Ljava/net/URL;Ljava/lang/String;II)V @ 57
Event: 21.863 Thread 0x000000001a9a6000 Uncommon trap: reason=unstable_if action=reinterpret pc=0x0000000002bf8988 method=java.lang.AbstractStringBuilder.append(Ljava/lang/String;)Ljava/lang/AbstractStringBuilder; @ 1
Event: 21.980 Thread 0x000000001a9a6000 Uncommon trap: reason=unstable_if action=reinterpret pc=0x0000000003122c48 method=java.lang.Class.arrayContentsEq([Ljava/lang/Object;[Ljava/lang/Object;)Z @ 1
Event: 22.567 Thread 0x00000000174aa800 Uncommon trap: reason=unstable_if action=reinterpret pc=0x000000000335bed0 method=java.util.WeakHashMap.remove(Ljava/lang/Object;)Ljava/lang/Object; @ 67
Event: 22.687 Thread 0x000000001a9a4800 Uncommon trap: reason=unstable_if action=reinterpret pc=0x0000000003316d48 method=java.util.HashMap$HashIterator.<init>(Ljava/util/HashMap;)V @ 45
Event: 959.114 Thread 0x000000001a9a5000 Uncommon trap: reason=unstable_if action=reinterpret pc=0x0000000003351b0c method=java.util.HashMap$HashIterator.<init>(Ljava/util/HashMap;)V @ 45
Event: 981.204 Thread 0x000000001a9a8800 Uncommon trap: reason=unstable_if action=reinterpret pc=0x0000000002eb00e4 method=java.lang.CharacterDataLatin1.digit(II)I @ 60
Event: 3368.865 Thread 0x0000000023365800 Uncommon trap: reason=unstable_if action=reinterpret pc=0x0000000002b1b0c0 method=java.util.concurrent.locks.AbstractQueuedSynchronizer.doReleaseShared()V @ 69

Internal exceptions (10 events):
Event: 3369.605 Thread 0x000000002336b000 Exception <a 'java/lang/OutOfMemoryError'> (0x00000000de07b3c0) thrown at [C:\re\workspace\8-2-build-windows-amd64-cygwin\jdk8u131\8869\hotspot\src\share\vm\prims\jni.cpp, line 735]
Event: 3369.607 Thread 0x0000000023365800 Exception <a 'java/lang/OutOfMemoryError'> (0x00000000de013d00) thrown at [C:\re\workspace\8-2-build-windows-amd64-cygwin\jdk8u131\8869\hotspot\src\share\vm\prims\jni.cpp, line 735]
Event: 3369.608 Thread 0x0000000023366000 Exception <a 'java/lang/OutOfMemoryError'> (0x00000000dd3a76b8) thrown at [C:\re\workspace\8-2-build-windows-amd64-cygwin\jdk8u131\8869\hotspot\src\share\vm\prims\jni.cpp, line 735]
Event: 3369.608 Thread 0x0000000023369800 Exception <a 'java/lang/OutOfMemoryError'> (0x00000000de0c3fb8) thrown at [C:\re\workspace\8-2-build-windows-amd64-cygwin\jdk8u131\8869\hotspot\src\share\vm\prims\jni.cpp, line 735]
Event: 3369.609 Thread 0x0000000023369800 StackOverflowError at 0x0000000002b623a0
Event: 3369.609 Thread 0x0000000023369800 Exception <a 'java/lang/StackOverflowError'> (0x00000000de0c4318) thrown at [C:\re\workspace\8-2-build-windows-amd64-cygwin\jdk8u131\8869\hotspot\src\share\vm\runtime\sharedRuntime.cpp, line 605]
Event: 3369.611 Thread 0x000000001a2c8000 Exception <a 'java/lang/OutOfMemoryError'> (0x00000000dddae118) thrown at [C:\re\workspace\8-2-build-windows-amd64-cygwin\jdk8u131\8869\hotspot\src\share\vm\prims\jni.cpp, line 735]
Event: 3369.613 Thread 0x0000000023368800 Exception <a 'java/lang/OutOfMemoryError'> (0x00000000de148550) thrown at [C:\re\workspace\8-2-build-windows-amd64-cygwin\jdk8u131\8869\hotspot\src\share\vm\prims\jni.cpp, line 735]
Event: 3369.620 Thread 0x0000000023367800 Exception <a 'java/lang/OutOfMemoryError'> (0x00000000dde82410) thrown at [C:\re\workspace\8-2-build-windows-amd64-cygwin\jdk8u131\8869\hotspot\src\share\vm\prims\jni.cpp, line 735]
Event: 3369.624 Thread 0x0000000023367000 Exception <a 'java/lang/OutOfMemoryError'> (0x00000000ddc65938) thrown at [C:\re\workspace\8-2-build-windows-amd64-cygwin\jdk8u131\8869\hotspot\src\share\vm\prims\jni.cpp, line 735]

Events (10 events):
Event: 3368.775 Thread 0x0000000023368800 DEOPT PACKING pc=0x00000000031cdb28 sp=0x000000001dbce9c0
Event: 3368.775 Thread 0x0000000023368800 DEOPT UNPACKING pc=0x0000000002a3747f sp=0x000000001dbce810 mode 0
Event: 3368.792 Thread 0x0000000023365800 DEOPT PACKING pc=0x00000000031cdb28 sp=0x000000001b4fe640
Event: 3368.792 Thread 0x0000000023365800 DEOPT UNPACKING pc=0x0000000002a3747f sp=0x000000001b4fe490 mode 0
Event: 3368.865 Thread 0x0000000023365800 Uncommon trap: trap_request=0xffffff65 fr.pc=0x0000000002b1b0c0
Event: 3368.865 Thread 0x0000000023365800 DEOPT PACKING pc=0x0000000002b1b0c0 sp=0x000000001b4fef10
Event: 3368.866 Thread 0x0000000023365800 DEOPT UNPACKING pc=0x0000000002a3582a sp=0x000000001b4fee58 mode 2
Event: 3369.606 loading class ch/qos/logback/classic/spi/ThrowableProxy
Event: 3369.606 loading class ch/qos/logback/classic/spi/ThrowableProxy done
Event: 3369.612 Thread 0x000000001a2c5000 Thread added: 0x000000001a2c5000


Dynamic libraries:
0x00007ff7c20a0000 - 0x00007ff7c20d7000 	C:\Program Files\Java\jdk1.8.0_131\bin\java.exe
0x00007ffd34590000 - 0x00007ffd34752000 	C:\Windows\SYSTEM32\ntdll.dll
0x00007ffd32950000 - 0x00007ffd329fd000 	C:\Windows\system32\KERNEL32.DLL
0x00007ffd31650000 - 0x00007ffd3182d000 	C:\Windows\system32\KERNELBASE.dll
0x00007ffd32150000 - 0x00007ffd321f6000 	C:\Windows\system32\ADVAPI32.dll
0x00007ffd31fa0000 - 0x00007ffd3203d000 	C:\Windows\system32\msvcrt.dll
0x00007ffd320a0000 - 0x00007ffd320fb000 	C:\Windows\system32\sechost.dll
0x00007ffd323b0000 - 0x00007ffd324d6000 	C:\Windows\system32\RPCRT4.dll
0x00007ffd34240000 - 0x00007ffd3438e000 	C:\Windows\system32\USER32.dll
0x00007ffd34400000 - 0x00007ffd34586000 	C:\Windows\system32\GDI32.dll
0x00007ffd1cfb0000 - 0x00007ffd1d224000 	C:\Windows\WinSxS\amd64_microsoft.windows.common-controls_6595b64144ccf1df_6.0.10240.16384_none_f41f7b285750ef43\COMCTL32.dll
0x00007ffd32100000 - 0x00007ffd32136000 	C:\Windows\system32\IMM32.DLL
0x00007ffd34020000 - 0x00007ffd3417c000 	C:\Windows\system32\MSCTF.dll
0x0000000062fa0000 - 0x0000000063072000 	C:\Program Files\Java\jdk1.8.0_131\jre\bin\msvcr100.dll
0x0000000062700000 - 0x0000000062f9c000 	C:\Program Files\Java\jdk1.8.0_131\jre\bin\server\jvm.dll
0x00007ffd31cf0000 - 0x00007ffd31cf8000 	C:\Windows\system32\PSAPI.DLL
0x00007ffd2f280000 - 0x00007ffd2f2a3000 	C:\Windows\SYSTEM32\WINMM.dll
0x00007ffd28730000 - 0x00007ffd28739000 	C:\Windows\SYSTEM32\WSOCK32.dll
0x00007ffd2ddc0000 - 0x00007ffd2ddca000 	C:\Windows\SYSTEM32\VERSION.dll
0x00007ffd328e0000 - 0x00007ffd32949000 	C:\Windows\system32\WS2_32.dll
0x00007ffd32140000 - 0x00007ffd32148000 	C:\Windows\system32\NSI.dll
0x0000000002690000 - 0x00000000026bc000 	C:\Windows\SYSTEM32\WINMMBASE.dll
0x00007ffd31830000 - 0x00007ffd31874000 	C:\Windows\system32\cfgmgr32.dll
0x00007ffd2f8f0000 - 0x00007ffd2f917000 	C:\Windows\SYSTEM32\DEVOBJ.dll
0x00000000626f0000 - 0x00000000626ff000 	C:\Program Files\Java\jdk1.8.0_131\jre\bin\verify.dll
0x00000000626c0000 - 0x00000000626e9000 	C:\Program Files\Java\jdk1.8.0_131\jre\bin\java.dll
0x00000000626a0000 - 0x00000000626b6000 	C:\Program Files\Java\jdk1.8.0_131\jre\bin\zip.dll
0x00007ffd32a00000 - 0x00007ffd33f68000 	C:\Windows\system32\SHELL32.dll
0x00007ffd31020000 - 0x00007ffd31648000 	C:\Windows\system32\windows.storage.dll
0x00007ffd31d00000 - 0x00007ffd31f7c000 	C:\Windows\system32\combase.dll
0x00007ffd31c90000 - 0x00007ffd31ce1000 	C:\Windows\system32\shlwapi.dll
0x00007ffd30ff0000 - 0x00007ffd30fff000 	C:\Windows\system32\kernel.appcore.dll
0x00007ffd31880000 - 0x00007ffd31933000 	C:\Windows\system32\shcore.dll
0x00007ffd30fa0000 - 0x00007ffd30fea000 	C:\Windows\system32\powrprof.dll
0x00007ffd31000000 - 0x00007ffd31013000 	C:\Windows\system32\profapi.dll
0x00007ffd34180000 - 0x00007ffd3423e000 	C:\Windows\system32\OLEAUT32.dll
0x0000000062680000 - 0x000000006269a000 	C:\Program Files\Java\jdk1.8.0_131\jre\bin\net.dll
0x00007ffd307f0000 - 0x00007ffd3084d000 	C:\Windows\system32\mswsock.dll
0x00007ffd16d60000 - 0x00007ffd16d75000 	C:\Windows\system32\napinsp.dll
0x00007ffd16d80000 - 0x00007ffd16d9a000 	C:\Windows\system32\pnrpnsp.dll
0x00007ffd2eaa0000 - 0x00007ffd2eab8000 	C:\Windows\system32\NLAapi.dll
0x00007ffd305b0000 - 0x00007ffd30658000 	C:\Windows\SYSTEM32\DNSAPI.dll
0x00007ffd18310000 - 0x00007ffd1831d000 	C:\Windows\System32\winrnr.dll
0x00007ffd16da0000 - 0x00007ffd16db5000 	C:\Windows\system32\wshbth.dll
0x00007ffd1ce00000 - 0x00007ffd1ce0a000 	C:\Windows\System32\rasadhlp.dll
0x00007ffd2e030000 - 0x00007ffd2e068000 	C:\Windows\SYSTEM32\IPHLPAPI.DLL
0x00007ffd2dea0000 - 0x00007ffd2deab000 	C:\Windows\SYSTEM32\WINNSI.DLL
0x00007ffd29150000 - 0x00007ffd291b8000 	C:\Windows\System32\fwpuclnt.dll
0x00007ffd30ac0000 - 0x00007ffd30ae8000 	C:\Windows\SYSTEM32\bcrypt.dll
0x0000000062650000 - 0x000000006265d000 	C:\Program Files\Java\jdk1.8.0_131\jre\bin\management.dll
0x0000000062620000 - 0x0000000062644000 	C:\Program Files\Java\jdk1.8.0_131\jre\bin\sunec.dll
0x00007ffd28fe0000 - 0x00007ffd28ff6000 	C:\Windows\SYSTEM32\dhcpcsvc6.DLL
0x00007ffd28fc0000 - 0x00007ffd28fda000 	C:\Windows\SYSTEM32\dhcpcsvc.DLL
0x0000000062660000 - 0x0000000062671000 	C:\Program Files\Java\jdk1.8.0_131\jre\bin\nio.dll
0x0000000062610000 - 0x000000006261b000 	C:\Program Files\Java\jdk1.8.0_131\jre\bin\sunmscapi.dll
0x00007ffd319f0000 - 0x00007ffd31bb1000 	C:\Windows\system32\CRYPT32.dll
0x00007ffd30f80000 - 0x00007ffd30f91000 	C:\Windows\system32\MSASN1.dll

VM Arguments:
jvm_args: -Djava.security.egd=file:/dev/./urandom -Dfile.encoding=windows-1252 -Duser.country=US -Duser.language=en -Duser.variant 
java_command: org.akhikhl.gretty.Runner --servicePort=10445 --statusPort=10446 --serverManagerFactory=org.akhikhl.gretty.ServerManagerFactory
java_class_path (initial): C:\Users\Roshanak\.gradle\caches\modules-2\files-2.1\org.akhikhl.gretty\gretty-runner-jetty9\2.0.0\d5765d2a96b10de69bcee02aec2486da13722e15\gretty-runner-jetty9-2.0.0.jar;C:\Users\Roshanak\.gradle\caches\modules-2\files-2.1\org.akhikhl.gretty\gretty-runner-jetty\2.0.0\9b827d6d50030a0e1ae757078045258e04bf53d5\gretty-runner-jetty-2.0.0.jar;C:\Users\Roshanak\.gradle\caches\modules-2\files-2.1\org.eclipse.jetty.websocket\javax-websocket-server-impl\9.2.22.v20170606\585c9c98840de232567001b0b942b86d7fb03b7d\javax-websocket-server-impl-9.2.22.v20170606.jar;C:\Users\Roshanak\.gradle\caches\modules-2\files-2.1\org.eclipse.jetty\jetty-annotations\9.2.22.v20170606\11f0e1247e3e15bb0ddd76cf7ba401898b4122f2\jetty-annotations-9.2.22.v20170606.jar;C:\Users\Roshanak\.gradle\caches\modules-2\files-2.1\org.eclipse.jetty\jetty-plus\9.2.22.v20170606\405532505073be1c3a939c472b3437ffbba1d004\jetty-plus-9.2.22.v20170606.jar;C:\Users\Roshanak\.gradle\caches\modules-2\files-2.1\org.eclipse.jetty\jetty-webapp\9.2.22.v20170606\1b512e26860e651567a35abd12cfa3772bc61902\jetty-webapp-9.2.22.v20170606.jar;C:\Users\Roshanak\.gradle\caches\modules-2\files-2.1\org.eclipse.jetty.websocket\websocket-server\9.2.22.v20170606\f62e43a84b2f99c142a3c4b50e4502f8495b7747\websocket-server-9.2.22.v20170606.jar;C:\Users\Roshanak\.gradle\caches\modules-2\files-2.1\org.eclipse.jetty\jetty-servlet\9.2.22.v20170606\db0b1b9965a7627e376f17af311cf01c18d20a2f\jetty-servlet-9.2.22.v20170606.jar;C:\Users\Roshanak\.gradle\caches\modules-2\files-2.1\org.eclipse.jetty\jetty-security\9.2.22.v20170606\489ec37fcbe2e7ed5d36f010cdc197c42e1181\jetty-security-9.2.22.v20170606.jar;C:\Users\Roshanak\.gradle\caches\modules-2\files-2.1\org.eclipse.jetty\jetty-server\9.2.22.v20170606\f7d36a5ee7e68a7bbd0f404af90b4c1269c65c1\jetty-server-9.2.22.v20170606.jar;C:\Users\Roshanak\.gradle\caches\modules-2\files-2.1\org.eclipse.jetty\jetty-jsp\9.2.22.v20170606\a906c7384eeaf0f33bf526a3143bc83c6b15a349\jetty-jsp-9.2.22.
Launcher Type: SUN_STANDARD

Environment Variables:
PATH=C:\Users\Roshanak\bin;C:\Program Files\Git\mingw64\bin;C:\Program Files\Git\usr\local\bin;C:\Program Files\Git\usr\bin;C:\Program Files\Git\usr\bin;C:\Program Files\Git\mingw64\bin;C:\Program Files\Git\usr\bin;C:\Users\Roshanak\bin;C:\ProgramData\Oracle\Java\javapath;C:\WINDOWS\system32;C:\Program Files (x86)\Skype\Phone;C:\Program Files\PuTTY;C:\Program Files\Git\cmd;C:\Program Files\Java\jdk1.8.0_131\bin;C:\gradle\gradle-4.0.2\bin;C:\Program Files\Java\jdk1.8.0_121\bin;C:\Program Files (x86)\Microsoft VS Code\bin;C:\Program Files\Git\usr\bin\vendor_perl;C:\Program Files\Git\usr\bin\core_perl
USERNAME=Roshanak
SHELL=C:\Program Files\Git\usr\bin\bash.exe
DISPLAY=needs-to-be-defined
OS=Windows_NT
PROCESSOR_IDENTIFIER=Intel64 Family 6 Model 37 Stepping 5, GenuineIntel



---------------  S Y S T E M  ---------------

OS: Windows 10.0 , 64 bit Build 10240 (10.0.10240.16384)

CPU:total 4 (initial active 4) (2 cores per cpu, 2 threads per core) family 6 model 37 stepping 5, cmov, cx8, fxsr, mmx, sse, sse2, sse3, ssse3, sse4.1, sse4.2, popcnt, ht, tsc, tscinvbit

Memory: 4k page, physical 8248196k(1934892k free), swap 8248196k(1912k free)

vm_info: Java HotSpot(TM) 64-Bit Server VM (25.131-b11) for windows-amd64 JRE (1.8.0_131-b11), built on Mar 15 2017 01:23:53 by "java_re" with MS VC++ 10.0 (VS2010)

time: Fri Aug 11 21:15:31 2017
elapsed time: 3369 seconds (0d 0h 56m 9s)

