#
# There is insufficient memory for the Java Runtime Environment to continue.
# Native memory allocation (malloc) failed to allocate 1783536 bytes for Chunk::new
# Possible reasons:
#   The system is out of physical RAM or swap space
#   In 32 bit mode, the process size limit was hit
# Possible solutions:
#   Reduce memory load on the system
#   Increase physical memory or swap space
#   Check if swap backing store is full
#   Use 64 bit Java on a 64 bit OS
#   Decrease Java heap size (-Xmx/-Xms)
#   Decrease number of Java threads
#   Decrease Java thread stack sizes (-Xss)
#   Set larger code cache with -XX:ReservedCodeCacheSize=
# This output file may be truncated or incomplete.
#
#  Out of Memory Error (allocation.cpp:390), pid=12960, tid=0x000000000000255c
#
# JRE version: Java(TM) SE Runtime Environment (8.0_131-b11) (build 1.8.0_131-b11)
# Java VM: Java HotSpot(TM) 64-Bit Server VM (25.131-b11 mixed mode windows-amd64 compressed oops)
# Failed to write core dump. Minidumps are not enabled by default on client versions of Windows
#

---------------  T H R E A D  ---------------

Current thread (0x0000000015232000):  JavaThread "C2 CompilerThread0" daemon [_thread_in_native, id=9564, stack(0x0000000016870000,0x0000000016970000)]

Stack: [0x0000000016870000,0x0000000016970000]
[error occurred during error reporting (printing stack bounds), id 0xc0000005]

Native frames: (J=compiled Java code, j=interpreted, Vv=VM code, C=native code)


Current CompileTask:
C2:   9733 3527       4       org.codehaus.groovy.runtime.metaclass.MetaMethodIndex::addMethodToList (298 bytes)


---------------  P R O C E S S  ---------------

Java Threads: ( => current thread )
  0x0000000019317800 JavaThread "build operations Thread 4" [_thread_blocked, id=4744, stack(0x000000001f740000,0x000000001f840000)]
  0x0000000019317000 JavaThread "build operations Thread 3" [_thread_blocked, id=1016, stack(0x000000001f640000,0x000000001f740000)]
  0x00000000184cb000 JavaThread "build operations Thread 2" [_thread_blocked, id=8224, stack(0x000000001f3c0000,0x000000001f4c0000)]
  0x00000000184ca800 JavaThread "build operations" [_thread_blocked, id=11076, stack(0x000000001f2c0000,0x000000001f3c0000)]
  0x00000000184c9800 JavaThread "Keep-Alive-Timer" daemon [_thread_blocked, id=7292, stack(0x000000001f930000,0x000000001fa30000)]
  0x00000000184c7800 JavaThread "Cache worker for Artifact transforms cache (C:\Users\Roshanak\.gradle\caches\transforms-1)" [_thread_blocked, id=4088, stack(0x000000001f540000,0x000000001f640000)]
  0x00000000184c6800 JavaThread "Memory manager" [_thread_blocked, id=9316, stack(0x000000001d6c0000,0x000000001d7c0000)]
  0x00000000184c5000 JavaThread "Cache worker for file hash cache (C:\Users\Roshanak\Downloads\java-tomcat-gradle-starter-master\.gradle\4.0.2\fileHashes)" [_thread_blocked, id=5256, stack(0x000000001ae60000,0x000000001af60000)]
  0x00000000184c9000 JavaThread "File lock request listener" [_thread_in_native, id=10856, stack(0x000000001ab60000,0x000000001ac60000)]
  0x00000000184c8000 JavaThread "Cache worker for file hash cache (C:\Users\Roshanak\.gradle\caches\4.0.2\fileHashes)" [_thread_blocked, id=7764, stack(0x000000001aa60000,0x000000001ab60000)]
  0x000000001848e800 JavaThread "Stdin handler" [_thread_blocked, id=8780, stack(0x000000001a960000,0x000000001aa60000)]
  0x0000000018436800 JavaThread "Asynchronous log dispatcher for DefaultDaemonConnection: socket connection from /127.0.0.1:54249 to /127.0.0.1:54250" [_thread_blocked, id=12372, stack(0x000000001a860000,0x000000001a960000)]
  0x0000000018433000 JavaThread "Daemon worker" [_thread_in_vm, id=5072, stack(0x000000001a760000,0x000000001a860000)]
  0x0000000018431000 JavaThread "Cancel handler" [_thread_blocked, id=13632, stack(0x000000001a660000,0x000000001a760000)]
  0x0000000018280800 JavaThread "Handler for socket connection from /127.0.0.1:54249 to /127.0.0.1:54250" [_thread_in_native, id=5184, stack(0x000000001a360000,0x000000001a460000)]
  0x0000000018273800 JavaThread "Daemon" [_thread_blocked, id=10728, stack(0x000000001a260000,0x000000001a360000)]
  0x0000000018314800 JavaThread "Daemon periodic checks" [_thread_blocked, id=7116, stack(0x000000001a160000,0x000000001a260000)]
  0x0000000018017000 JavaThread "Incoming local TCP Connector on port 54249" [_thread_in_native, id=12508, stack(0x0000000019f80000,0x000000001a080000)]
  0x0000000017fd5000 JavaThread "Daemon health stats" [_thread_blocked, id=8836, stack(0x0000000018940000,0x0000000018a40000)]
  0x0000000016ba3000 JavaThread "Service Thread" daemon [_thread_blocked, id=7672, stack(0x0000000016f70000,0x0000000017070000)]
  0x000000001523e800 JavaThread "C1 CompilerThread2" daemon [_thread_blocked, id=11504, stack(0x0000000016a70000,0x0000000016b70000)]
  0x0000000015236000 JavaThread "C2 CompilerThread1" daemon [_thread_in_native, id=5276, stack(0x0000000016970000,0x0000000016a70000)]
=>0x0000000015232000 JavaThread "C2 CompilerThread0" daemon [_thread_in_native, id=9564, stack(0x0000000016870000,0x0000000016970000)]
  0x000000001522e800 JavaThread "Attach Listener" daemon [_thread_blocked, id=9904, stack(0x0000000016770000,0x0000000016870000)]
  0x000000001522d800 JavaThread "Signal Dispatcher" daemon [_thread_blocked, id=1192, stack(0x0000000016670000,0x0000000016770000)]
  0x000000001521a800 JavaThread "Finalizer" daemon [_thread_blocked, id=11836, stack(0x0000000016490000,0x0000000016590000)]
  0x00000000151f9000 JavaThread "Reference Handler" daemon [_thread_blocked, id=2512, stack(0x0000000016390000,0x0000000016490000)]
  0x0000000002a62800 JavaThread "main" [_thread_blocked, id=11980, stack(0x0000000002940000,0x0000000002a40000)]

Other Threads:
  0x00000000151f7800 VMThread [stack: 0x0000000016290000,0x0000000016390000] [id=1308]
  0x0000000016ba8000 WatcherThread [stack: 0x0000000017070000,0x0000000017170000] [id=13732]

VM state:not at safepoint (normal execution)

VM Mutex/Monitor currently owned by a thread: None

Heap:
 PSYoungGen      total 112128K, used 38732K [0x00000000eab00000, 0x00000000f2200000, 0x0000000100000000)
  eden space 102400K, 37% used [0x00000000eab00000,0x00000000ed0d33d0,0x00000000f0f00000)
  from space 9728K, 0% used [0x00000000f0f00000,0x00000000f0f00000,0x00000000f1880000)
  to   space 8192K, 0% used [0x00000000f1a00000,0x00000000f1a00000,0x00000000f2200000)
 ParOldGen       total 59392K, used 17041K [0x00000000c0000000, 0x00000000c3a00000, 0x00000000eab00000)
  object space 59392K, 28% used [0x00000000c0000000,0x00000000c10a46b0,0x00000000c3a00000)
 Metaspace       used 36356K, capacity 36892K, committed 37040K, reserved 1081344K
  class space    used 5101K, capacity 5286K, committed 5296K, reserved 1048576K

Card table byte_map: [0x0000000011f20000,0x0000000012130000] byte_map_base: 0x0000000011920000

Marking Bits: (ParMarkBitMap*) 0x000000006239c720
 Begin Bits: [0x0000000012690000, 0x0000000013690000)
 End Bits:   [0x0000000013690000, 0x0000000014690000)

Polling page: 0x0000000000d30000

CodeCache: size=245760Kb used=11851Kb max_used=12118Kb free=233908Kb
 bounds [0x0000000002b60000, 0x0000000003740000, 0x0000000011b60000]
 total_blobs=4091 nmethods=3381 adapters=623
 compilation: enabled

Compilation events (10 events):
Event: 9.718 Thread 0x000000001523e800 3623       2       java.util.LinkedList::linkFirst (59 bytes)
Event: 9.718 Thread 0x000000001523e800 nmethod 3623 0x0000000002cd26d0 code [0x0000000002cd2820, 0x0000000002cd2a50]
Event: 9.722 Thread 0x000000001523e800 3624       2       sun.reflect.generics.reflectiveObjects.TypeVariableImpl::toString (5 bytes)
Event: 9.722 Thread 0x000000001523e800 nmethod 3624 0x0000000002cd2390 code [0x0000000002cd24e0, 0x0000000002cd2630]
Event: 9.723 Thread 0x000000001523e800 3625       2       sun.reflect.generics.reflectiveObjects.WildcardTypeImpl::toString (155 bytes)
Event: 9.724 Thread 0x000000001523e800 nmethod 3625 0x0000000002cd1810 code [0x0000000002cd1a00, 0x0000000002cd1f48]
Event: 9.725 Thread 0x000000001523e800 3626       1       org.codehaus.groovy.runtime.metaclass.MetaClassRegistryImpl::getMetaClassCreationHandler (5 bytes)
Event: 9.725 Thread 0x000000001523e800 nmethod 3626 0x0000000002cd1550 code [0x0000000002cd16a0, 0x0000000002cd17b0]
Event: 9.725 Thread 0x000000001523e800 3627       2       groovyjarjarasm.asm.ClassWriter::a (70 bytes)
Event: 9.726 Thread 0x000000001523e800 nmethod 3627 0x0000000002cd0ed0 code [0x0000000002cd1080, 0x0000000002cd1378]

GC Heap History (10 events):
Event: 3.943 GC heap before
{Heap before GC invocations=5 (full 1):
 PSYoungGen      total 70656K, used 5094K [0x00000000eab00000, 0x00000000ef500000, 0x0000000100000000)
  eden space 65536K, 0% used [0x00000000eab00000,0x00000000eab00000,0x00000000eeb00000)
  from space 5120K, 99% used [0x00000000ef000000,0x00000000ef4f9af8,0x00000000ef500000)
  to   space 5120K, 0% used [0x00000000eeb00000,0x00000000eeb00000,0x00000000ef000000)
 ParOldGen       total 86016K, used 7914K [0x00000000c0000000, 0x00000000c5400000, 0x00000000eab00000)
  object space 86016K, 9% used [0x00000000c0000000,0x00000000c07ba958,0x00000000c5400000)
 Metaspace       used 20858K, capacity 21198K, committed 21296K, reserved 1067008K
  class space    used 2936K, capacity 3078K, committed 3120K, reserved 1048576K
Event: 4.004 GC heap after
Heap after GC invocations=5 (full 1):
 PSYoungGen      total 70656K, used 0K [0x00000000eab00000, 0x00000000ef500000, 0x0000000100000000)
  eden space 65536K, 0% used [0x00000000eab00000,0x00000000eab00000,0x00000000eeb00000)
  from space 5120K, 0% used [0x00000000ef000000,0x00000000ef000000,0x00000000ef500000)
  to   space 5120K, 0% used [0x00000000eeb00000,0x00000000eeb00000,0x00000000ef000000)
 ParOldGen       total 59392K, used 8309K [0x00000000c0000000, 0x00000000c3a00000, 0x00000000eab00000)
  object space 59392K, 13% used [0x00000000c0000000,0x00000000c081d6e0,0x00000000c3a00000)
 Metaspace       used 20858K, capacity 21198K, committed 21296K, reserved 1067008K
  class space    used 2936K, capacity 3078K, committed 3120K, reserved 1048576K
}
Event: 5.748 GC heap before
{Heap before GC invocations=6 (full 1):
 PSYoungGen      total 70656K, used 65536K [0x00000000eab00000, 0x00000000ef500000, 0x0000000100000000)
  eden space 65536K, 100% used [0x00000000eab00000,0x00000000eeb00000,0x00000000eeb00000)
  from space 5120K, 0% used [0x00000000ef000000,0x00000000ef000000,0x00000000ef500000)
  to   space 5120K, 0% used [0x00000000eeb00000,0x00000000eeb00000,0x00000000ef000000)
 ParOldGen       total 59392K, used 8309K [0x00000000c0000000, 0x00000000c3a00000, 0x00000000eab00000)
  object space 59392K, 13% used [0x00000000c0000000,0x00000000c081d6e0,0x00000000c3a00000)
 Metaspace       used 27620K, capacity 28034K, committed 28208K, reserved 1073152K
  class space    used 3908K, capacity 4050K, committed 4144K, reserved 1048576K
Event: 5.783 GC heap after
Heap after GC invocations=6 (full 1):
 PSYoungGen      total 70656K, used 5096K [0x00000000eab00000, 0x00000000f2380000, 0x0000000100000000)
  eden space 65536K, 0% used [0x00000000eab00000,0x00000000eab00000,0x00000000eeb00000)
  from space 5120K, 99% used [0x00000000eeb00000,0x00000000eeffa2c0,0x00000000ef000000)
  to   space 9728K, 0% used [0x00000000f1a00000,0x00000000f1a00000,0x00000000f2380000)
 ParOldGen       total 59392K, used 9680K [0x00000000c0000000, 0x00000000c3a00000, 0x00000000eab00000)
  object space 59392K, 16% used [0x00000000c0000000,0x00000000c0974230,0x00000000c3a00000)
 Metaspace       used 27620K, capacity 28034K, committed 28208K, reserved 1073152K
  class space    used 3908K, capacity 4050K, committed 4144K, reserved 1048576K
}
Event: 7.329 GC heap before
{Heap before GC invocations=7 (full 1):
 PSYoungGen      total 70656K, used 70632K [0x00000000eab00000, 0x00000000f2380000, 0x0000000100000000)
  eden space 65536K, 100% used [0x00000000eab00000,0x00000000eeb00000,0x00000000eeb00000)
  from space 5120K, 99% used [0x00000000eeb00000,0x00000000eeffa2c0,0x00000000ef000000)
  to   space 9728K, 0% used [0x00000000f1a00000,0x00000000f1a00000,0x00000000f2380000)
 ParOldGen       total 59392K, used 9680K [0x00000000c0000000, 0x00000000c3a00000, 0x00000000eab00000)
  object space 59392K, 16% used [0x00000000c0000000,0x00000000c0974230,0x00000000c3a00000)
 Metaspace       used 30382K, capacity 30772K, committed 31152K, reserved 1075200K
  class space    used 4325K, capacity 4447K, committed 4528K, reserved 1048576K
Event: 7.349 GC heap after
Heap after GC invocations=7 (full 1):
 PSYoungGen      total 110592K, used 6326K [0x00000000eab00000, 0x00000000f2200000, 0x0000000100000000)
  eden space 102400K, 0% used [0x00000000eab00000,0x00000000eab00000,0x00000000f0f00000)
  from space 8192K, 77% used [0x00000000f1a00000,0x00000000f202d9e8,0x00000000f2200000)
  to   space 9728K, 0% used [0x00000000f0f00000,0x00000000f0f00000,0x00000000f1880000)
 ParOldGen       total 59392K, used 9688K [0x00000000c0000000, 0x00000000c3a00000, 0x00000000eab00000)
  object space 59392K, 16% used [0x00000000c0000000,0x00000000c0976230,0x00000000c3a00000)
 Metaspace       used 30382K, capacity 30772K, committed 31152K, reserved 1075200K
  class space    used 4325K, capacity 4447K, committed 4528K, reserved 1048576K
}
Event: 8.670 GC heap before
{Heap before GC invocations=8 (full 1):
 PSYoungGen      total 110592K, used 51974K [0x00000000eab00000, 0x00000000f2200000, 0x0000000100000000)
  eden space 102400K, 44% used [0x00000000eab00000,0x00000000ed794030,0x00000000f0f00000)
  from space 8192K, 77% used [0x00000000f1a00000,0x00000000f202d9e8,0x00000000f2200000)
  to   space 9728K, 0% used [0x00000000f0f00000,0x00000000f0f00000,0x00000000f1880000)
 ParOldGen       total 59392K, used 9688K [0x00000000c0000000, 0x00000000c3a00000, 0x00000000eab00000)
  object space 59392K, 16% used [0x00000000c0000000,0x00000000c0976230,0x00000000c3a00000)
 Metaspace       used 34805K, capacity 35252K, committed 35496K, reserved 1079296K
  class space    used 4900K, capacity 5056K, committed 5168K, reserved 1048576K
Event: 8.689 GC heap after
Heap after GC invocations=8 (full 1):
 PSYoungGen      total 112128K, used 9712K [0x00000000eab00000, 0x00000000f2200000, 0x0000000100000000)
  eden space 102400K, 0% used [0x00000000eab00000,0x00000000eab00000,0x00000000f0f00000)
  from space 9728K, 99% used [0x00000000f0f00000,0x00000000f187c210,0x00000000f1880000)
  to   space 8192K, 0% used [0x00000000f1a00000,0x00000000f1a00000,0x00000000f2200000)
 ParOldGen       total 59392K, used 10554K [0x00000000c0000000, 0x00000000c3a00000, 0x00000000eab00000)
  object space 59392K, 17% used [0x00000000c0000000,0x00000000c0a4eac8,0x00000000c3a00000)
 Metaspace       used 34805K, capacity 35252K, committed 35496K, reserved 1079296K
  class space    used 4900K, capacity 5056K, committed 5168K, reserved 1048576K
}
Event: 8.689 GC heap before
{Heap before GC invocations=9 (full 2):
 PSYoungGen      total 112128K, used 9712K [0x00000000eab00000, 0x00000000f2200000, 0x0000000100000000)
  eden space 102400K, 0% used [0x00000000eab00000,0x00000000eab00000,0x00000000f0f00000)
  from space 9728K, 99% used [0x00000000f0f00000,0x00000000f187c210,0x00000000f1880000)
  to   space 8192K, 0% used [0x00000000f1a00000,0x00000000f1a00000,0x00000000f2200000)
 ParOldGen       total 59392K, used 10554K [0x00000000c0000000, 0x00000000c3a00000, 0x00000000eab00000)
  object space 59392K, 17% used [0x00000000c0000000,0x00000000c0a4eac8,0x00000000c3a00000)
 Metaspace       used 34805K, capacity 35252K, committed 35496K, reserved 1079296K
  class space    used 4900K, capacity 5056K, committed 5168K, reserved 1048576K
Event: 8.803 GC heap after
Heap after GC invocations=9 (full 2):
 PSYoungGen      total 112128K, used 0K [0x00000000eab00000, 0x00000000f2200000, 0x0000000100000000)
  eden space 102400K, 0% used [0x00000000eab00000,0x00000000eab00000,0x00000000f0f00000)
  from space 9728K, 0% used [0x00000000f0f00000,0x00000000f0f00000,0x00000000f1880000)
  to   space 8192K, 0% used [0x00000000f1a00000,0x00000000f1a00000,0x00000000f2200000)
 ParOldGen       total 59392K, used 17041K [0x00000000c0000000, 0x00000000c3a00000, 0x00000000eab00000)
  object space 59392K, 28% used [0x00000000c0000000,0x00000000c10a46b0,0x00000000c3a00000)
 Metaspace       used 34805K, capacity 35252K, committed 35496K, reserved 1079296K
  class space    used 4900K, capacity 5056K, committed 5168K, reserved 1048576K
}

Deoptimization events (10 events):
Event: 8.946 Thread 0x0000000018433000 Uncommon trap: reason=class_check action=maybe_recompile pc=0x0000000003153ea4 method=java.util.concurrent.ConcurrentHashMap.putVal(Ljava/lang/Object;Ljava/lang/Object;Z)Ljava/lang/Object; @ 192
Event: 9.145 Thread 0x0000000018433000 Uncommon trap: reason=bimorphic action=maybe_recompile pc=0x0000000003735398 method=com.google.common.collect.ImmutableList.copyOf(Ljava/util/Collection;)Lcom/google/common/collect/ImmutableList; @ 35
Event: 9.358 Thread 0x0000000018433000 Uncommon trap: reason=bimorphic action=maybe_recompile pc=0x000000000319db04 method=java.lang.ClassLoader.getPackage(Ljava/lang/String;)Ljava/lang/Package; @ 47
Event: 9.358 Thread 0x0000000018433000 Uncommon trap: reason=bimorphic action=maybe_recompile pc=0x000000000319db04 method=java.lang.ClassLoader.getPackage(Ljava/lang/String;)Ljava/lang/Package; @ 47
Event: 9.358 Thread 0x0000000018433000 Uncommon trap: reason=bimorphic action=maybe_recompile pc=0x000000000319db04 method=java.lang.ClassLoader.getPackage(Ljava/lang/String;)Ljava/lang/Package; @ 47
Event: 9.359 Thread 0x0000000018433000 Uncommon trap: reason=bimorphic action=maybe_recompile pc=0x000000000319db04 method=java.lang.ClassLoader.getPackage(Ljava/lang/String;)Ljava/lang/Package; @ 47
Event: 9.364 Thread 0x0000000018433000 Uncommon trap: reason=class_check action=maybe_recompile pc=0x0000000003702484 method=org.codehaus.groovy.runtime.metaclass.MetaMethodIndex.addMethodToList(Ljava/lang/Object;Lgroovy/lang/MetaMethod;)Ljava/lang/Object; @ 240
Event: 9.364 Thread 0x0000000018433000 Uncommon trap: reason=class_check action=maybe_recompile pc=0x0000000003702484 method=org.codehaus.groovy.runtime.metaclass.MetaMethodIndex.addMethodToList(Ljava/lang/Object;Lgroovy/lang/MetaMethod;)Ljava/lang/Object; @ 240
Event: 9.364 Thread 0x0000000018433000 Uncommon trap: reason=class_check action=maybe_recompile pc=0x0000000003702484 method=org.codehaus.groovy.runtime.metaclass.MetaMethodIndex.addMethodToList(Ljava/lang/Object;Lgroovy/lang/MetaMethod;)Ljava/lang/Object; @ 240
Event: 9.364 Thread 0x0000000018433000 Uncommon trap: reason=class_check action=maybe_recompile pc=0x0000000003702484 method=org.codehaus.groovy.runtime.metaclass.MetaMethodIndex.addMethodToList(Ljava/lang/Object;Lgroovy/lang/MetaMethod;)Ljava/lang/Object; @ 240

Internal exceptions (10 events):
Event: 9.706 Thread 0x0000000018433000 Exception <a 'java/lang/ClassNotFoundException': org/akhikhl/gretty/FarmConfigBeanInfo> (0x00000000ecd99510) thrown at [C:\re\workspace\8-2-build-windows-amd64-cygwin\jdk8u131\8869\hotspot\src\share\vm\classfile\systemDictionary.cpp, line 210]
Event: 9.707 Thread 0x0000000018433000 Exception <a 'java/lang/ClassNotFoundException': org/akhikhl/gretty/FarmConfigCustomizer> (0x00000000ecda39e8) thrown at [C:\re\workspace\8-2-build-windows-amd64-cygwin\jdk8u131\8869\hotspot\src\share\vm\classfile\systemDictionary.cpp, line 210]
Event: 9.710 Thread 0x0000000018433000 Exception <a 'java/lang/ClassNotFoundException': org/akhikhl/gretty/FarmExtensionCustomizer> (0x00000000ece237a0) thrown at [C:\re\workspace\8-2-build-windows-amd64-cygwin\jdk8u131\8869\hotspot\src\share\vm\classfile\systemDictionary.cpp, line 210]
Event: 9.711 Thread 0x0000000018433000 Exception <a 'java/lang/ClassNotFoundException': org/akhikhl/gretty/FarmExtension_DecoratedCustomizer> (0x00000000ece474e0) thrown at [C:\re\workspace\8-2-build-windows-amd64-cygwin\jdk8u131\8869\hotspot\src\share\vm\classfile\systemDictionary.cpp, line 2
Event: 9.719 Thread 0x0000000018433000 Exception <a 'java/lang/ClassNotFoundException': java/util/LinkedHashMapBeanInfo> (0x00000000ecf822f0) thrown at [C:\re\workspace\8-2-build-windows-amd64-cygwin\jdk8u131\8869\hotspot\src\share\vm\classfile\systemDictionary.cpp, line 210]
Event: 9.720 Thread 0x0000000018433000 Exception <a 'java/lang/ClassNotFoundException': java/util/HashMapBeanInfo> (0x00000000ecf88290) thrown at [C:\re\workspace\8-2-build-windows-amd64-cygwin\jdk8u131\8869\hotspot\src\share\vm\classfile\systemDictionary.cpp, line 210]
Event: 9.720 Thread 0x0000000018433000 Exception <a 'java/lang/ClassNotFoundException': java/util/AbstractMapBeanInfo> (0x00000000ecf8e748) thrown at [C:\re\workspace\8-2-build-windows-amd64-cygwin\jdk8u131\8869\hotspot\src\share\vm\classfile\systemDictionary.cpp, line 210]
Event: 9.720 Thread 0x0000000018433000 Exception <a 'java/lang/ClassNotFoundException': java/util/AbstractMapCustomizer> (0x00000000ecf94ca8) thrown at [C:\re\workspace\8-2-build-windows-amd64-cygwin\jdk8u131\8869\hotspot\src\share\vm\classfile\systemDictionary.cpp, line 210]
Event: 9.721 Thread 0x0000000018433000 Exception <a 'java/lang/ClassNotFoundException': java/util/HashMapCustomizer> (0x00000000ecfa7dc8) thrown at [C:\re\workspace\8-2-build-windows-amd64-cygwin\jdk8u131\8869\hotspot\src\share\vm\classfile\systemDictionary.cpp, line 210]
Event: 9.723 Thread 0x0000000018433000 Exception <a 'java/lang/ClassNotFoundException': java/util/LinkedHashMapCustomizer> (0x00000000ecfcd8e0) thrown at [C:\re\workspace\8-2-build-windows-amd64-cygwin\jdk8u131\8869\hotspot\src\share\vm\classfile\systemDictionary.cpp, line 210]

Events (10 events):
Event: 9.724 loading class org/codehaus/groovy/runtime/callsite/GetEffectivePojoPropertySite
Event: 9.724 loading class org/codehaus/groovy/runtime/callsite/GetEffectivePojoPropertySite done
Event: 9.727 loading class groovy/lang/GroovyRuntimeException
Event: 9.727 loading class groovy/lang/GroovyRuntimeException done
Event: 9.728 loading class org/codehaus/groovy/runtime/typehandling/DefaultTypeTransformation
Event: 9.728 loading class org/codehaus/groovy/runtime/typehandling/DefaultTypeTransformation done
Event: 9.729 loading class org/akhikhl/gretty/FarmsExtension
Event: 9.729 loading class org/akhikhl/gretty/FarmsExtension done
Event: 9.729 loading class org/akhikhl/gretty/FarmsConfig
Event: 9.729 loading class org/akhikhl/gretty/FarmsConfig done


Dynamic libraries:
0x00007ff6dcdd0000 - 0x00007ff6dce07000 	C:\Program Files\Java\jdk1.8.0_131\bin\java.exe
0x00007ffd34590000 - 0x00007ffd34752000 	C:\Windows\SYSTEM32\ntdll.dll
0x00007ffd32950000 - 0x00007ffd329fd000 	C:\Windows\system32\KERNEL32.DLL
0x00007ffd31650000 - 0x00007ffd3182d000 	C:\Windows\system32\KERNELBASE.dll
0x00007ffd32150000 - 0x00007ffd321f6000 	C:\Windows\system32\ADVAPI32.dll
0x00007ffd31fa0000 - 0x00007ffd3203d000 	C:\Windows\system32\msvcrt.dll
0x00007ffd320a0000 - 0x00007ffd320fb000 	C:\Windows\system32\sechost.dll
0x00007ffd323b0000 - 0x00007ffd324d6000 	C:\Windows\system32\RPCRT4.dll
0x00007ffd34240000 - 0x00007ffd3438e000 	C:\Windows\system32\USER32.dll
0x00007ffd34400000 - 0x00007ffd34586000 	C:\Windows\system32\GDI32.dll
0x00007ffd1cfb0000 - 0x00007ffd1d224000 	C:\Windows\WinSxS\amd64_microsoft.windows.common-controls_6595b64144ccf1df_6.0.10240.16384_none_f41f7b285750ef43\COMCTL32.dll
0x00007ffd32100000 - 0x00007ffd32136000 	C:\Windows\system32\IMM32.DLL
0x00007ffd34020000 - 0x00007ffd3417c000 	C:\Windows\system32\MSCTF.dll
0x0000000063300000 - 0x00000000633d2000 	C:\Program Files\Java\jdk1.8.0_131\jre\bin\msvcr100.dll
0x0000000061b80000 - 0x000000006241c000 	C:\Program Files\Java\jdk1.8.0_131\jre\bin\server\jvm.dll
0x00007ffd31cf0000 - 0x00007ffd31cf8000 	C:\Windows\system32\PSAPI.DLL
0x00007ffd2ddc0000 - 0x00007ffd2ddca000 	C:\Windows\SYSTEM32\VERSION.dll
0x00007ffd2f280000 - 0x00007ffd2f2a3000 	C:\Windows\SYSTEM32\WINMM.dll
0x00007ffd25f30000 - 0x00007ffd25f39000 	C:\Windows\SYSTEM32\WSOCK32.dll
0x00007ffd328e0000 - 0x00007ffd32949000 	C:\Windows\system32\WS2_32.dll
0x00007ffd32140000 - 0x00007ffd32148000 	C:\Windows\system32\NSI.dll
0x0000000001180000 - 0x00000000011ac000 	C:\Windows\SYSTEM32\WINMMBASE.dll
0x00007ffd31830000 - 0x00007ffd31874000 	C:\Windows\system32\cfgmgr32.dll
0x00007ffd2f8f0000 - 0x00007ffd2f917000 	C:\Windows\SYSTEM32\DEVOBJ.dll
0x0000000063210000 - 0x000000006321f000 	C:\Program Files\Java\jdk1.8.0_131\jre\bin\verify.dll
0x00000000631e0000 - 0x0000000063209000 	C:\Program Files\Java\jdk1.8.0_131\jre\bin\java.dll
0x00000000631c0000 - 0x00000000631d6000 	C:\Program Files\Java\jdk1.8.0_131\jre\bin\zip.dll
0x00007ffd32a00000 - 0x00007ffd33f68000 	C:\Windows\system32\SHELL32.dll
0x00007ffd31020000 - 0x00007ffd31648000 	C:\Windows\system32\windows.storage.dll
0x00007ffd31d00000 - 0x00007ffd31f7c000 	C:\Windows\system32\combase.dll
0x00007ffd31c90000 - 0x00007ffd31ce1000 	C:\Windows\system32\shlwapi.dll
0x00007ffd30ff0000 - 0x00007ffd30fff000 	C:\Windows\system32\kernel.appcore.dll
0x00007ffd31880000 - 0x00007ffd31933000 	C:\Windows\system32\shcore.dll
0x00007ffd30fa0000 - 0x00007ffd30fea000 	C:\Windows\system32\powrprof.dll
0x00007ffd31000000 - 0x00007ffd31013000 	C:\Windows\system32\profapi.dll
0x00007ffd34180000 - 0x00007ffd3423e000 	C:\Windows\system32\OLEAUT32.dll
0x00000000631a0000 - 0x00000000631ba000 	C:\Program Files\Java\jdk1.8.0_131\jre\bin\net.dll
0x00007ffd307f0000 - 0x00007ffd3084d000 	C:\Windows\system32\mswsock.dll
0x0000000063180000 - 0x0000000063191000 	C:\Program Files\Java\jdk1.8.0_131\jre\bin\nio.dll
0x00007ffd2d520000 - 0x00007ffd2d53e000 	C:\Users\Roshanak\.gradle\native\25\windows-amd64\native-platform.dll
0x00007ffd30850000 - 0x00007ffd30867000 	C:\Windows\SYSTEM32\CRYPTSP.dll
0x00007ffd30ac0000 - 0x00007ffd30ae8000 	C:\Windows\SYSTEM32\bcrypt.dll
0x00007ffd304a0000 - 0x00007ffd304d3000 	C:\Windows\system32\rsaenh.dll
0x00007ffd30590000 - 0x00007ffd305af000 	C:\Windows\SYSTEM32\USERENV.dll
0x00007ffd30dd0000 - 0x00007ffd30e3b000 	C:\Windows\system32\bcryptprimitives.dll
0x00007ffd309c0000 - 0x00007ffd309cb000 	C:\Windows\SYSTEM32\CRYPTBASE.dll
0x00007ffd2e030000 - 0x00007ffd2e068000 	C:\Windows\SYSTEM32\IPHLPAPI.DLL
0x00007ffd2dea0000 - 0x00007ffd2deab000 	C:\Windows\SYSTEM32\WINNSI.DLL
0x00007ffd28fe0000 - 0x00007ffd28ff6000 	C:\Windows\SYSTEM32\dhcpcsvc6.DLL
0x00007ffd28fc0000 - 0x00007ffd28fda000 	C:\Windows\SYSTEM32\dhcpcsvc.DLL
0x0000000063170000 - 0x000000006317d000 	C:\Program Files\Java\jdk1.8.0_131\jre\bin\management.dll
0x0000000063140000 - 0x0000000063164000 	C:\Program Files\Java\jdk1.8.0_131\jre\bin\sunec.dll
0x0000000063130000 - 0x000000006313b000 	C:\Program Files\Java\jdk1.8.0_131\jre\bin\sunmscapi.dll
0x00007ffd319f0000 - 0x00007ffd31bb1000 	C:\Windows\system32\CRYPT32.dll
0x00007ffd30f80000 - 0x00007ffd30f91000 	C:\Windows\system32\MSASN1.dll
0x00007ffd305b0000 - 0x00007ffd30658000 	C:\Windows\SYSTEM32\DNSAPI.dll
0x00007ffd1ce00000 - 0x00007ffd1ce0a000 	C:\Windows\System32\rasadhlp.dll
0x00007ffd29150000 - 0x00007ffd291b8000 	C:\Windows\System32\fwpuclnt.dll

VM Arguments:
jvm_args: -XX:MaxPermSize=256m -XX:+HeapDumpOnOutOfMemoryError -Xmx1024m -Dfile.encoding=windows-1252 -Duser.country=US -Duser.language=en -Duser.variant 
java_command: org.gradle.launcher.daemon.bootstrap.GradleDaemon 4.0.2
java_class_path (initial): C:\gradle\gradle-4.0.2\lib\gradle-launcher-4.0.2.jar
Launcher Type: SUN_STANDARD

Environment Variables:
PATH=C:\Users\Roshanak\bin;C:\Program Files\Git\mingw64\bin;C:\Program Files\Git\usr\local\bin;C:\Program Files\Git\usr\bin;C:\Program Files\Git\usr\bin;C:\Program Files\Git\mingw64\bin;C:\Program Files\Git\usr\bin;C:\Users\Roshanak\bin;C:\ProgramData\Oracle\Java\javapath;C:\WINDOWS\system32;C:\Program Files (x86)\Skype\Phone;C:\Program Files\PuTTY;C:\Program Files\Git\cmd;C:\Program Files\Java\jdk1.8.0_131\bin;C:\gradle\gradle-4.0.2\bin;C:\Program Files\Java\jdk1.8.0_121\bin;C:\Program Files (x86)\Microsoft VS Code\bin;C:\Program Files\Git\usr\bin\vendor_perl;C:\Program Files\Git\usr\bin\core_perl
USERNAME=Roshanak
SHELL=C:\Program Files\Git\usr\bin\bash.exe
DISPLAY=needs-to-be-defined
OS=Windows_NT
PROCESSOR_IDENTIFIER=Intel64 Family 6 Model 37 Stepping 5, GenuineIntel



---------------  S Y S T E M  ---------------

OS: Windows 10.0 , 64 bit Build 10240 (10.0.10240.16384)

CPU:total 4 (initial active 4) (2 cores per cpu, 2 threads per core) family 6 model 37 stepping 5, cmov, cx8, fxsr, mmx, sse, sse2, sse3, ssse3, sse4.1, sse4.2, popcnt, ht, tsc, tscinvbit

Memory: 4k page, physical 8248196k(1753732k free), swap 8248196k(7856k free)

vm_info: Java HotSpot(TM) 64-Bit Server VM (25.131-b11) for windows-amd64 JRE (1.8.0_131-b11), built on Mar 15 2017 01:23:53 by "java_re" with MS VC++ 10.0 (VS2010)

time: Sat Aug 05 14:56:31 2017
elapsed time: 9 seconds (0d 0h 0m 9s)

