#
# There is insufficient memory for the Java Runtime Environment to continue.
# Native memory allocation (malloc) failed to allocate 32744 bytes for ChunkPool::allocate
# Possible reasons:
#   The system is out of physical RAM or swap space
#   In 32 bit mode, the process size limit was hit
# Possible solutions:
#   Reduce memory load on the system
#   Increase physical memory or swap space
#   Check if swap backing store is full
#   Use 64 bit Java on a 64 bit OS
#   Decrease Java heap size (-Xmx/-Xms)
#   Decrease number of Java threads
#   Decrease Java thread stack sizes (-Xss)
#   Set larger code cache with -XX:ReservedCodeCacheSize=
# This output file may be truncated or incomplete.
#
#  Out of Memory Error (allocation.cpp:273), pid=4460, tid=0x00000000000017e0
#
# JRE version: Java(TM) SE Runtime Environment (8.0_131-b11) (build 1.8.0_131-b11)
# Java VM: Java HotSpot(TM) 64-Bit Server VM (25.131-b11 mixed mode windows-amd64 compressed oops)
# Failed to write core dump. Minidumps are not enabled by default on client versions of Windows
#

---------------  T H R E A D  ---------------

Current thread (0x0000000015702800):  JavaThread "C2 CompilerThread1" daemon [_thread_in_native, id=6112, stack(0x0000000016e30000,0x0000000016f30000)]

Stack: [0x0000000016e30000,0x0000000016f30000]
[error occurred during error reporting (printing stack bounds), id 0xc0000005]

Native frames: (J=compiled Java code, j=interpreted, Vv=VM code, C=native code)


Current CompileTask:
C2:3654174 8073       4       java.nio.Buffer::hasRemaining (17 bytes)


---------------  P R O C E S S  ---------------

Java Threads: ( => current thread )
  0x000000001851c800 JavaThread "forward input" daemon [_thread_blocked, id=13732, stack(0x0000000021d90000,0x0000000021e90000)]
  0x0000000018517800 JavaThread "Connection worker" daemon [_thread_in_vm, id=13600, stack(0x0000000020cc0000,0x0000000020dc0000)]
  0x000000001851a800 JavaThread "Forward streams with process: command 'C:\Program Files\Java\jdk1.8.0_131\bin\java.exe' Thread 3" [_thread_in_native, id=2084, stack(0x0000000022130000,0x0000000022230000)]
  0x0000000018516800 JavaThread "Forward streams with process: command 'C:\Program Files\Java\jdk1.8.0_131\bin\java.exe' Thread 2" [_thread_in_native, id=8944, stack(0x0000000022030000,0x0000000022130000)]
  0x000000001851d800 JavaThread "Run command 'C:\Program Files\Java\jdk1.8.0_131\bin\java.exe'" [_thread_in_native, id=13320, stack(0x0000000021b90000,0x0000000021c90000)]
  0x0000000018834800 JavaThread "Scanner-2" daemon [_thread_blocked, id=13464, stack(0x0000000021a90000,0x0000000021b90000)]
  0x0000000018833800 JavaThread "Thread-78" [_thread_blocked, id=124, stack(0x00000000216f0000,0x00000000217f0000)]
  0x0000000018830800 JavaThread "pool-3-thread-1" [_thread_blocked, id=8244, stack(0x00000000215f0000,0x00000000216f0000)]
  0x000000001c22c800 JavaThread "Cache worker for task history cache (C:\Users\Roshanak\eclipse\Lab7New\.gradle\4.0.2\taskHistory)" [_thread_blocked, id=13076, stack(0x0000000020bc0000,0x0000000020cc0000)]
  0x000000001c229800 JavaThread "Cache worker for file content cache (C:\Users\Roshanak\eclipse\Lab7New\.gradle\4.0.2\fileContent)" [_thread_blocked, id=8228, stack(0x0000000020ac0000,0x0000000020bc0000)]
  0x000000001c22b800 JavaThread "build operations Thread 4" [_thread_blocked, id=2396, stack(0x00000000209c0000,0x0000000020ac0000)]
  0x000000001c222000 JavaThread "build operations Thread 3" [_thread_blocked, id=14072, stack(0x000000001c980000,0x000000001ca80000)]
  0x000000001c228800 JavaThread "build operations Thread 2" [_thread_blocked, id=4584, stack(0x000000001c5c0000,0x000000001c6c0000)]
  0x000000001c227000 JavaThread "build operations" [_thread_blocked, id=3032, stack(0x000000001b2f0000,0x000000001b3f0000)]
  0x000000001c220800 JavaThread "Cache worker for Artifact transforms cache (C:\Users\Roshanak\.gradle\caches\transforms-1)" [_thread_blocked, id=1212, stack(0x0000000019d20000,0x0000000019e20000)]
  0x000000001c21f800 JavaThread "Cache worker for file hash cache (C:\Users\Roshanak\eclipse\Lab7New\.gradle\4.0.2\fileHashes)" [_thread_blocked, id=7824, stack(0x0000000019c20000,0x0000000019d20000)]
  0x000000001c221000 JavaThread "Stdin handler" [_thread_blocked, id=10280, stack(0x0000000019b20000,0x0000000019c20000)]
  0x000000001c225800 JavaThread "Asynchronous log dispatcher for DefaultDaemonConnection: socket connection from /127.0.0.1:11600 to /127.0.0.1:12259" [_thread_blocked, id=7756, stack(0x0000000019820000,0x0000000019920000)]
  0x000000001c223800 JavaThread "Daemon worker Thread 3" [_thread_blocked, id=12612, stack(0x0000000019720000,0x0000000019820000)]
  0x000000001c21e000 JavaThread "Cancel handler" [_thread_blocked, id=9324, stack(0x00000000014a0000,0x00000000015a0000)]
  0x000000001c21f000 JavaThread "Handler for socket connection from /127.0.0.1:11600 to /127.0.0.1:12259" [_thread_in_native, id=5508, stack(0x00000000013a0000,0x00000000014a0000)]
  0x000000001c225000 JavaThread "Daemon Thread 3" [_thread_blocked, id=6740, stack(0x00000000012a0000,0x00000000013a0000)]
  0x000000001c222800 JavaThread "pool-1-thread-1" [_thread_in_native, id=11560, stack(0x0000000021f30000,0x0000000022030000)]
  0x0000000018832000 JavaThread "Memory manager" [_thread_blocked, id=1636, stack(0x000000001f5f0000,0x000000001f6f0000)]
  0x0000000018831800 JavaThread "File lock request listener" [_thread_in_native, id=12524, stack(0x000000001aff0000,0x000000001b0f0000)]
  0x0000000018833000 JavaThread "Cache worker for file hash cache (C:\Users\Roshanak\.gradle\caches\4.0.2\fileHashes)" [_thread_blocked, id=5512, stack(0x000000001aef0000,0x000000001aff0000)]
  0x000000001834b800 JavaThread "Daemon periodic checks" [_thread_blocked, id=5948, stack(0x0000000019620000,0x0000000019720000)]
  0x0000000018ad0800 JavaThread "Incoming local TCP Connector on port 11600" [_thread_in_native, id=6632, stack(0x0000000019440000,0x0000000019540000)]
  0x000000001825d000 JavaThread "Daemon health stats" [_thread_blocked, id=10608, stack(0x0000000019340000,0x0000000019440000)]
  0x0000000017060800 JavaThread "Service Thread" daemon [_thread_blocked, id=11108, stack(0x0000000017430000,0x0000000017530000)]
  0x0000000015707800 JavaThread "C1 CompilerThread2" daemon [_thread_blocked, id=13392, stack(0x0000000016f30000,0x0000000017030000)]
=>0x0000000015702800 JavaThread "C2 CompilerThread1" daemon [_thread_in_native, id=6112, stack(0x0000000016e30000,0x0000000016f30000)]
  0x0000000015700000 JavaThread "C2 CompilerThread0" daemon [_thread_in_native, id=11252, stack(0x0000000016d30000,0x0000000016e30000)]
  0x00000000156fd000 JavaThread "Attach Listener" daemon [_thread_blocked, id=13996, stack(0x0000000016c30000,0x0000000016d30000)]
  0x00000000156fb800 JavaThread "Signal Dispatcher" daemon [_thread_blocked, id=1728, stack(0x0000000016b30000,0x0000000016c30000)]
  0x00000000156ea800 JavaThread "Finalizer" daemon [_thread_blocked, id=5040, stack(0x0000000016950000,0x0000000016a50000)]
  0x0000000003020800 JavaThread "Reference Handler" daemon [_thread_blocked, id=10896, stack(0x0000000016850000,0x0000000016950000)]
  0x0000000002f32800 JavaThread "main" [_thread_blocked, id=12160, stack(0x0000000002dd0000,0x0000000002ed0000)]

Other Threads:
  0x00000000156c8800 VMThread [stack: 0x0000000016750000,0x0000000016850000] [id=13984]
  0x000000001707d000 WatcherThread [stack: 0x0000000017530000,0x0000000017630000] [id=11880]

VM state:not at safepoint (normal execution)

VM Mutex/Monitor currently owned by a thread: None

Heap:
 PSYoungGen      total 121856K, used 88943K [0x00000000eab00000, 0x00000000f5100000, 0x0000000100000000)
  eden space 98816K, 67% used [0x00000000eab00000,0x00000000eebbb998,0x00000000f0b80000)
  from space 23040K, 98% used [0x00000000f3a80000,0x00000000f50a04b0,0x00000000f5100000)
  to   space 26624K, 0% used [0x00000000f1d00000,0x00000000f1d00000,0x00000000f3700000)
 ParOldGen       total 95232K, used 29409K [0x00000000c0000000, 0x00000000c5d00000, 0x00000000eab00000)
  object space 95232K, 30% used [0x00000000c0000000,0x00000000c1cb8620,0x00000000c5d00000)
 Metaspace       used 51150K, capacity 53222K, committed 53416K, reserved 1095680K
  class space    used 7355K, capacity 8001K, committed 8112K, reserved 1048576K

Card table byte_map: [0x00000000123f0000,0x0000000012600000] byte_map_base: 0x0000000011df0000

Marking Bits: (ParMarkBitMap*) 0x0000000062f1c720
 Begin Bits: [0x0000000012b60000, 0x0000000013b60000)
 End Bits:   [0x0000000013b60000, 0x0000000014b60000)

Polling page: 0x0000000001610000

CodeCache: size=245760Kb used=23641Kb max_used=23675Kb free=222118Kb
 bounds [0x0000000003030000, 0x0000000004790000, 0x0000000012030000]
 total_blobs=7546 nmethods=6803 adapters=656
 compilation: enabled

Compilation events (10 events):
Event: 3652.590 Thread 0x0000000015707800 nmethod 8066 0x0000000003d0f8d0 code [0x0000000003d0fa20, 0x0000000003d0fb30]
Event: 3652.615 Thread 0x0000000015702800 8067       4       java.util.HashMap::removeNode (291 bytes)
Event: 3652.623 Thread 0x0000000015702800 nmethod 8067 0x0000000003b1d210 code [0x0000000003b1d380, 0x0000000003b1d7b8]
Event: 3652.735 Thread 0x0000000015707800 8068       3       com.esotericsoftware.kryo.io.Input::readString (127 bytes)
Event: 3652.736 Thread 0x0000000015707800 nmethod 8068 0x000000000392eed0 code [0x000000000392f0a0, 0x000000000392f5b8]
Event: 3652.736 Thread 0x0000000015707800 8069       3       com.esotericsoftware.kryo.io.Input::readInt (192 bytes)
Event: 3652.737 Thread 0x0000000015707800 nmethod 8069 0x000000000469bb10 code [0x000000000469bca0, 0x000000000469c158]
Event: 3653.265 Thread 0x0000000015700000 8070   !   4       java.io.BufferedReader::readLine (304 bytes)
Event: 3653.266 Thread 0x0000000015707800 8071   !   3       sun.nio.cs.StreamDecoder::readBytes (289 bytes)
Event: 3653.267 Thread 0x0000000015702800 8073       4       java.nio.Buffer::hasRemaining (17 bytes)

GC Heap History (10 events):
Event: 11.291 GC heap before
{Heap before GC invocations=12 (full 2):
 PSYoungGen      total 73216K, used 61952K [0x00000000eab00000, 0x00000000f1400000, 0x0000000100000000)
  eden space 61952K, 100% used [0x00000000eab00000,0x00000000ee780000,0x00000000ee780000)
  from space 11264K, 0% used [0x00000000ee780000,0x00000000ee780000,0x00000000ef280000)
  to   space 11776K, 0% used [0x00000000f0880000,0x00000000f0880000,0x00000000f1400000)
 ParOldGen       total 95232K, used 15305K [0x00000000c0000000, 0x00000000c5d00000, 0x00000000eab00000)
  object space 95232K, 16% used [0x00000000c0000000,0x00000000c0ef2628,0x00000000c5d00000)
 Metaspace       used 37113K, capacity 37672K, committed 37928K, reserved 1081344K
  class space    used 5205K, capacity 5398K, committed 5424K, reserved 1048576K
Event: 11.311 GC heap after
Heap after GC invocations=12 (full 2):
 PSYoungGen      total 90624K, used 8465K [0x00000000eab00000, 0x00000000f1200000, 0x0000000100000000)
  eden space 80896K, 0% used [0x00000000eab00000,0x00000000eab00000,0x00000000efa00000)
  from space 9728K, 87% used [0x00000000f0880000,0x00000000f10c4510,0x00000000f1200000)
  to   space 12288K, 0% used [0x00000000efa00000,0x00000000efa00000,0x00000000f0600000)
 ParOldGen       total 95232K, used 15313K [0x00000000c0000000, 0x00000000c5d00000, 0x00000000eab00000)
  object space 95232K, 16% used [0x00000000c0000000,0x00000000c0ef4628,0x00000000c5d00000)
 Metaspace       used 37113K, capacity 37672K, committed 37928K, reserved 1081344K
  class space    used 5205K, capacity 5398K, committed 5424K, reserved 1048576K
}
Event: 12.590 GC heap before
{Heap before GC invocations=13 (full 2):
 PSYoungGen      total 90624K, used 89361K [0x00000000eab00000, 0x00000000f1200000, 0x0000000100000000)
  eden space 80896K, 100% used [0x00000000eab00000,0x00000000efa00000,0x00000000efa00000)
  from space 9728K, 87% used [0x00000000f0880000,0x00000000f10c4510,0x00000000f1200000)
  to   space 12288K, 0% used [0x00000000efa00000,0x00000000efa00000,0x00000000f0600000)
 ParOldGen       total 95232K, used 15313K [0x00000000c0000000, 0x00000000c5d00000, 0x00000000eab00000)
  object space 95232K, 16% used [0x00000000c0000000,0x00000000c0ef4628,0x00000000c5d00000)
 Metaspace       used 39999K, capacity 40832K, committed 41000K, reserved 1085440K
  class space    used 5602K, capacity 5866K, committed 5936K, reserved 1048576K
Event: 12.616 GC heap after
Heap after GC invocations=13 (full 2):
 PSYoungGen      total 93184K, used 12272K [0x00000000eab00000, 0x00000000f3000000, 0x0000000100000000)
  eden space 80896K, 0% used [0x00000000eab00000,0x00000000eab00000,0x00000000efa00000)
  from space 12288K, 99% used [0x00000000efa00000,0x00000000f05fc040,0x00000000f0600000)
  to   space 15360K, 0% used [0x00000000f2100000,0x00000000f2100000,0x00000000f3000000)
 ParOldGen       total 95232K, used 20503K [0x00000000c0000000, 0x00000000c5d00000, 0x00000000eab00000)
  object space 95232K, 21% used [0x00000000c0000000,0x00000000c1405ef0,0x00000000c5d00000)
 Metaspace       used 39999K, capacity 40832K, committed 41000K, reserved 1085440K
  class space    used 5602K, capacity 5866K, committed 5936K, reserved 1048576K
}
Event: 470.461 GC heap before
{Heap before GC invocations=14 (full 2):
 PSYoungGen      total 93184K, used 93168K [0x00000000eab00000, 0x00000000f3000000, 0x0000000100000000)
  eden space 80896K, 100% used [0x00000000eab00000,0x00000000efa00000,0x00000000efa00000)
  from space 12288K, 99% used [0x00000000efa00000,0x00000000f05fc040,0x00000000f0600000)
  to   space 15360K, 0% used [0x00000000f2100000,0x00000000f2100000,0x00000000f3000000)
 ParOldGen       total 95232K, used 20503K [0x00000000c0000000, 0x00000000c5d00000, 0x00000000eab00000)
  object space 95232K, 21% used [0x00000000c0000000,0x00000000c1405ef0,0x00000000c5d00000)
 Metaspace       used 42897K, capacity 44058K, committed 44328K, reserved 1087488K
  class space    used 6003K, capacity 6361K, committed 6448K, reserved 1048576K
Event: 470.500 GC heap after
Heap after GC invocations=14 (full 2):
 PSYoungGen      total 116736K, used 15329K [0x00000000eab00000, 0x00000000f3480000, 0x0000000100000000)
  eden space 101376K, 0% used [0x00000000eab00000,0x00000000eab00000,0x00000000f0e00000)
  from space 15360K, 99% used [0x00000000f2100000,0x00000000f2ff84d0,0x00000000f3000000)
  to   space 19456K, 0% used [0x00000000f0e00000,0x00000000f0e00000,0x00000000f2100000)
 ParOldGen       total 95232K, used 26149K [0x00000000c0000000, 0x00000000c5d00000, 0x00000000eab00000)
  object space 95232K, 27% used [0x00000000c0000000,0x00000000c1989500,0x00000000c5d00000)
 Metaspace       used 42897K, capacity 44058K, committed 44328K, reserved 1087488K
  class space    used 6003K, capacity 6361K, committed 6448K, reserved 1048576K
}
Event: 809.806 GC heap before
{Heap before GC invocations=15 (full 2):
 PSYoungGen      total 116736K, used 116705K [0x00000000eab00000, 0x00000000f3480000, 0x0000000100000000)
  eden space 101376K, 100% used [0x00000000eab00000,0x00000000f0e00000,0x00000000f0e00000)
  from space 15360K, 99% used [0x00000000f2100000,0x00000000f2ff84d0,0x00000000f3000000)
  to   space 19456K, 0% used [0x00000000f0e00000,0x00000000f0e00000,0x00000000f2100000)
 ParOldGen       total 95232K, used 26149K [0x00000000c0000000, 0x00000000c5d00000, 0x00000000eab00000)
  object space 95232K, 27% used [0x00000000c0000000,0x00000000c1989500,0x00000000c5d00000)
 Metaspace       used 45296K, capacity 47030K, committed 47144K, reserved 1089536K
  class space    used 6382K, capacity 6907K, committed 6960K, reserved 1048576K
Event: 809.868 GC heap after
Heap after GC invocations=15 (full 2):
 PSYoungGen      total 120832K, used 19441K [0x00000000eab00000, 0x00000000f5180000, 0x0000000100000000)
  eden space 101376K, 0% used [0x00000000eab00000,0x00000000eab00000,0x00000000f0e00000)
  from space 19456K, 99% used [0x00000000f0e00000,0x00000000f20fc4a0,0x00000000f2100000)
  to   space 23552K, 0% used [0x00000000f3a80000,0x00000000f3a80000,0x00000000f5180000)
 ParOldGen       total 95232K, used 29401K [0x00000000c0000000, 0x00000000c5d00000, 0x00000000eab00000)
  object space 95232K, 30% used [0x00000000c0000000,0x00000000c1cb6620,0x00000000c5d00000)
 Metaspace       used 45296K, capacity 47030K, committed 47144K, reserved 1089536K
  class space    used 6382K, capacity 6907K, committed 6960K, reserved 1048576K
}
Event: 3638.963 GC heap before
{Heap before GC invocations=16 (full 2):
 PSYoungGen      total 120832K, used 120817K [0x00000000eab00000, 0x00000000f5180000, 0x0000000100000000)
  eden space 101376K, 100% used [0x00000000eab00000,0x00000000f0e00000,0x00000000f0e00000)
  from space 19456K, 99% used [0x00000000f0e00000,0x00000000f20fc4a0,0x00000000f2100000)
  to   space 23552K, 0% used [0x00000000f3a80000,0x00000000f3a80000,0x00000000f5180000)
 ParOldGen       total 95232K, used 29401K [0x00000000c0000000, 0x00000000c5d00000, 0x00000000eab00000)
  object space 95232K, 30% used [0x00000000c0000000,0x00000000c1cb6620,0x00000000c5d00000)
 Metaspace       used 45956K, capacity 47862K, committed 48040K, reserved 1089536K
  class space    used 6422K, capacity 6998K, committed 7088K, reserved 1048576K
Event: 3639.002 GC heap after
Heap after GC invocations=16 (full 2):
 PSYoungGen      total 121856K, used 22657K [0x00000000eab00000, 0x00000000f5100000, 0x0000000100000000)
  eden space 98816K, 0% used [0x00000000eab00000,0x00000000eab00000,0x00000000f0b80000)
  from space 23040K, 98% used [0x00000000f3a80000,0x00000000f50a04b0,0x00000000f5100000)
  to   space 26624K, 0% used [0x00000000f1d00000,0x00000000f1d00000,0x00000000f3700000)
 ParOldGen       total 95232K, used 29409K [0x00000000c0000000, 0x00000000c5d00000, 0x00000000eab00000)
  object space 95232K, 30% used [0x00000000c0000000,0x00000000c1cb8620,0x00000000c5d00000)
 Metaspace       used 45956K, capacity 47862K, committed 48040K, reserved 1089536K
  class space    used 6422K, capacity 6998K, committed 7088K, reserved 1048576K
}

Deoptimization events (10 events):
Event: 3642.027 Thread 0x0000000018519800 Uncommon trap: reason=class_check action=maybe_recompile pc=0x000000000420f12c method=java.util.regex.Matcher.getSubSequence(II)Ljava/lang/CharSequence; @ 6
Event: 3642.033 Thread 0x0000000018517800 Uncommon trap: reason=class_check action=maybe_recompile pc=0x00000000035aafc4 method=java.io.DataInputStream.readUnsignedShort()I @ 4
Event: 3642.033 Thread 0x0000000018517800 Uncommon trap: reason=class_check action=maybe_recompile pc=0x00000000035aafc4 method=java.io.DataInputStream.readUnsignedShort()I @ 4
Event: 3642.033 Thread 0x0000000018517800 Uncommon trap: reason=class_check action=maybe_recompile pc=0x00000000035aafc4 method=java.io.DataInputStream.readUnsignedShort()I @ 4
Event: 3642.191 Thread 0x000000001851c800 Uncommon trap: reason=class_check action=maybe_recompile pc=0x0000000004609798 method=java.lang.ThreadLocal.set(Ljava/lang/Object;)V @ 26
Event: 3645.973 Thread 0x0000000018517800 Uncommon trap: reason=bimorphic action=maybe_recompile pc=0x00000000043d10ec method=java.util.HashMap.removeNode(ILjava/lang/Object;Ljava/lang/Object;ZZ)Ljava/util/HashMap$Node; @ 143
Event: 3648.689 Thread 0x0000000018517800 Uncommon trap: reason=bimorphic action=maybe_recompile pc=0x00000000043d10ec method=java.util.HashMap.removeNode(ILjava/lang/Object;Ljava/lang/Object;ZZ)Ljava/util/HashMap$Node; @ 143
Event: 3648.736 Thread 0x0000000018517800 Uncommon trap: reason=bimorphic action=maybe_recompile pc=0x00000000043d10ec method=java.util.HashMap.removeNode(ILjava/lang/Object;Ljava/lang/Object;ZZ)Ljava/util/HashMap$Node; @ 143
Event: 3648.736 Thread 0x0000000018517800 Uncommon trap: reason=bimorphic action=maybe_recompile pc=0x00000000043d10ec method=java.util.HashMap.removeNode(ILjava/lang/Object;Ljava/lang/Object;ZZ)Ljava/util/HashMap$Node; @ 143
Event: 3648.737 Thread 0x0000000018517800 Uncommon trap: reason=bimorphic action=maybe_recompile pc=0x00000000041d2e9c method=java.util.HashMap.removeNode(ILjava/lang/Object;Ljava/lang/Object;ZZ)Ljava/util/HashMap$Node; @ 143

Internal exceptions (10 events):
Event: 3642.085 Thread 0x0000000018517800 Exception <a 'java/lang/NoSuchMethodError': <clinit>> (0x00000000eea51b80) thrown at [C:\re\workspace\8-2-build-windows-amd64-cygwin\jdk8u131\8869\hotspot\src\share\vm\prims\jni.cpp, line 1613]
Event: 3642.089 Thread 0x0000000018517800 Exception <a 'java/lang/NoSuchMethodError': <clinit>> (0x00000000eea86828) thrown at [C:\re\workspace\8-2-build-windows-amd64-cygwin\jdk8u131\8869\hotspot\src\share\vm\prims\jni.cpp, line 1613]
Event: 3642.092 Thread 0x0000000018517800 Exception <a 'java/lang/NoSuchMethodError': <clinit>> (0x00000000eea91c70) thrown at [C:\re\workspace\8-2-build-windows-amd64-cygwin\jdk8u131\8869\hotspot\src\share\vm\prims\jni.cpp, line 1613]
Event: 3642.092 Thread 0x0000000018517800 Exception <a 'java/lang/NoSuchMethodError': <clinit>> (0x00000000eea93c48) thrown at [C:\re\workspace\8-2-build-windows-amd64-cygwin\jdk8u131\8869\hotspot\src\share\vm\prims\jni.cpp, line 1613]
Event: 3642.093 Thread 0x0000000018517800 Exception <a 'java/lang/NoSuchMethodError': <clinit>> (0x00000000eea9c238) thrown at [C:\re\workspace\8-2-build-windows-amd64-cygwin\jdk8u131\8869\hotspot\src\share\vm\prims\jni.cpp, line 1613]
Event: 3642.094 Thread 0x0000000018517800 Exception <a 'java/lang/NoSuchMethodError': <clinit>> (0x00000000eeaa6ad0) thrown at [C:\re\workspace\8-2-build-windows-amd64-cygwin\jdk8u131\8869\hotspot\src\share\vm\prims\jni.cpp, line 1613]
Event: 3642.098 Thread 0x0000000018517800 Exception <a 'java/lang/NoSuchMethodError': <clinit>> (0x00000000eeabfa18) thrown at [C:\re\workspace\8-2-build-windows-amd64-cygwin\jdk8u131\8869\hotspot\src\share\vm\prims\jni.cpp, line 1613]
Event: 3642.178 Thread 0x0000000018517800 Exception <a 'java/lang/NoSuchMethodError': <clinit>> (0x00000000eead36d8) thrown at [C:\re\workspace\8-2-build-windows-amd64-cygwin\jdk8u131\8869\hotspot\src\share\vm\prims\jni.cpp, line 1613]
Event: 3642.179 Thread 0x0000000018517800 Exception <a 'java/lang/NoSuchMethodError': <clinit>> (0x00000000eeadd278) thrown at [C:\re\workspace\8-2-build-windows-amd64-cygwin\jdk8u131\8869\hotspot\src\share\vm\prims\jni.cpp, line 1613]
Event: 3653.263 Thread 0x0000000018517800 Exception <a 'java/io/IOException'> (0x00000000eeb69d78) thrown at [C:\re\workspace\8-2-build-windows-amd64-cygwin\jdk8u131\8869\hotspot\src\share\vm\prims\jni.cpp, line 709]

Events (10 events):
Event: 3652.099 loading class org/gradle/internal/logging/events/StyledTextOutputEvent$Span
Event: 3652.099 loading class org/gradle/internal/logging/events/StyledTextOutputEvent$Span done
Event: 3652.310 Thread 0x0000000015707800 flushing nmethod 0x0000000003e52590
Event: 3652.568 Thread 0x0000000015707800 flushing nmethod 0x00000000041867d0
Event: 3652.575 Thread 0x0000000015707800 flushing nmethod 0x000000000469bb10
Event: 3652.575 Thread 0x0000000015707800 flushing nmethod 0x00000000046bee50
Event: 3653.264 loading class org/gradle/util/internal/LimitedDescription
Event: 3653.264 loading class org/gradle/util/internal/LimitedDescription done
Event: 3653.267 loading class com/google/common/collect/Lists$ReverseList
Event: 3653.267 loading class com/google/common/collect/Lists$ReverseList done


Dynamic libraries:
0x00007ff7c20a0000 - 0x00007ff7c20d7000 	C:\Program Files\Java\jdk1.8.0_131\bin\java.exe
0x00007ffd34590000 - 0x00007ffd34752000 	C:\Windows\SYSTEM32\ntdll.dll
0x00007ffd32950000 - 0x00007ffd329fd000 	C:\Windows\system32\KERNEL32.DLL
0x00007ffd31650000 - 0x00007ffd3182d000 	C:\Windows\system32\KERNELBASE.dll
0x00007ffd32150000 - 0x00007ffd321f6000 	C:\Windows\system32\ADVAPI32.dll
0x00007ffd31fa0000 - 0x00007ffd3203d000 	C:\Windows\system32\msvcrt.dll
0x00007ffd320a0000 - 0x00007ffd320fb000 	C:\Windows\system32\sechost.dll
0x00007ffd323b0000 - 0x00007ffd324d6000 	C:\Windows\system32\RPCRT4.dll
0x00007ffd34240000 - 0x00007ffd3438e000 	C:\Windows\system32\USER32.dll
0x00007ffd34400000 - 0x00007ffd34586000 	C:\Windows\system32\GDI32.dll
0x00007ffd1cfb0000 - 0x00007ffd1d224000 	C:\Windows\WinSxS\amd64_microsoft.windows.common-controls_6595b64144ccf1df_6.0.10240.16384_none_f41f7b285750ef43\COMCTL32.dll
0x00007ffd32100000 - 0x00007ffd32136000 	C:\Windows\system32\IMM32.DLL
0x00007ffd34020000 - 0x00007ffd3417c000 	C:\Windows\system32\MSCTF.dll
0x0000000062fa0000 - 0x0000000063072000 	C:\Program Files\Java\jdk1.8.0_131\jre\bin\msvcr100.dll
0x0000000062700000 - 0x0000000062f9c000 	C:\Program Files\Java\jdk1.8.0_131\jre\bin\server\jvm.dll
0x00007ffd31cf0000 - 0x00007ffd31cf8000 	C:\Windows\system32\PSAPI.DLL
0x00007ffd2f280000 - 0x00007ffd2f2a3000 	C:\Windows\SYSTEM32\WINMM.dll
0x00007ffd2ddc0000 - 0x00007ffd2ddca000 	C:\Windows\SYSTEM32\VERSION.dll
0x00007ffd28730000 - 0x00007ffd28739000 	C:\Windows\SYSTEM32\WSOCK32.dll
0x00007ffd328e0000 - 0x00007ffd32949000 	C:\Windows\system32\WS2_32.dll
0x0000000002d50000 - 0x0000000002d7c000 	C:\Windows\SYSTEM32\WINMMBASE.dll
0x00007ffd32140000 - 0x00007ffd32148000 	C:\Windows\system32\NSI.dll
0x00007ffd31830000 - 0x00007ffd31874000 	C:\Windows\system32\cfgmgr32.dll
0x00007ffd2f8f0000 - 0x00007ffd2f917000 	C:\Windows\SYSTEM32\DEVOBJ.dll
0x00000000626f0000 - 0x00000000626ff000 	C:\Program Files\Java\jdk1.8.0_131\jre\bin\verify.dll
0x00000000626c0000 - 0x00000000626e9000 	C:\Program Files\Java\jdk1.8.0_131\jre\bin\java.dll
0x00000000626a0000 - 0x00000000626b6000 	C:\Program Files\Java\jdk1.8.0_131\jre\bin\zip.dll
0x00007ffd32a00000 - 0x00007ffd33f68000 	C:\Windows\system32\SHELL32.dll
0x00007ffd31020000 - 0x00007ffd31648000 	C:\Windows\system32\windows.storage.dll
0x00007ffd31d00000 - 0x00007ffd31f7c000 	C:\Windows\system32\combase.dll
0x00007ffd31c90000 - 0x00007ffd31ce1000 	C:\Windows\system32\shlwapi.dll
0x00007ffd30ff0000 - 0x00007ffd30fff000 	C:\Windows\system32\kernel.appcore.dll
0x00007ffd31880000 - 0x00007ffd31933000 	C:\Windows\system32\shcore.dll
0x00007ffd30fa0000 - 0x00007ffd30fea000 	C:\Windows\system32\powrprof.dll
0x00007ffd31000000 - 0x00007ffd31013000 	C:\Windows\system32\profapi.dll
0x00007ffd34180000 - 0x00007ffd3423e000 	C:\Windows\system32\OLEAUT32.dll
0x0000000062680000 - 0x000000006269a000 	C:\Program Files\Java\jdk1.8.0_131\jre\bin\net.dll
0x00007ffd307f0000 - 0x00007ffd3084d000 	C:\Windows\system32\mswsock.dll
0x0000000062660000 - 0x0000000062671000 	C:\Program Files\Java\jdk1.8.0_131\jre\bin\nio.dll
0x00007ffd1f950000 - 0x00007ffd1f96e000 	C:\Users\Roshanak\.gradle\native\25\windows-amd64\native-platform.dll
0x00007ffd30850000 - 0x00007ffd30867000 	C:\Windows\SYSTEM32\CRYPTSP.dll
0x00007ffd30ac0000 - 0x00007ffd30ae8000 	C:\Windows\SYSTEM32\bcrypt.dll
0x00007ffd304a0000 - 0x00007ffd304d3000 	C:\Windows\system32\rsaenh.dll
0x00007ffd30590000 - 0x00007ffd305af000 	C:\Windows\SYSTEM32\USERENV.dll
0x00007ffd30dd0000 - 0x00007ffd30e3b000 	C:\Windows\system32\bcryptprimitives.dll
0x00007ffd309c0000 - 0x00007ffd309cb000 	C:\Windows\SYSTEM32\CRYPTBASE.dll
0x00007ffd2e030000 - 0x00007ffd2e068000 	C:\Windows\SYSTEM32\IPHLPAPI.DLL
0x00007ffd2dea0000 - 0x00007ffd2deab000 	C:\Windows\SYSTEM32\WINNSI.DLL
0x00007ffd28fe0000 - 0x00007ffd28ff6000 	C:\Windows\SYSTEM32\dhcpcsvc6.DLL
0x00007ffd28fc0000 - 0x00007ffd28fda000 	C:\Windows\SYSTEM32\dhcpcsvc.DLL
0x0000000062650000 - 0x000000006265d000 	C:\Program Files\Java\jdk1.8.0_131\jre\bin\management.dll
0x0000000062620000 - 0x0000000062644000 	C:\Program Files\Java\jdk1.8.0_131\jre\bin\sunec.dll
0x0000000062610000 - 0x000000006261b000 	C:\Program Files\Java\jdk1.8.0_131\jre\bin\sunmscapi.dll
0x00007ffd319f0000 - 0x00007ffd31bb1000 	C:\Windows\system32\CRYPT32.dll
0x00007ffd30f80000 - 0x00007ffd30f91000 	C:\Windows\system32\MSASN1.dll
0x00007ffd305b0000 - 0x00007ffd30658000 	C:\Windows\SYSTEM32\DNSAPI.dll
0x00007ffd1ce00000 - 0x00007ffd1ce0a000 	C:\Windows\System32\rasadhlp.dll
0x00007ffd29150000 - 0x00007ffd291b8000 	C:\Windows\System32\fwpuclnt.dll
0x00007ffd16d60000 - 0x00007ffd16d75000 	C:\Windows\system32\napinsp.dll
0x00007ffd16d80000 - 0x00007ffd16d9a000 	C:\Windows\system32\pnrpnsp.dll
0x00007ffd2eaa0000 - 0x00007ffd2eab8000 	C:\Windows\system32\NLAapi.dll
0x00007ffd18310000 - 0x00007ffd1831d000 	C:\Windows\System32\winrnr.dll
0x00007ffd16da0000 - 0x00007ffd16db5000 	C:\Windows\system32\wshbth.dll

VM Arguments:
jvm_args: -XX:MaxPermSize=256m -XX:+HeapDumpOnOutOfMemoryError -Xmx1024m -Dfile.encoding=windows-1252 -Duser.country=US -Duser.language=en -Duser.variant 
java_command: org.gradle.launcher.daemon.bootstrap.GradleDaemon 4.0.2
java_class_path (initial): C:\gradle\gradle-4.0.2\lib\gradle-launcher-4.0.2.jar
Launcher Type: SUN_STANDARD

Environment Variables:
PATH=C:\Users\Roshanak\bin;C:\Program Files\Git\mingw64\bin;C:\Program Files\Git\usr\local\bin;C:\Program Files\Git\usr\bin;C:\Program Files\Git\usr\bin;C:\Program Files\Git\mingw64\bin;C:\Program Files\Git\usr\bin;C:\Users\Roshanak\bin;C:\ProgramData\Oracle\Java\javapath;C:\WINDOWS\system32;C:\Program Files (x86)\Skype\Phone;C:\Program Files\PuTTY;C:\Program Files\Git\cmd;C:\Program Files\Java\jdk1.8.0_131\bin;C:\gradle\gradle-4.0.2\bin;C:\Program Files\Java\jdk1.8.0_121\bin;C:\Program Files (x86)\Microsoft VS Code\bin;C:\Program Files\Git\usr\bin\vendor_perl;C:\Program Files\Git\usr\bin\core_perl
USERNAME=Roshanak
SHELL=C:\Program Files\Git\usr\bin\bash.exe
DISPLAY=needs-to-be-defined
OS=Windows_NT
PROCESSOR_IDENTIFIER=Intel64 Family 6 Model 37 Stepping 5, GenuineIntel



---------------  S Y S T E M  ---------------

OS: Windows 10.0 , 64 bit Build 10240 (10.0.10240.16384)

CPU:total 4 (initial active 4) (2 cores per cpu, 2 threads per core) family 6 model 37 stepping 5, cmov, cx8, fxsr, mmx, sse, sse2, sse3, ssse3, sse4.1, sse4.2, popcnt, ht, tsc, tscinvbit

Memory: 4k page, physical 8248196k(2032444k free), swap 8248196k(5424k free)

vm_info: Java HotSpot(TM) 64-Bit Server VM (25.131-b11) for windows-amd64 JRE (1.8.0_131-b11), built on Mar 15 2017 01:23:53 by "java_re" with MS VC++ 10.0 (VS2010)

time: Fri Aug 11 22:28:09 2017
elapsed time: 3653 seconds (0d 1h 0m 53s)

