#
# There is insufficient memory for the Java Runtime Environment to continue.
# Native memory allocation (malloc) failed to allocate 740736 bytes for Chunk::new
# Possible reasons:
#   The system is out of physical RAM or swap space
#   In 32 bit mode, the process size limit was hit
# Possible solutions:
#   Reduce memory load on the system
#   Increase physical memory or swap space
#   Check if swap backing store is full
#   Use 64 bit Java on a 64 bit OS
#   Decrease Java heap size (-Xmx/-Xms)
#   Decrease number of Java threads
#   Decrease Java thread stack sizes (-Xss)
#   Set larger code cache with -XX:ReservedCodeCacheSize=
# This output file may be truncated or incomplete.
#
#  Out of Memory Error (allocation.cpp:390), pid=10488, tid=0x0000000000001abc
#
# JRE version: Java(TM) SE Runtime Environment (8.0_131-b11) (build 1.8.0_131-b11)
# Java VM: Java HotSpot(TM) 64-Bit Server VM (25.131-b11 mixed mode windows-amd64 compressed oops)
# Failed to write core dump. Minidumps are not enabled by default on client versions of Windows
#

---------------  T H R E A D  ---------------

Current thread (0x0000000017aa5000):  JavaThread "C2 CompilerThread1" daemon [_thread_in_native, id=6844, stack(0x0000000019100000,0x0000000019200000)]

Stack: [0x0000000019100000,0x0000000019200000]
[error occurred during error reporting (printing stack bounds), id 0xc0000005]

Native frames: (J=compiled Java code, j=interpreted, Vv=VM code, C=native code)


Current CompileTask:
C2:  16413 3594   !   4       org.eclipse.jetty.util.resource.Resource::newResource (121 bytes)


---------------  P R O C E S S  ---------------

Java Threads: ( => current thread )
  0x0000000025ed0800 JavaThread "SeedGenerator Thread" daemon [_thread_blocked, id=4228, stack(0x0000000026e10000,0x0000000026f10000)]
  0x0000000025ed4000 JavaThread "SeedGenerator Thread" daemon [_thread_blocked, id=11016, stack(0x0000000026d10000,0x0000000026e10000)]
  0x0000000025ed4800 JavaThread "SeedGenerator Thread" daemon [_thread_blocked, id=11344, stack(0x000000001e6f0000,0x000000001e7f0000)]
  0x0000000025ed6000 JavaThread "qtp1885562991-59" [_thread_blocked, id=2216, stack(0x000000001d420000,0x000000001d520000)]
  0x0000000025ed0000 JavaThread "qtp1885562991-58" [_thread_blocked, id=4744, stack(0x000000001d320000,0x000000001d420000)]
  0x0000000025ed5800 JavaThread "qtp1885562991-57" [_thread_blocked, id=9788, stack(0x000000001d220000,0x000000001d320000)]
  0x00000000257d1000 JavaThread "qtp1885562991-56" [_thread_blocked, id=9844, stack(0x000000001d120000,0x000000001d220000)]
  0x00000000257cf800 JavaThread "qtp1885562991-55" [_thread_blocked, id=12200, stack(0x000000001d020000,0x000000001d120000)]
  0x00000000257d0000 JavaThread "qtp1885562991-54" [_thread_blocked, id=6456, stack(0x000000001cf20000,0x000000001d020000)]
  0x00000000257d3000 JavaThread "qtp1885562991-53" [_thread_blocked, id=8196, stack(0x000000001b6f0000,0x000000001b7f0000)]
  0x00000000257d6000 JavaThread "qtp1885562991-52" [_thread_in_native, id=13564, stack(0x000000001c9e0000,0x000000001cae0000)]
  0x00000000257d2800 JavaThread "SeedGenerator Thread" daemon [_thread_blocked, id=9472, stack(0x0000000020a80000,0x0000000020b80000)]
  0x0000000017afe000 JavaThread "Service Thread" daemon [_thread_blocked, id=13600, stack(0x0000000019700000,0x0000000019800000)]
  0x0000000017aad800 JavaThread "C1 CompilerThread2" daemon [_thread_blocked, id=6024, stack(0x0000000019200000,0x0000000019300000)]
=>0x0000000017aa5000 JavaThread "C2 CompilerThread1" daemon [_thread_in_native, id=6844, stack(0x0000000019100000,0x0000000019200000)]
  0x0000000017aa3000 JavaThread "C2 CompilerThread0" daemon [_thread_in_native, id=9524, stack(0x0000000019000000,0x0000000019100000)]
  0x0000000017a9f800 JavaThread "Attach Listener" daemon [_thread_blocked, id=14232, stack(0x0000000018f00000,0x0000000019000000)]
  0x0000000017a9e800 JavaThread "Signal Dispatcher" daemon [_thread_blocked, id=6524, stack(0x0000000018e00000,0x0000000018f00000)]
  0x0000000017a8a800 JavaThread "Finalizer" daemon [_thread_blocked, id=9772, stack(0x0000000018d00000,0x0000000018e00000)]
  0x0000000002fc3000 JavaThread "Reference Handler" daemon [_thread_blocked, id=8200, stack(0x0000000018c00000,0x0000000018d00000)]
  0x0000000002ed4800 JavaThread "main" [_thread_blocked, id=10008, stack(0x0000000002ce0000,0x0000000002de0000)]

Other Threads:
  0x0000000017a68000 VMThread [stack: 0x0000000018b00000,0x0000000018c00000] [id=6784]
  0x0000000019351800 WatcherThread [stack: 0x0000000019800000,0x0000000019900000] [id=13488]

VM state:not at safepoint (normal execution)

VM Mutex/Monitor currently owned by a thread: None

Heap:
 PSYoungGen      total 198144K, used 126173K [0x00000000d6100000, 0x00000000e9580000, 0x0000000100000000)
  eden space 178688K, 59% used [0x00000000d6100000,0x00000000dc9529b8,0x00000000e0f80000)
  from space 19456K, 99% used [0x00000000e8280000,0x00000000e9564e00,0x00000000e9580000)
  to   space 33280K, 0% used [0x00000000e5480000,0x00000000e5480000,0x00000000e7500000)
 ParOldGen       total 123392K, used 41853K [0x0000000082200000, 0x0000000089a80000, 0x00000000d6100000)
  object space 123392K, 33% used [0x0000000082200000,0x0000000084adf4e0,0x0000000089a80000)
 Metaspace       used 29562K, capacity 30408K, committed 30592K, reserved 1075200K
  class space    used 3625K, capacity 3882K, committed 3968K, reserved 1048576K

Card table byte_map: [0x0000000012390000,0x0000000012780000] byte_map_base: 0x0000000011f7f000

Marking Bits: (ParMarkBitMap*) 0x0000000062f1c720
 Begin Bits: [0x0000000012e20000, 0x0000000014d98000)
 End Bits:   [0x0000000014d98000, 0x0000000016d10000)

Polling page: 0x00000000013c0000

CodeCache: size=245760Kb used=12666Kb max_used=12676Kb free=233093Kb
 bounds [0x0000000002fd0000, 0x0000000003c60000, 0x0000000011fd0000]
 total_blobs=3902 nmethods=3225 adapters=589
 compilation: enabled

Compilation events (10 events):
Event: 16.312 Thread 0x0000000017aa5000 3593       4       java.net.URI::defineString (289 bytes)
Event: 16.313 Thread 0x0000000017aad800 nmethod 3616 0x00000000037db810 code [0x00000000037dba40, 0x00000000037dc748]
Event: 16.313 Thread 0x0000000017aad800 3617       2       org.eclipse.jetty.annotations.AnnotationParser::scanClass (28 bytes)
Event: 16.313 Thread 0x0000000017aa5000 nmethod 3593 0x00000000037da0d0 code [0x00000000037da200, 0x00000000037da278]
Event: 16.313 Thread 0x0000000017aa5000 3594   !   4       org.eclipse.jetty.util.resource.Resource::newResource (121 bytes)
Event: 16.313 Thread 0x0000000017aad800 nmethod 3617 0x0000000003996950 code [0x0000000003996ae0, 0x0000000003996eb8]
Event: 16.313 Thread 0x0000000017aad800 3618       3       org.eclipse.jetty.annotations.WebServletAnnotationHandler::handle (29 bytes)
Event: 16.314 Thread 0x0000000017aad800 nmethod 3618 0x00000000030f5610 code [0x00000000030f57a0, 0x00000000030f5bf8]
Event: 16.367 Thread 0x0000000017aad800 3621       1       org.eclipse.jetty.annotations.AnnotationParser$AbstractHandler::handle (1 bytes)
Event: 16.367 Thread 0x0000000017aad800 nmethod 3621 0x00000000030f5350 code [0x00000000030f54a0, 0x00000000030f55b0]

GC Heap History (10 events):
Event: 3.630 GC heap before
{Heap before GC invocations=3 (full 0):
 PSYoungGen      total 70656K, used 70644K [0x00000000d6100000, 0x00000000dab00000, 0x0000000100000000)
  eden space 65536K, 100% used [0x00000000d6100000,0x00000000da100000,0x00000000da100000)
  from space 5120K, 99% used [0x00000000da600000,0x00000000daafd0b0,0x00000000dab00000)
  to   space 5120K, 0% used [0x00000000da100000,0x00000000da100000,0x00000000da600000)
 ParOldGen       total 86016K, used 4278K [0x0000000082200000, 0x0000000087600000, 0x00000000d6100000)
  object space 86016K, 4% used [0x0000000082200000,0x000000008262d908,0x0000000087600000)
 Metaspace       used 18342K, capacity 18860K, committed 19072K, reserved 1067008K
  class space    used 2170K, capacity 2326K, committed 2432K, reserved 1048576K
Event: 3.665 GC heap after
Heap after GC invocations=3 (full 0):
 PSYoungGen      total 70656K, used 5104K [0x00000000d6100000, 0x00000000deb00000, 0x0000000100000000)
  eden space 65536K, 0% used [0x00000000d6100000,0x00000000d6100000,0x00000000da100000)
  from space 5120K, 99% used [0x00000000da100000,0x00000000da5fc010,0x00000000da600000)
  to   space 5120K, 0% used [0x00000000de600000,0x00000000de600000,0x00000000deb00000)
 ParOldGen       total 86016K, used 16340K [0x0000000082200000, 0x0000000087600000, 0x00000000d6100000)
  object space 86016K, 18% used [0x0000000082200000,0x00000000831f5060,0x0000000087600000)
 Metaspace       used 18342K, capacity 18860K, committed 19072K, reserved 1067008K
  class space    used 2170K, capacity 2326K, committed 2432K, reserved 1048576K
}
Event: 4.581 GC heap before
{Heap before GC invocations=4 (full 0):
 PSYoungGen      total 70656K, used 70640K [0x00000000d6100000, 0x00000000deb00000, 0x0000000100000000)
  eden space 65536K, 100% used [0x00000000d6100000,0x00000000da100000,0x00000000da100000)
  from space 5120K, 99% used [0x00000000da100000,0x00000000da5fc010,0x00000000da600000)
  to   space 5120K, 0% used [0x00000000de600000,0x00000000de600000,0x00000000deb00000)
 ParOldGen       total 86016K, used 16340K [0x0000000082200000, 0x0000000087600000, 0x00000000d6100000)
  object space 86016K, 18% used [0x0000000082200000,0x00000000831f5270,0x0000000087600000)
 Metaspace       used 19207K, capacity 19776K, committed 19840K, reserved 1067008K
  class space    used 2245K, capacity 2394K, committed 2432K, reserved 1048576K
Event: 4.629 GC heap after
Heap after GC invocations=4 (full 0):
 PSYoungGen      total 136192K, used 5088K [0x00000000d6100000, 0x00000000deb00000, 0x0000000100000000)
  eden space 131072K, 0% used [0x00000000d6100000,0x00000000d6100000,0x00000000de100000)
  from space 5120K, 99% used [0x00000000de600000,0x00000000deaf8040,0x00000000deb00000)
  to   space 5120K, 0% used [0x00000000de100000,0x00000000de100000,0x00000000de600000)
 ParOldGen       total 86016K, used 31105K [0x0000000082200000, 0x0000000087600000, 0x00000000d6100000)
  object space 86016K, 36% used [0x0000000082200000,0x0000000084060568,0x0000000087600000)
 Metaspace       used 19207K, capacity 19776K, committed 19840K, reserved 1067008K
  class space    used 2245K, capacity 2394K, committed 2432K, reserved 1048576K
}
Event: 6.046 GC heap before
{Heap before GC invocations=5 (full 0):
 PSYoungGen      total 136192K, used 115068K [0x00000000d6100000, 0x00000000deb00000, 0x0000000100000000)
  eden space 131072K, 83% used [0x00000000d6100000,0x00000000dcc67268,0x00000000de100000)
  from space 5120K, 99% used [0x00000000de600000,0x00000000deaf8040,0x00000000deb00000)
  to   space 5120K, 0% used [0x00000000de100000,0x00000000de100000,0x00000000de600000)
 ParOldGen       total 86016K, used 31105K [0x0000000082200000, 0x0000000087600000, 0x00000000d6100000)
  object space 86016K, 36% used [0x0000000082200000,0x0000000084060568,0x0000000087600000)
 Metaspace       used 20604K, capacity 21156K, committed 21296K, reserved 1069056K
  class space    used 2447K, capacity 2622K, committed 2688K, reserved 1048576K
Event: 6.131 GC heap after
Heap after GC invocations=5 (full 0):
 PSYoungGen      total 136192K, used 5104K [0x00000000d6100000, 0x00000000ea400000, 0x0000000100000000)
  eden space 131072K, 0% used [0x00000000d6100000,0x00000000d6100000,0x00000000de100000)
  from space 5120K, 99% used [0x00000000de100000,0x00000000de5fc050,0x00000000de600000)
  to   space 34304K, 0% used [0x00000000e8280000,0x00000000e8280000,0x00000000ea400000)
 ParOldGen       total 86016K, used 57620K [0x0000000082200000, 0x0000000087600000, 0x00000000d6100000)
  object space 86016K, 66% used [0x0000000082200000,0x0000000085a452a8,0x0000000087600000)
 Metaspace       used 20604K, capacity 21156K, committed 21296K, reserved 1069056K
  class space    used 2447K, capacity 2622K, committed 2688K, reserved 1048576K
}
Event: 6.131 GC heap before
{Heap before GC invocations=6 (full 1):
 PSYoungGen      total 136192K, used 5104K [0x00000000d6100000, 0x00000000ea400000, 0x0000000100000000)
  eden space 131072K, 0% used [0x00000000d6100000,0x00000000d6100000,0x00000000de100000)
  from space 5120K, 99% used [0x00000000de100000,0x00000000de5fc050,0x00000000de600000)
  to   space 34304K, 0% used [0x00000000e8280000,0x00000000e8280000,0x00000000ea400000)
 ParOldGen       total 86016K, used 57620K [0x0000000082200000, 0x0000000087600000, 0x00000000d6100000)
  object space 86016K, 66% used [0x0000000082200000,0x0000000085a452a8,0x0000000087600000)
 Metaspace       used 20604K, capacity 21156K, committed 21296K, reserved 1069056K
  class space    used 2447K, capacity 2622K, committed 2688K, reserved 1048576K
Event: 6.413 GC heap after
Heap after GC invocations=6 (full 1):
 PSYoungGen      total 136192K, used 0K [0x00000000d6100000, 0x00000000ea400000, 0x0000000100000000)
  eden space 131072K, 0% used [0x00000000d6100000,0x00000000d6100000,0x00000000de100000)
  from space 5120K, 0% used [0x00000000de100000,0x00000000de100000,0x00000000de600000)
  to   space 34304K, 0% used [0x00000000e8280000,0x00000000e8280000,0x00000000ea400000)
 ParOldGen       total 123392K, used 41836K [0x0000000082200000, 0x0000000089a80000, 0x00000000d6100000)
  object space 123392K, 33% used [0x0000000082200000,0x0000000084adb1b0,0x0000000089a80000)
 Metaspace       used 20604K, capacity 21156K, committed 21296K, reserved 1069056K
  class space    used 2447K, capacity 2622K, committed 2688K, reserved 1048576K
}
Event: 14.953 GC heap before
{Heap before GC invocations=7 (full 1):
 PSYoungGen      total 136192K, used 131072K [0x00000000d6100000, 0x00000000ea400000, 0x0000000100000000)
  eden space 131072K, 100% used [0x00000000d6100000,0x00000000de100000,0x00000000de100000)
  from space 5120K, 0% used [0x00000000de100000,0x00000000de100000,0x00000000de600000)
  to   space 34304K, 0% used [0x00000000e8280000,0x00000000e8280000,0x00000000ea400000)
 ParOldGen       total 123392K, used 41845K [0x0000000082200000, 0x0000000089a80000, 0x00000000d6100000)
  object space 123392K, 33% used [0x0000000082200000,0x0000000084add4e0,0x0000000089a80000)
 Metaspace       used 29557K, capacity 30408K, committed 30592K, reserved 1075200K
  class space    used 3625K, capacity 3882K, committed 3968K, reserved 1048576K
Event: 14.996 GC heap after
Heap after GC invocations=7 (full 1):
 PSYoungGen      total 198144K, used 19347K [0x00000000d6100000, 0x00000000e9580000, 0x0000000100000000)
  eden space 178688K, 0% used [0x00000000d6100000,0x00000000d6100000,0x00000000e0f80000)
  from space 19456K, 99% used [0x00000000e8280000,0x00000000e9564e00,0x00000000e9580000)
  to   space 33280K, 0% used [0x00000000e5480000,0x00000000e5480000,0x00000000e7500000)
 ParOldGen       total 123392K, used 41853K [0x0000000082200000, 0x0000000089a80000, 0x00000000d6100000)
  object space 123392K, 33% used [0x0000000082200000,0x0000000084adf4e0,0x0000000089a80000)
 Metaspace       used 29557K, capacity 30408K, committed 30592K, reserved 1075200K
  class space    used 3625K, capacity 3882K, committed 3968K, reserved 1048576K
}

Deoptimization events (10 events):
Event: 13.115 Thread 0x0000000002ed4800 Uncommon trap: reason=bimorphic action=maybe_recompile pc=0x0000000003acf2a4 method=java.util.regex.Pattern$BmpCharProperty.match(Ljava/util/regex/Matcher;ILjava/lang/CharSequence;)Z @ 16
Event: 13.245 Thread 0x0000000002ed4800 Uncommon trap: reason=class_check action=maybe_recompile pc=0x00000000036d63cc method=java.util.regex.Pattern$CharProperty.match(Ljava/util/regex/Matcher;ILjava/lang/CharSequence;)Z @ 18
Event: 13.245 Thread 0x0000000002ed4800 Uncommon trap: reason=class_check action=maybe_recompile pc=0x00000000036d63cc method=java.util.regex.Pattern$CharProperty.match(Ljava/util/regex/Matcher;ILjava/lang/CharSequence;)Z @ 18
Event: 13.439 Thread 0x0000000002ed4800 Uncommon trap: reason=class_check action=maybe_recompile pc=0x00000000031ba840 method=java.lang.reflect.Method.equals(Ljava/lang/Object;)Z @ 5
Event: 13.439 Thread 0x0000000002ed4800 Uncommon trap: reason=class_check action=maybe_recompile pc=0x00000000031ba840 method=java.lang.reflect.Method.equals(Ljava/lang/Object;)Z @ 5
Event: 13.604 Thread 0x0000000002ed4800 Uncommon trap: reason=unstable_if action=reinterpret pc=0x0000000003136614 method=java.util.concurrent.ConcurrentHashMap.get(Ljava/lang/Object;)Ljava/lang/Object; @ 76
Event: 13.604 Thread 0x0000000002ed4800 Uncommon trap: reason=unstable_if action=reinterpret pc=0x0000000003966a34 method=java.util.concurrent.ConcurrentHashMap.putVal(Ljava/lang/Object;Ljava/lang/Object;Z)Ljava/lang/Object; @ 195
Event: 14.049 Thread 0x0000000002ed4800 Uncommon trap: reason=class_check action=maybe_recompile pc=0x00000000036d63cc method=java.util.regex.Pattern$CharProperty.match(Ljava/util/regex/Matcher;ILjava/lang/CharSequence;)Z @ 18
Event: 14.090 Thread 0x000000001ae40800 Uncommon trap: reason=class_check action=maybe_recompile pc=0x00000000036d63cc method=java.util.regex.Pattern$CharProperty.match(Ljava/util/regex/Matcher;ILjava/lang/CharSequence;)Z @ 18
Event: 15.024 Thread 0x0000000017a8a800 Uncommon trap: reason=unstable_if action=reinterpret pc=0x00000000038f0a7c method=java.util.HashMap$HashIterator.<init>(Ljava/util/HashMap;)V @ 45

Internal exceptions (10 events):
Event: 14.135 Thread 0x0000000002ed4800 Exception <a 'java/lang/ClassNotFoundException': org/eclipse/jetty/servlet/ServletHandlerCustomizer> (0x00000000da88bf30) thrown at [C:\re\workspace\8-2-build-windows-amd64-cygwin\jdk8u131\8869\hotspot\src\share\vm\classfile\systemDictionary.cpp, line 210
Event: 14.151 Thread 0x0000000002ed4800 Exception <a 'java/lang/ClassCastException': org.eclipse.jetty.server.handler.ContextHandlerCollection cannot be cast to groovy.lang.GroovyObject> (0x00000000da909808) thrown at [C:\re\workspace\8-2-build-windows-amd64-cygwin\jdk8u131\8869\hotspot\src\sha
Event: 14.151 Thread 0x0000000002ed4800 Exception <a 'java/lang/ClassCastException': org.eclipse.jetty.server.handler.ContextHandlerCollection cannot be cast to groovy.lang.GroovyObject> (0x00000000da909d40) thrown at [C:\re\workspace\8-2-build-windows-amd64-cygwin\jdk8u131\8869\hotspot\src\sha
Event: 14.155 Thread 0x0000000002ed4800 Exception <a 'java/lang/ClassNotFoundException': groovy/json/JsonBuilderBeanInfo> (0x00000000da9324b8) thrown at [C:\re\workspace\8-2-build-windows-amd64-cygwin\jdk8u131\8869\hotspot\src\share\vm\classfile\systemDictionary.cpp, line 210]
Event: 14.155 Thread 0x0000000002ed4800 Exception <a 'java/lang/ClassNotFoundException': groovy/json/JsonBuilderCustomizer> (0x00000000da93a160) thrown at [C:\re\workspace\8-2-build-windows-amd64-cygwin\jdk8u131\8869\hotspot\src\share\vm\classfile\systemDictionary.cpp, line 210]
Event: 14.159 Thread 0x0000000002ed4800 Exception <a 'java/lang/ClassNotFoundException': org/akhikhl/gretty/ServerStartEventBeanInfo> (0x00000000da95e900) thrown at [C:\re\workspace\8-2-build-windows-amd64-cygwin\jdk8u131\8869\hotspot\src\share\vm\classfile\systemDictionary.cpp, line 210]
Event: 14.160 Thread 0x0000000002ed4800 Exception <a 'java/lang/ClassNotFoundException': org/akhikhl/gretty/ServerStartEventCustomizer> (0x00000000da968200) thrown at [C:\re\workspace\8-2-build-windows-amd64-cygwin\jdk8u131\8869\hotspot\src\share\vm\classfile\systemDictionary.cpp, line 210]
Event: 14.176 Thread 0x000000001af25800 Exception <a 'java/io/IOException'> (0x00000000da6560d8) thrown at [C:\re\workspace\8-2-build-windows-amd64-cygwin\jdk8u131\8869\hotspot\src\share\vm\prims\jni.cpp, line 709]
Event: 14.244 Thread 0x0000000002ed4800 Exception <a 'java/lang/ClassNotFoundException': sun/net/www/protocol/c/Handler> (0x00000000daa88608) thrown at [C:\re\workspace\8-2-build-windows-amd64-cygwin\jdk8u131\8869\hotspot\src\share\vm\classfile\systemDictionary.cpp, line 210]
Event: 14.577 Thread 0x0000000002ed4800 Exception <a 'java/io/FileNotFoundException'> (0x00000000dc1e2050) thrown at [C:\re\workspace\8-2-build-windows-amd64-cygwin\jdk8u131\8869\hotspot\src\share\vm\prims\jni.cpp, line 709]

Events (10 events):
Event: 15.064 Thread 0x0000000017aa5000 flushing nmethod 0x0000000003790410
Event: 15.064 Thread 0x0000000017aa5000 flushing nmethod 0x0000000003792ed0
Event: 15.065 Thread 0x0000000017aa5000 flushing nmethod 0x00000000037d6890
Event: 15.065 Thread 0x0000000017aa3000 flushing nmethod 0x00000000038a4750
Event: 15.066 Thread 0x0000000017aa3000 flushing nmethod 0x00000000038ec0d0
Event: 15.066 Thread 0x0000000017aa3000 flushing nmethod 0x000000000394ae10
Event: 15.066 Thread 0x0000000017aa3000 flushing nmethod 0x000000000395d4d0
Event: 15.067 Thread 0x0000000017aa3000 flushing nmethod 0x0000000003995210
Event: 15.067 Thread 0x0000000017aa3000 flushing nmethod 0x00000000039ec190
Event: 15.398 Thread 0x0000000025ed0800 Thread added: 0x0000000025ed0800


Dynamic libraries:
0x00007ff7c20a0000 - 0x00007ff7c20d7000 	C:\Program Files\Java\jdk1.8.0_131\bin\java.exe
0x00007ffd34590000 - 0x00007ffd34752000 	C:\Windows\SYSTEM32\ntdll.dll
0x00007ffd32950000 - 0x00007ffd329fd000 	C:\Windows\system32\KERNEL32.DLL
0x00007ffd31650000 - 0x00007ffd3182d000 	C:\Windows\system32\KERNELBASE.dll
0x00007ffd32150000 - 0x00007ffd321f6000 	C:\Windows\system32\ADVAPI32.dll
0x00007ffd31fa0000 - 0x00007ffd3203d000 	C:\Windows\system32\msvcrt.dll
0x00007ffd320a0000 - 0x00007ffd320fb000 	C:\Windows\system32\sechost.dll
0x00007ffd323b0000 - 0x00007ffd324d6000 	C:\Windows\system32\RPCRT4.dll
0x00007ffd34240000 - 0x00007ffd3438e000 	C:\Windows\system32\USER32.dll
0x00007ffd34400000 - 0x00007ffd34586000 	C:\Windows\system32\GDI32.dll
0x00007ffd1cfb0000 - 0x00007ffd1d224000 	C:\Windows\WinSxS\amd64_microsoft.windows.common-controls_6595b64144ccf1df_6.0.10240.16384_none_f41f7b285750ef43\COMCTL32.dll
0x00007ffd32100000 - 0x00007ffd32136000 	C:\Windows\system32\IMM32.DLL
0x00007ffd34020000 - 0x00007ffd3417c000 	C:\Windows\system32\MSCTF.dll
0x0000000062fa0000 - 0x0000000063072000 	C:\Program Files\Java\jdk1.8.0_131\jre\bin\msvcr100.dll
0x0000000062700000 - 0x0000000062f9c000 	C:\Program Files\Java\jdk1.8.0_131\jre\bin\server\jvm.dll
0x00007ffd31cf0000 - 0x00007ffd31cf8000 	C:\Windows\system32\PSAPI.DLL
0x00007ffd2f280000 - 0x00007ffd2f2a3000 	C:\Windows\SYSTEM32\WINMM.dll
0x00007ffd2ddc0000 - 0x00007ffd2ddca000 	C:\Windows\SYSTEM32\VERSION.dll
0x00007ffd28730000 - 0x00007ffd28739000 	C:\Windows\SYSTEM32\WSOCK32.dll
0x00007ffd328e0000 - 0x00007ffd32949000 	C:\Windows\system32\WS2_32.dll
0x00007ffd32140000 - 0x00007ffd32148000 	C:\Windows\system32\NSI.dll
0x00007ffd2f060000 - 0x00007ffd2f08c000 	C:\Windows\SYSTEM32\WINMMBASE.dll
0x00007ffd31830000 - 0x00007ffd31874000 	C:\Windows\system32\cfgmgr32.dll
0x00007ffd2f8f0000 - 0x00007ffd2f917000 	C:\Windows\SYSTEM32\DEVOBJ.dll
0x00000000626f0000 - 0x00000000626ff000 	C:\Program Files\Java\jdk1.8.0_131\jre\bin\verify.dll
0x00000000626c0000 - 0x00000000626e9000 	C:\Program Files\Java\jdk1.8.0_131\jre\bin\java.dll
0x00000000626a0000 - 0x00000000626b6000 	C:\Program Files\Java\jdk1.8.0_131\jre\bin\zip.dll
0x00007ffd32a00000 - 0x00007ffd33f68000 	C:\Windows\system32\SHELL32.dll
0x00007ffd31020000 - 0x00007ffd31648000 	C:\Windows\system32\windows.storage.dll
0x00007ffd31d00000 - 0x00007ffd31f7c000 	C:\Windows\system32\combase.dll
0x00007ffd31c90000 - 0x00007ffd31ce1000 	C:\Windows\system32\shlwapi.dll
0x00007ffd30ff0000 - 0x00007ffd30fff000 	C:\Windows\system32\kernel.appcore.dll
0x00007ffd31880000 - 0x00007ffd31933000 	C:\Windows\system32\shcore.dll
0x00007ffd30fa0000 - 0x00007ffd30fea000 	C:\Windows\system32\powrprof.dll
0x00007ffd31000000 - 0x00007ffd31013000 	C:\Windows\system32\profapi.dll
0x00007ffd34180000 - 0x00007ffd3423e000 	C:\Windows\system32\OLEAUT32.dll
0x0000000062680000 - 0x000000006269a000 	C:\Program Files\Java\jdk1.8.0_131\jre\bin\net.dll
0x00007ffd307f0000 - 0x00007ffd3084d000 	C:\Windows\system32\mswsock.dll
0x00007ffd16d60000 - 0x00007ffd16d75000 	C:\Windows\system32\napinsp.dll
0x00007ffd16d80000 - 0x00007ffd16d9a000 	C:\Windows\system32\pnrpnsp.dll
0x00007ffd2eaa0000 - 0x00007ffd2eab8000 	C:\Windows\system32\NLAapi.dll
0x00007ffd305b0000 - 0x00007ffd30658000 	C:\Windows\SYSTEM32\DNSAPI.dll
0x00007ffd18310000 - 0x00007ffd1831d000 	C:\Windows\System32\winrnr.dll
0x00007ffd16da0000 - 0x00007ffd16db5000 	C:\Windows\system32\wshbth.dll
0x00007ffd1ce00000 - 0x00007ffd1ce0a000 	C:\Windows\System32\rasadhlp.dll
0x00007ffd2e030000 - 0x00007ffd2e068000 	C:\Windows\SYSTEM32\IPHLPAPI.DLL
0x00007ffd2dea0000 - 0x00007ffd2deab000 	C:\Windows\SYSTEM32\WINNSI.DLL
0x00007ffd29150000 - 0x00007ffd291b8000 	C:\Windows\System32\fwpuclnt.dll
0x00007ffd30ac0000 - 0x00007ffd30ae8000 	C:\Windows\SYSTEM32\bcrypt.dll
0x0000000062650000 - 0x000000006265d000 	C:\Program Files\Java\jdk1.8.0_131\jre\bin\management.dll
0x0000000062620000 - 0x0000000062644000 	C:\Program Files\Java\jdk1.8.0_131\jre\bin\sunec.dll
0x00007ffd28fe0000 - 0x00007ffd28ff6000 	C:\Windows\SYSTEM32\dhcpcsvc6.DLL
0x00007ffd28fc0000 - 0x00007ffd28fda000 	C:\Windows\SYSTEM32\dhcpcsvc.DLL
0x0000000062660000 - 0x0000000062671000 	C:\Program Files\Java\jdk1.8.0_131\jre\bin\nio.dll
0x0000000062610000 - 0x000000006261b000 	C:\Program Files\Java\jdk1.8.0_131\jre\bin\sunmscapi.dll
0x00007ffd319f0000 - 0x00007ffd31bb1000 	C:\Windows\system32\CRYPT32.dll
0x00007ffd30f80000 - 0x00007ffd30f91000 	C:\Windows\system32\MSASN1.dll

VM Arguments:
jvm_args: -Djava.security.egd=file:/dev/./urandom -Dfile.encoding=windows-1252 -Duser.country=US -Duser.language=en -Duser.variant 
java_command: org.akhikhl.gretty.Runner --servicePort=11385 --statusPort=11386 --serverManagerFactory=org.akhikhl.gretty.ServerManagerFactory
java_class_path (initial): C:\Users\Roshanak\.gradle\caches\modules-2\files-2.1\org.akhikhl.gretty\gretty-runner-jetty9\2.0.0\d5765d2a96b10de69bcee02aec2486da13722e15\gretty-runner-jetty9-2.0.0.jar;C:\Users\Roshanak\.gradle\caches\modules-2\files-2.1\org.akhikhl.gretty\gretty-runner-jetty\2.0.0\9b827d6d50030a0e1ae757078045258e04bf53d5\gretty-runner-jetty-2.0.0.jar;C:\Users\Roshanak\.gradle\caches\modules-2\files-2.1\org.eclipse.jetty.websocket\javax-websocket-server-impl\9.2.22.v20170606\585c9c98840de232567001b0b942b86d7fb03b7d\javax-websocket-server-impl-9.2.22.v20170606.jar;C:\Users\Roshanak\.gradle\caches\modules-2\files-2.1\org.eclipse.jetty\jetty-annotations\9.2.22.v20170606\11f0e1247e3e15bb0ddd76cf7ba401898b4122f2\jetty-annotations-9.2.22.v20170606.jar;C:\Users\Roshanak\.gradle\caches\modules-2\files-2.1\org.eclipse.jetty\jetty-plus\9.2.22.v20170606\405532505073be1c3a939c472b3437ffbba1d004\jetty-plus-9.2.22.v20170606.jar;C:\Users\Roshanak\.gradle\caches\modules-2\files-2.1\org.eclipse.jetty\jetty-webapp\9.2.22.v20170606\1b512e26860e651567a35abd12cfa3772bc61902\jetty-webapp-9.2.22.v20170606.jar;C:\Users\Roshanak\.gradle\caches\modules-2\files-2.1\org.eclipse.jetty.websocket\websocket-server\9.2.22.v20170606\f62e43a84b2f99c142a3c4b50e4502f8495b7747\websocket-server-9.2.22.v20170606.jar;C:\Users\Roshanak\.gradle\caches\modules-2\files-2.1\org.eclipse.jetty\jetty-servlet\9.2.22.v20170606\db0b1b9965a7627e376f17af311cf01c18d20a2f\jetty-servlet-9.2.22.v20170606.jar;C:\Users\Roshanak\.gradle\caches\modules-2\files-2.1\org.eclipse.jetty\jetty-security\9.2.22.v20170606\489ec37fcbe2e7ed5d36f010cdc197c42e1181\jetty-security-9.2.22.v20170606.jar;C:\Users\Roshanak\.gradle\caches\modules-2\files-2.1\org.eclipse.jetty\jetty-server\9.2.22.v20170606\f7d36a5ee7e68a7bbd0f404af90b4c1269c65c1\jetty-server-9.2.22.v20170606.jar;C:\Users\Roshanak\.gradle\caches\modules-2\files-2.1\org.eclipse.jetty\jetty-jsp\9.2.22.v20170606\a906c7384eeaf0f33bf526a3143bc83c6b15a349\jetty-jsp-9.2.22.
Launcher Type: SUN_STANDARD

Environment Variables:
PATH=C:\Users\Roshanak\bin;C:\Program Files\Git\mingw64\bin;C:\Program Files\Git\usr\local\bin;C:\Program Files\Git\usr\bin;C:\Program Files\Git\usr\bin;C:\Program Files\Git\mingw64\bin;C:\Program Files\Git\usr\bin;C:\Users\Roshanak\bin;C:\ProgramData\Oracle\Java\javapath;C:\WINDOWS\system32;C:\Program Files (x86)\Skype\Phone;C:\Program Files\PuTTY;C:\Program Files\Git\cmd;C:\Program Files\Java\jdk1.8.0_131\bin;C:\gradle\gradle-4.0.2\bin;C:\Program Files\Java\jdk1.8.0_121\bin;C:\Program Files (x86)\Microsoft VS Code\bin;C:\Program Files\Git\usr\bin\vendor_perl;C:\Program Files\Git\usr\bin\core_perl
USERNAME=Roshanak
SHELL=C:\Program Files\Git\usr\bin\bash.exe
DISPLAY=needs-to-be-defined
OS=Windows_NT
PROCESSOR_IDENTIFIER=Intel64 Family 6 Model 37 Stepping 5, GenuineIntel



---------------  S Y S T E M  ---------------

OS: Windows 10.0 , 64 bit Build 10240 (10.0.10240.16384)

CPU:total 4 (initial active 4) (2 cores per cpu, 2 threads per core) family 6 model 37 stepping 5, cmov, cx8, fxsr, mmx, sse, sse2, sse3, ssse3, sse4.1, sse4.2, popcnt, ht, tsc, tscinvbit

Memory: 4k page, physical 8248196k(1953088k free), swap 8248196k(5344k free)

vm_info: Java HotSpot(TM) 64-Bit Server VM (25.131-b11) for windows-amd64 JRE (1.8.0_131-b11), built on Mar 15 2017 01:23:53 by "java_re" with MS VC++ 10.0 (VS2010)

time: Fri Aug 11 21:19:13 2017
elapsed time: 16 seconds (0d 0h 0m 16s)

