#
# There is insufficient memory for the Java Runtime Environment to continue.
# Native memory allocation (malloc) failed to allocate 32744 bytes for ChunkPool::allocate
# Possible reasons:
#   The system is out of physical RAM or swap space
#   In 32 bit mode, the process size limit was hit
# Possible solutions:
#   Reduce memory load on the system
#   Increase physical memory or swap space
#   Check if swap backing store is full
#   Use 64 bit Java on a 64 bit OS
#   Decrease Java heap size (-Xmx/-Xms)
#   Decrease number of Java threads
#   Decrease Java thread stack sizes (-Xss)
#   Set larger code cache with -XX:ReservedCodeCacheSize=
# This output file may be truncated or incomplete.
#
#  Out of Memory Error (allocation.cpp:273), pid=964, tid=0x000000000000208c
#
# JRE version: Java(TM) SE Runtime Environment (8.0_131-b11) (build 1.8.0_131-b11)
# Java VM: Java HotSpot(TM) 64-Bit Server VM (25.131-b11 mixed mode windows-amd64 compressed oops)
# Failed to write core dump. Minidumps are not enabled by default on client versions of Windows
#

---------------  T H R E A D  ---------------

Current thread (0x0000000017054000):  JavaThread "C2 CompilerThread0" daemon [_thread_in_native, id=8332, stack(0x0000000018680000,0x0000000018780000)]

Stack: [0x0000000018680000,0x0000000018780000]
[error occurred during error reporting (printing stack bounds), id 0xc0000005]

Native frames: (J=compiled Java code, j=interpreted, Vv=VM code, C=native code)


Current CompileTask:
C2:    606  199  s!   4       sun.misc.URLClassPath::getLoader (243 bytes)


---------------  P R O C E S S  ---------------

Java Threads: ( => current thread )
  0x00000000170ae800 JavaThread "Service Thread" daemon [_thread_blocked, id=1920, stack(0x0000000018d80000,0x0000000018e80000)]
  0x000000001705f000 JavaThread "C1 CompilerThread2" daemon [_thread_in_native, id=4148, stack(0x0000000018880000,0x0000000018980000)]
  0x0000000017056000 JavaThread "C2 CompilerThread1" daemon [_thread_in_native, id=6792, stack(0x0000000018780000,0x0000000018880000)]
=>0x0000000017054000 JavaThread "C2 CompilerThread0" daemon [_thread_in_native, id=8332, stack(0x0000000018680000,0x0000000018780000)]
  0x0000000017051000 JavaThread "Attach Listener" daemon [_thread_blocked, id=9640, stack(0x0000000018580000,0x0000000018680000)]
  0x000000001704f800 JavaThread "Signal Dispatcher" daemon [_thread_blocked, id=2244, stack(0x0000000018480000,0x0000000018580000)]
  0x000000001703a800 JavaThread "Finalizer" daemon [_thread_blocked, id=4896, stack(0x00000000182a0000,0x00000000183a0000)]
  0x0000000002543000 JavaThread "Reference Handler" daemon [_thread_blocked, id=4016, stack(0x00000000181a0000,0x00000000182a0000)]
  0x0000000002454800 JavaThread "main" [_thread_in_vm, id=5508, stack(0x0000000002350000,0x0000000002450000)]

Other Threads:
  0x0000000017018000 VMThread [stack: 0x00000000180a0000,0x00000000181a0000] [id=11496]
  0x00000000189d1800 WatcherThread [stack: 0x0000000018e80000,0x0000000018f80000] [id=5960]

VM state:not at safepoint (normal execution)

VM Mutex/Monitor currently owned by a thread: None

Heap:
 PSYoungGen      total 37888K, used 11019K [0x00000000d6100000, 0x00000000d8b00000, 0x0000000100000000)
  eden space 32768K, 33% used [0x00000000d6100000,0x00000000d6bc2dd8,0x00000000d8100000)
  from space 5120K, 0% used [0x00000000d8600000,0x00000000d8600000,0x00000000d8b00000)
  to   space 5120K, 0% used [0x00000000d8100000,0x00000000d8100000,0x00000000d8600000)
 ParOldGen       total 86016K, used 0K [0x0000000082200000, 0x0000000087600000, 0x00000000d6100000)
  object space 86016K, 0% used [0x0000000082200000,0x0000000082200000,0x0000000087600000)
 Metaspace       used 5454K, capacity 6004K, committed 6272K, reserved 1056768K
  class space    used 570K, capacity 624K, committed 640K, reserved 1048576K

Card table byte_map: [0x0000000011910000,0x0000000011d00000] byte_map_base: 0x00000000114ff000

Marking Bits: (ParMarkBitMap*) 0x000000006239c720
 Begin Bits: [0x00000000123a0000, 0x0000000014318000)
 End Bits:   [0x0000000014318000, 0x0000000016290000)

Polling page: 0x0000000000b60000

CodeCache: size=245760Kb used=1749Kb max_used=1749Kb free=244010Kb
 bounds [0x0000000002550000, 0x00000000027c0000, 0x0000000011550000]
 total_blobs=599 nmethods=348 adapters=165
 compilation: enabled

Compilation events (10 events):
Event: 0.532 Thread 0x000000001705f000 nmethod 269 0x00000000026ddd50 code [0x00000000026ddf00, 0x00000000026de398]
Event: 0.532 Thread 0x000000001705f000  270       3       org.codehaus.groovy.util.LockableObject::lock (25 bytes)
Event: 0.533 Thread 0x000000001705f000 nmethod 270 0x00000000026de590 code [0x00000000026de740, 0x00000000026deeb8]
Event: 0.533 Thread 0x000000001705f000  272       3       java.util.ArrayList$Itr::next (66 bytes)
Event: 0.533 Thread 0x000000001705f000 nmethod 272 0x00000000026df0d0 code [0x00000000026df280, 0x00000000026df728]
Event: 0.533 Thread 0x000000001705f000  273       3       java.util.ArrayList$Itr::checkForComodification (23 bytes)
Event: 0.533 Thread 0x000000001705f000 nmethod 273 0x00000000026df990 code [0x00000000026dfb00, 0x00000000026dfd28]
Event: 0.533 Thread 0x000000001705f000  274       3       org.codehaus.groovy.reflection.GeneratedMetaMethod$Proxy::<init> (16 bytes)
Event: 0.533 Thread 0x000000001705f000 nmethod 274 0x00000000026dfe10 code [0x00000000026dff80, 0x00000000026e02b0]
Event: 0.533 Thread 0x000000001705f000  275       3       org.codehaus.groovy.reflection.GeneratedMetaMethod::<init> (26 bytes)

GC Heap History (0 events):
No events

Deoptimization events (1 events):
Event: 0.463 Thread 0x0000000002454800 Uncommon trap: reason=unstable_if action=reinterpret pc=0x00000000026b206c method=java.io.BufferedInputStream.read()I @ 8

Internal exceptions (6 events):
Event: 0.037 Thread 0x0000000002454800 Exception <a 'java/lang/NoSuchMethodError': Method sun.misc.Unsafe.defineClass(Ljava/lang/String;[BII)Ljava/lang/Class; name or signature does not match> (0x00000000d6107ca8) thrown at [C:\re\workspace\8-2-build-windows-amd64-cygwin\jdk8u131\8869\hotspot\
Event: 0.037 Thread 0x0000000002454800 Exception <a 'java/lang/NoSuchMethodError': Method sun.misc.Unsafe.prefetchRead(Ljava/lang/Object;J)V name or signature does not match> (0x00000000d6107f90) thrown at [C:\re\workspace\8-2-build-windows-amd64-cygwin\jdk8u131\8869\hotspot\src\share\vm\prims
Event: 0.435 Thread 0x0000000002454800 Exception <a 'java/security/PrivilegedActionException'> (0x00000000d6489a48) thrown at [C:\re\workspace\8-2-build-windows-amd64-cygwin\jdk8u131\8869\hotspot\src\share\vm\prims\jvm.cpp, line 1390]
Event: 0.435 Thread 0x0000000002454800 Exception <a 'java/security/PrivilegedActionException'> (0x00000000d6489c58) thrown at [C:\re\workspace\8-2-build-windows-amd64-cygwin\jdk8u131\8869\hotspot\src\share\vm\prims\jvm.cpp, line 1390]
Event: 0.436 Thread 0x0000000002454800 Exception <a 'java/security/PrivilegedActionException'> (0x00000000d648db68) thrown at [C:\re\workspace\8-2-build-windows-amd64-cygwin\jdk8u131\8869\hotspot\src\share\vm\prims\jvm.cpp, line 1390]
Event: 0.436 Thread 0x0000000002454800 Exception <a 'java/security/PrivilegedActionException'> (0x00000000d648dd78) thrown at [C:\re\workspace\8-2-build-windows-amd64-cygwin\jdk8u131\8869\hotspot\src\share\vm\prims\jvm.cpp, line 1390]

Events (10 events):
Event: 0.527 loading class java/util/concurrent/TimeUnit
Event: 0.527 loading class java/util/concurrent/TimeUnit done
Event: 0.528 loading class org/codehaus/groovy/ast/ClassNode
Event: 0.528 loading class org/codehaus/groovy/ast/ClassNode done
Event: 0.529 loading class groovyjarjarasm/asm/Opcodes
Event: 0.529 loading class groovyjarjarasm/asm/Opcodes done
Event: 0.530 loading class org/codehaus/groovy/ast/AnnotatedNode
Event: 0.530 loading class org/codehaus/groovy/ast/AnnotatedNode done
Event: 0.530 loading class org/codehaus/groovy/ast/ASTNode
Event: 0.530 loading class org/codehaus/groovy/ast/ASTNode done


Dynamic libraries:
0x00007ff6dcdd0000 - 0x00007ff6dce07000 	C:\Program Files\Java\jdk1.8.0_131\bin\java.exe
0x00007ffd34590000 - 0x00007ffd34752000 	C:\Windows\SYSTEM32\ntdll.dll
0x00007ffd32950000 - 0x00007ffd329fd000 	C:\Windows\system32\KERNEL32.DLL
0x00007ffd31650000 - 0x00007ffd3182d000 	C:\Windows\system32\KERNELBASE.dll
0x00007ffd32150000 - 0x00007ffd321f6000 	C:\Windows\system32\ADVAPI32.dll
0x00007ffd31fa0000 - 0x00007ffd3203d000 	C:\Windows\system32\msvcrt.dll
0x00007ffd320a0000 - 0x00007ffd320fb000 	C:\Windows\system32\sechost.dll
0x00007ffd323b0000 - 0x00007ffd324d6000 	C:\Windows\system32\RPCRT4.dll
0x00007ffd34240000 - 0x00007ffd3438e000 	C:\Windows\system32\USER32.dll
0x00007ffd34400000 - 0x00007ffd34586000 	C:\Windows\system32\GDI32.dll
0x00007ffd1cfb0000 - 0x00007ffd1d224000 	C:\Windows\WinSxS\amd64_microsoft.windows.common-controls_6595b64144ccf1df_6.0.10240.16384_none_f41f7b285750ef43\COMCTL32.dll
0x00007ffd32100000 - 0x00007ffd32136000 	C:\Windows\system32\IMM32.DLL
0x00007ffd34020000 - 0x00007ffd3417c000 	C:\Windows\system32\MSCTF.dll
0x0000000063300000 - 0x00000000633d2000 	C:\Program Files\Java\jdk1.8.0_131\jre\bin\msvcr100.dll
0x0000000061b80000 - 0x000000006241c000 	C:\Program Files\Java\jdk1.8.0_131\jre\bin\server\jvm.dll
0x00007ffd31cf0000 - 0x00007ffd31cf8000 	C:\Windows\system32\PSAPI.DLL
0x00007ffd2f280000 - 0x00007ffd2f2a3000 	C:\Windows\SYSTEM32\WINMM.dll
0x00007ffd25f30000 - 0x00007ffd25f39000 	C:\Windows\SYSTEM32\WSOCK32.dll
0x00007ffd2ddc0000 - 0x00007ffd2ddca000 	C:\Windows\SYSTEM32\VERSION.dll
0x00000000022e0000 - 0x000000000230c000 	C:\Windows\SYSTEM32\WINMMBASE.dll
0x00007ffd328e0000 - 0x00007ffd32949000 	C:\Windows\system32\WS2_32.dll
0x00007ffd31830000 - 0x00007ffd31874000 	C:\Windows\system32\cfgmgr32.dll
0x00007ffd32140000 - 0x00007ffd32148000 	C:\Windows\system32\NSI.dll
0x00007ffd2f8f0000 - 0x00007ffd2f917000 	C:\Windows\SYSTEM32\DEVOBJ.dll
0x0000000063210000 - 0x000000006321f000 	C:\Program Files\Java\jdk1.8.0_131\jre\bin\verify.dll
0x00000000631e0000 - 0x0000000063209000 	C:\Program Files\Java\jdk1.8.0_131\jre\bin\java.dll
0x00000000631c0000 - 0x00000000631d6000 	C:\Program Files\Java\jdk1.8.0_131\jre\bin\zip.dll
0x00007ffd32a00000 - 0x00007ffd33f68000 	C:\Windows\system32\SHELL32.dll
0x00007ffd31020000 - 0x00007ffd31648000 	C:\Windows\system32\windows.storage.dll
0x00007ffd31d00000 - 0x00007ffd31f7c000 	C:\Windows\system32\combase.dll
0x00007ffd31c90000 - 0x00007ffd31ce1000 	C:\Windows\system32\shlwapi.dll
0x00007ffd30ff0000 - 0x00007ffd30fff000 	C:\Windows\system32\kernel.appcore.dll
0x00007ffd31880000 - 0x00007ffd31933000 	C:\Windows\system32\shcore.dll
0x00007ffd30fa0000 - 0x00007ffd30fea000 	C:\Windows\system32\powrprof.dll
0x00007ffd31000000 - 0x00007ffd31013000 	C:\Windows\system32\profapi.dll
0x00007ffd34180000 - 0x00007ffd3423e000 	C:\Windows\system32\OLEAUT32.dll

VM Arguments:
jvm_args: -Djava.security.egd=file:/dev/./urandom -Dfile.encoding=windows-1252 -Duser.country=US -Duser.language=en -Duser.variant 
java_command: org.akhikhl.gretty.Runner --servicePort=12856 --statusPort=12857 --serverManagerFactory=org.akhikhl.gretty.ServerManagerFactory
java_class_path (initial): C:\Users\Roshanak\.gradle\caches\modules-2\files-2.1\org.akhikhl.gretty\gretty-runner-jetty9\2.0.0\d5765d2a96b10de69bcee02aec2486da13722e15\gretty-runner-jetty9-2.0.0.jar;C:\Users\Roshanak\.gradle\caches\modules-2\files-2.1\org.akhikhl.gretty\gretty-runner-jetty\2.0.0\9b827d6d50030a0e1ae757078045258e04bf53d5\gretty-runner-jetty-2.0.0.jar;C:\Users\Roshanak\.gradle\caches\modules-2\files-2.1\org.eclipse.jetty.websocket\javax-websocket-server-impl\9.2.22.v20170606\585c9c98840de232567001b0b942b86d7fb03b7d\javax-websocket-server-impl-9.2.22.v20170606.jar;C:\Users\Roshanak\.gradle\caches\modules-2\files-2.1\org.eclipse.jetty\jetty-annotations\9.2.22.v20170606\11f0e1247e3e15bb0ddd76cf7ba401898b4122f2\jetty-annotations-9.2.22.v20170606.jar;C:\Users\Roshanak\.gradle\caches\modules-2\files-2.1\org.eclipse.jetty\jetty-plus\9.2.22.v20170606\405532505073be1c3a939c472b3437ffbba1d004\jetty-plus-9.2.22.v20170606.jar;C:\Users\Roshanak\.gradle\caches\modules-2\files-2.1\org.eclipse.jetty\jetty-webapp\9.2.22.v20170606\1b512e26860e651567a35abd12cfa3772bc61902\jetty-webapp-9.2.22.v20170606.jar;C:\Users\Roshanak\.gradle\caches\modules-2\files-2.1\org.eclipse.jetty.websocket\websocket-server\9.2.22.v20170606\f62e43a84b2f99c142a3c4b50e4502f8495b7747\websocket-server-9.2.22.v20170606.jar;C:\Users\Roshanak\.gradle\caches\modules-2\files-2.1\org.eclipse.jetty\jetty-servlet\9.2.22.v20170606\db0b1b9965a7627e376f17af311cf01c18d20a2f\jetty-servlet-9.2.22.v20170606.jar;C:\Users\Roshanak\.gradle\caches\modules-2\files-2.1\org.eclipse.jetty\jetty-security\9.2.22.v20170606\489ec37fcbe2e7ed5d36f010cdc197c42e1181\jetty-security-9.2.22.v20170606.jar;C:\Users\Roshanak\.gradle\caches\modules-2\files-2.1\org.eclipse.jetty\jetty-server\9.2.22.v20170606\f7d36a5ee7e68a7bbd0f404af90b4c1269c65c1\jetty-server-9.2.22.v20170606.jar;C:\Users\Roshanak\.gradle\caches\modules-2\files-2.1\org.eclipse.jetty\jetty-jsp\9.2.22.v20170606\a906c7384eeaf0f33bf526a3143bc83c6b15a349\jetty-jsp-9.2.22.
Launcher Type: SUN_STANDARD

Environment Variables:
PATH=C:\Users\Roshanak\bin;C:\Program Files\Git\mingw64\bin;C:\Program Files\Git\usr\local\bin;C:\Program Files\Git\usr\bin;C:\Program Files\Git\usr\bin;C:\Program Files\Git\mingw64\bin;C:\Program Files\Git\usr\bin;C:\Users\Roshanak\bin;C:\ProgramData\Oracle\Java\javapath;C:\WINDOWS\system32;C:\Program Files (x86)\Skype\Phone;C:\Program Files\PuTTY;C:\Program Files\Git\cmd;C:\Program Files\Java\jdk1.8.0_131\bin;C:\gradle\gradle-4.0.2\bin;C:\Program Files\Java\jdk1.8.0_121\bin;C:\Program Files (x86)\Microsoft VS Code\bin;C:\Program Files\Git\usr\bin\vendor_perl;C:\Program Files\Git\usr\bin\core_perl
USERNAME=Roshanak
SHELL=C:\Program Files\Git\usr\bin\bash.exe
DISPLAY=needs-to-be-defined
OS=Windows_NT
PROCESSOR_IDENTIFIER=Intel64 Family 6 Model 37 Stepping 5, GenuineIntel



---------------  S Y S T E M  ---------------

OS: Windows 10.0 , 64 bit Build 10240 (10.0.10240.16384)

CPU:total 4 (initial active 4) (2 cores per cpu, 2 threads per core) family 6 model 37 stepping 5, cmov, cx8, fxsr, mmx, sse, sse2, sse3, ssse3, sse4.1, sse4.2, popcnt, ht, tsc, tscinvbit

Memory: 4k page, physical 8248196k(1725948k free), swap 8248196k(1748k free)

vm_info: Java HotSpot(TM) 64-Bit Server VM (25.131-b11) for windows-amd64 JRE (1.8.0_131-b11), built on Mar 15 2017 01:23:53 by "java_re" with MS VC++ 10.0 (VS2010)

time: Sat Aug 05 12:09:19 2017
elapsed time: 0 seconds (0d 0h 0m 0s)

